[2025-11-19T12:21:52.438+0000] {local_task_job_runner.py:120} INFO - ::group::Pre task execution logs
[2025-11-19T12:21:52.479+0000] {taskinstance.py:2076} INFO - Dependencies all met for dep_context=non-requeueable deps ti=<TaskInstance: dbt_finance.dbt_docs_generate manual__2025-11-19T12:08:21.354688+00:00 [queued]>
[2025-11-19T12:21:52.492+0000] {taskinstance.py:2076} INFO - Dependencies all met for dep_context=requeueable deps ti=<TaskInstance: dbt_finance.dbt_docs_generate manual__2025-11-19T12:08:21.354688+00:00 [queued]>
[2025-11-19T12:21:52.493+0000] {taskinstance.py:2306} INFO - Starting attempt 1 of 2
[2025-11-19T12:21:52.509+0000] {taskinstance.py:2330} INFO - Executing <Task(BashOperator): dbt_docs_generate> on 2025-11-19 12:08:21.354688+00:00
[2025-11-19T12:21:52.517+0000] {logging_mixin.py:188} WARNING - /home/***/.local/lib/python3.12/site-packages/***/task/task_runner/standard_task_runner.py:62 DeprecationWarning: This process (pid=416) is multi-threaded, use of fork() may lead to deadlocks in the child.
[2025-11-19T12:21:52.518+0000] {standard_task_runner.py:64} INFO - Started process 417 to run task
[2025-11-19T12:21:52.517+0000] {standard_task_runner.py:90} INFO - Running: ['***', 'tasks', 'run', 'dbt_finance', 'dbt_docs_generate', 'manual__2025-11-19T12:08:21.354688+00:00', '--job-id', '38', '--raw', '--subdir', 'DAGS_FOLDER/dbt_finance.py', '--cfg-path', '/tmp/tmpdf5becbc']
[2025-11-19T12:21:52.519+0000] {standard_task_runner.py:91} INFO - Job 38: Subtask dbt_docs_generate
[2025-11-19T12:21:52.581+0000] {task_command.py:426} INFO - Running <TaskInstance: dbt_finance.dbt_docs_generate manual__2025-11-19T12:08:21.354688+00:00 [running]> on host 51d2cd8bcdaf
[2025-11-19T12:21:52.687+0000] {taskinstance.py:2648} INFO - Exporting env vars: AIRFLOW_CTX_DAG_OWNER='tam.dang' AIRFLOW_CTX_DAG_ID='dbt_finance' AIRFLOW_CTX_TASK_ID='dbt_docs_generate' AIRFLOW_CTX_EXECUTION_DATE='2025-11-19T12:08:21.354688+00:00' AIRFLOW_CTX_TRY_NUMBER='1' AIRFLOW_CTX_DAG_RUN_ID='manual__2025-11-19T12:08:21.354688+00:00'
[2025-11-19T12:21:52.688+0000] {taskinstance.py:430} INFO - ::endgroup::
[2025-11-19T12:21:52.707+0000] {subprocess.py:63} INFO - Tmp dir root location: /tmp
[2025-11-19T12:21:52.708+0000] {subprocess.py:75} INFO - Running command: ['/usr/bin/bash', '-c', 'cd /opt/*** && dbt docs generate --target prod']
[2025-11-19T12:21:52.716+0000] {subprocess.py:86} INFO - Output:
[2025-11-19T12:21:55.976+0000] {subprocess.py:93} INFO - [0m12:21:55  Running with dbt=1.7.19
[2025-11-19T12:21:57.195+0000] {subprocess.py:93} INFO - [0m12:21:57  Registered adapter: bigquery=1.7.0
[2025-11-19T12:21:57.332+0000] {subprocess.py:93} INFO - [0m12:21:57  Found 12 models, 18 tests, 3 sources, 0 exposures, 0 metrics, 561 macros, 0 groups, 0 semantic models
[2025-11-19T12:21:57.337+0000] {subprocess.py:93} INFO - [0m12:21:57
[2025-11-19T12:21:59.001+0000] {subprocess.py:93} INFO - [0m12:21:59  Concurrency: 1 threads (target='prod')
[2025-11-19T12:21:59.002+0000] {subprocess.py:93} INFO - [0m12:21:59
[2025-11-19T12:21:59.668+0000] {subprocess.py:93} INFO - [0m12:21:59  Building catalog
[2025-11-19T12:22:08.610+0000] {subprocess.py:93} INFO - [0m12:22:08  Catalog written to /opt/***/target/catalog.json
[2025-11-19T12:22:10.422+0000] {subprocess.py:97} INFO - Command exited with return code 0
[2025-11-19T12:22:10.423+0000] {taskinstance.py:441} INFO - ::group::Post task execution logs
[2025-11-19T12:22:10.453+0000] {taskinstance.py:1206} INFO - Marking task as SUCCESS. dag_id=dbt_finance, task_id=dbt_docs_generate, run_id=manual__2025-11-19T12:08:21.354688+00:00, execution_date=20251119T120821, start_date=20251119T122152, end_date=20251119T122210
[2025-11-19T12:22:10.490+0000] {local_task_job_runner.py:243} INFO - Task exited with return code 0
[2025-11-19T12:22:10.511+0000] {taskinstance.py:3503} INFO - 0 downstream tasks scheduled from follow-on schedule check
[2025-11-19T12:22:10.513+0000] {local_task_job_runner.py:222} INFO - ::endgroup::
