[2025-11-19T12:08:23.797+0000] {local_task_job_runner.py:120} INFO - ::group::Pre task execution logs
[2025-11-19T12:08:23.863+0000] {taskinstance.py:2076} INFO - Dependencies all met for dep_context=non-requeueable deps ti=<TaskInstance: dbt_finance.wait_for_data_ingestion manual__2025-11-19T12:08:21.354688+00:00 [queued]>
[2025-11-19T12:08:23.876+0000] {taskinstance.py:2076} INFO - Dependencies all met for dep_context=requeueable deps ti=<TaskInstance: dbt_finance.wait_for_data_ingestion manual__2025-11-19T12:08:21.354688+00:00 [queued]>
[2025-11-19T12:08:23.877+0000] {taskinstance.py:2306} INFO - Starting attempt 1 of 2
[2025-11-19T12:08:23.893+0000] {taskinstance.py:2330} INFO - Executing <Task(ExternalTaskSensor): wait_for_data_ingestion> on 2025-11-19 12:08:21.354688+00:00
[2025-11-19T12:08:23.900+0000] {logging_mixin.py:188} WARNING - /home/***/.local/lib/python3.12/site-packages/***/task/task_runner/standard_task_runner.py:62 DeprecationWarning: This process (pid=310) is multi-threaded, use of fork() may lead to deadlocks in the child.
[2025-11-19T12:08:23.900+0000] {standard_task_runner.py:90} INFO - Running: ['***', 'tasks', 'run', 'dbt_finance', 'wait_for_data_ingestion', 'manual__2025-11-19T12:08:21.354688+00:00', '--job-id', '26', '--raw', '--subdir', 'DAGS_FOLDER/dbt_finance.py', '--cfg-path', '/tmp/tmpj2rt42gy']
[2025-11-19T12:08:23.902+0000] {standard_task_runner.py:91} INFO - Job 26: Subtask wait_for_data_ingestion
[2025-11-19T12:08:23.902+0000] {standard_task_runner.py:64} INFO - Started process 311 to run task
[2025-11-19T12:08:23.961+0000] {task_command.py:426} INFO - Running <TaskInstance: dbt_finance.wait_for_data_ingestion manual__2025-11-19T12:08:21.354688+00:00 [running]> on host f8ef3c16e368
[2025-11-19T12:08:24.064+0000] {taskinstance.py:2648} INFO - Exporting env vars: AIRFLOW_CTX_DAG_OWNER='tam.dang' AIRFLOW_CTX_DAG_ID='dbt_finance' AIRFLOW_CTX_TASK_ID='wait_for_data_ingestion' AIRFLOW_CTX_EXECUTION_DATE='2025-11-19T12:08:21.354688+00:00' AIRFLOW_CTX_TRY_NUMBER='1' AIRFLOW_CTX_DAG_RUN_ID='manual__2025-11-19T12:08:21.354688+00:00'
[2025-11-19T12:08:24.065+0000] {taskinstance.py:430} INFO - ::endgroup::
[2025-11-19T12:08:24.081+0000] {baseoperator.py:400} WARNING - ExternalTaskSensor.execute cannot be called outside TaskInstance!
[2025-11-19T12:08:24.093+0000] {external_task.py:258} INFO - Poking for tasks ['load_raw_data_to_bigquery'] in dag data_ingestion on 2025-11-19T12:08:21.354688+00:00 ... 
[2025-11-19T12:08:24.095+0000] {logging_mixin.py:188} WARNING - /home/***/.local/lib/python3.12/site-packages/***/utils/session.py:79 DeprecationWarning: This method is deprecated and will be removed in future.
[2025-11-19T12:08:24.108+0000] {taskinstance.py:441} INFO - ::group::Post task execution logs
[2025-11-19T12:08:24.134+0000] {taskinstance.py:2865} INFO - Rescheduling task, marking task as UP_FOR_RESCHEDULE
[2025-11-19T12:08:24.173+0000] {local_task_job_runner.py:243} INFO - Task exited with return code 0
[2025-11-19T12:08:24.205+0000] {taskinstance.py:3503} INFO - 0 downstream tasks scheduled from follow-on schedule check
[2025-11-19T12:08:24.207+0000] {local_task_job_runner.py:222} INFO - ::endgroup::
[2025-11-19T12:09:37.471+0000] {local_task_job_runner.py:120} INFO - ::group::Pre task execution logs
[2025-11-19T12:09:37.516+0000] {taskinstance.py:2076} INFO - Dependencies all met for dep_context=non-requeueable deps ti=<TaskInstance: dbt_finance.wait_for_data_ingestion manual__2025-11-19T12:08:21.354688+00:00 [queued]>
[2025-11-19T12:09:37.527+0000] {taskinstance.py:2076} INFO - Dependencies all met for dep_context=requeueable deps ti=<TaskInstance: dbt_finance.wait_for_data_ingestion manual__2025-11-19T12:08:21.354688+00:00 [queued]>
[2025-11-19T12:09:37.528+0000] {taskinstance.py:2306} INFO - Starting attempt 1 of 2
[2025-11-19T12:09:37.545+0000] {taskinstance.py:2330} INFO - Executing <Task(ExternalTaskSensor): wait_for_data_ingestion> on 2025-11-19 12:08:21.354688+00:00
[2025-11-19T12:09:37.554+0000] {logging_mixin.py:188} WARNING - /home/***/.local/lib/python3.12/site-packages/***/task/task_runner/standard_task_runner.py:62 DeprecationWarning: This process (pid=347) is multi-threaded, use of fork() may lead to deadlocks in the child.
[2025-11-19T12:09:37.556+0000] {standard_task_runner.py:64} INFO - Started process 348 to run task
[2025-11-19T12:09:37.554+0000] {standard_task_runner.py:90} INFO - Running: ['***', 'tasks', 'run', 'dbt_finance', 'wait_for_data_ingestion', 'manual__2025-11-19T12:08:21.354688+00:00', '--job-id', '27', '--raw', '--subdir', 'DAGS_FOLDER/dbt_finance.py', '--cfg-path', '/tmp/tmp81h4cfud']
[2025-11-19T12:09:37.557+0000] {standard_task_runner.py:91} INFO - Job 27: Subtask wait_for_data_ingestion
[2025-11-19T12:09:37.619+0000] {task_command.py:426} INFO - Running <TaskInstance: dbt_finance.wait_for_data_ingestion manual__2025-11-19T12:08:21.354688+00:00 [running]> on host f8ef3c16e368
[2025-11-19T12:09:37.725+0000] {taskinstance.py:2648} INFO - Exporting env vars: AIRFLOW_CTX_DAG_OWNER='tam.dang' AIRFLOW_CTX_DAG_ID='dbt_finance' AIRFLOW_CTX_TASK_ID='wait_for_data_ingestion' AIRFLOW_CTX_EXECUTION_DATE='2025-11-19T12:08:21.354688+00:00' AIRFLOW_CTX_TRY_NUMBER='1' AIRFLOW_CTX_DAG_RUN_ID='manual__2025-11-19T12:08:21.354688+00:00'
[2025-11-19T12:09:37.727+0000] {taskinstance.py:430} INFO - ::endgroup::
[2025-11-19T12:09:37.749+0000] {baseoperator.py:400} WARNING - ExternalTaskSensor.execute cannot be called outside TaskInstance!
[2025-11-19T12:09:37.763+0000] {external_task.py:258} INFO - Poking for tasks ['load_raw_data_to_bigquery'] in dag data_ingestion on 2025-11-19T12:08:21.354688+00:00 ... 
[2025-11-19T12:09:37.768+0000] {logging_mixin.py:188} WARNING - /home/***/.local/lib/python3.12/site-packages/***/utils/session.py:79 DeprecationWarning: This method is deprecated and will be removed in future.
[2025-11-19T12:09:37.781+0000] {taskinstance.py:441} INFO - ::group::Post task execution logs
[2025-11-19T12:09:37.806+0000] {taskinstance.py:2865} INFO - Rescheduling task, marking task as UP_FOR_RESCHEDULE
[2025-11-19T12:09:37.820+0000] {local_task_job_runner.py:243} INFO - Task exited with return code 0
[2025-11-19T12:09:37.852+0000] {taskinstance.py:3503} INFO - 0 downstream tasks scheduled from follow-on schedule check
[2025-11-19T12:09:37.855+0000] {local_task_job_runner.py:222} INFO - ::endgroup::
