[2025-11-19T12:19:37.232+0000] {local_task_job_runner.py:120} INFO - ::group::Pre task execution logs
[2025-11-19T12:19:37.284+0000] {taskinstance.py:2076} INFO - Dependencies all met for dep_context=non-requeueable deps ti=<TaskInstance: dbt_finance.dbt_run_finance_staging manual__2025-11-19T12:08:21.354688+00:00 [queued]>
[2025-11-19T12:19:37.301+0000] {taskinstance.py:2076} INFO - Dependencies all met for dep_context=requeueable deps ti=<TaskInstance: dbt_finance.dbt_run_finance_staging manual__2025-11-19T12:08:21.354688+00:00 [queued]>
[2025-11-19T12:19:37.321+0000] {taskinstance.py:2306} INFO - Starting attempt 1 of 2
[2025-11-19T12:19:37.341+0000] {taskinstance.py:2330} INFO - Executing <Task(BashOperator): dbt_run_finance_staging> on 2025-11-19 12:08:21.354688+00:00
[2025-11-19T12:19:37.350+0000] {logging_mixin.py:188} WARNING - /home/***/.local/lib/python3.12/site-packages/***/task/task_runner/standard_task_runner.py:62 DeprecationWarning: This process (pid=260) is multi-threaded, use of fork() may lead to deadlocks in the child.
[2025-11-19T12:19:37.349+0000] {standard_task_runner.py:90} INFO - Running: ['***', 'tasks', 'run', 'dbt_finance', 'dbt_run_finance_staging', 'manual__2025-11-19T12:08:21.354688+00:00', '--job-id', '33', '--raw', '--subdir', 'DAGS_FOLDER/dbt_finance.py', '--cfg-path', '/tmp/tmpud2dzxes']
[2025-11-19T12:19:37.352+0000] {standard_task_runner.py:64} INFO - Started process 261 to run task
[2025-11-19T12:19:37.353+0000] {standard_task_runner.py:91} INFO - Job 33: Subtask dbt_run_finance_staging
[2025-11-19T12:19:37.492+0000] {task_command.py:426} INFO - Running <TaskInstance: dbt_finance.dbt_run_finance_staging manual__2025-11-19T12:08:21.354688+00:00 [running]> on host 51d2cd8bcdaf
[2025-11-19T12:19:37.643+0000] {taskinstance.py:2648} INFO - Exporting env vars: AIRFLOW_CTX_DAG_OWNER='tam.dang' AIRFLOW_CTX_DAG_ID='dbt_finance' AIRFLOW_CTX_TASK_ID='dbt_run_finance_staging' AIRFLOW_CTX_EXECUTION_DATE='2025-11-19T12:08:21.354688+00:00' AIRFLOW_CTX_TRY_NUMBER='1' AIRFLOW_CTX_DAG_RUN_ID='manual__2025-11-19T12:08:21.354688+00:00'
[2025-11-19T12:19:37.645+0000] {taskinstance.py:430} INFO - ::endgroup::
[2025-11-19T12:19:37.663+0000] {subprocess.py:63} INFO - Tmp dir root location: /tmp
[2025-11-19T12:19:37.665+0000] {subprocess.py:75} INFO - Running command: ['/usr/bin/bash', '-c', 'cd /opt/*** && dbt run --select finance.staging --target prod']
[2025-11-19T12:19:37.673+0000] {subprocess.py:86} INFO - Output:
[2025-11-19T12:19:44.253+0000] {subprocess.py:93} INFO - [0m12:19:44  Running with dbt=1.7.19
[2025-11-19T12:19:48.002+0000] {subprocess.py:93} INFO - [0m12:19:48  Registered adapter: bigquery=1.7.0
[2025-11-19T12:19:48.025+0000] {subprocess.py:93} INFO - [0m12:19:48  Unable to do partial parsing because saved manifest not found. Starting full parse.
[2025-11-19T12:19:50.292+0000] {subprocess.py:93} INFO - [0m12:19:50  Found 12 models, 18 tests, 3 sources, 0 exposures, 0 metrics, 561 macros, 0 groups, 0 semantic models
[2025-11-19T12:19:50.296+0000] {subprocess.py:93} INFO - [0m12:19:50
[2025-11-19T12:19:53.713+0000] {subprocess.py:93} INFO - [0m12:19:53  Concurrency: 1 threads (target='prod')
[2025-11-19T12:19:53.715+0000] {subprocess.py:93} INFO - [0m12:19:53
[2025-11-19T12:19:53.739+0000] {subprocess.py:93} INFO - [0m12:19:53  1 of 3 START sql view model dwh_prod_staging.stg_rates ......................... [RUN]
[2025-11-19T12:19:54.937+0000] {subprocess.py:93} INFO - [0m12:19:54  1 of 3 OK created sql view model dwh_prod_staging.stg_rates .................... [[32mCREATE VIEW (0 processed)[0m in 1.20s]
[2025-11-19T12:19:54.941+0000] {subprocess.py:93} INFO - [0m12:19:54  2 of 3 START sql view model dwh_prod_staging.stg_transactions .................. [RUN]
[2025-11-19T12:19:55.895+0000] {subprocess.py:93} INFO - [0m12:19:55  2 of 3 OK created sql view model dwh_prod_staging.stg_transactions ............. [[32mCREATE VIEW (0 processed)[0m in 0.95s]
[2025-11-19T12:19:55.901+0000] {subprocess.py:93} INFO - [0m12:19:55  3 of 3 START sql view model dwh_prod_staging.stg_users ......................... [RUN]
[2025-11-19T12:19:56.891+0000] {subprocess.py:93} INFO - [0m12:19:56  3 of 3 OK created sql view model dwh_prod_staging.stg_users .................... [[32mCREATE VIEW (0 processed)[0m in 0.99s]
[2025-11-19T12:19:56.900+0000] {subprocess.py:93} INFO - [0m12:19:56
[2025-11-19T12:19:56.902+0000] {subprocess.py:93} INFO - [0m12:19:56  Finished running 3 view models in 0 hours 0 minutes and 6.60 seconds (6.60s).
[2025-11-19T12:19:56.917+0000] {subprocess.py:93} INFO - [0m12:19:56
[2025-11-19T12:19:56.918+0000] {subprocess.py:93} INFO - [0m12:19:56  [32mCompleted successfully[0m
[2025-11-19T12:19:56.920+0000] {subprocess.py:93} INFO - [0m12:19:56
[2025-11-19T12:19:56.921+0000] {subprocess.py:93} INFO - [0m12:19:56  Done. PASS=3 WARN=0 ERROR=0 SKIP=0 TOTAL=3
[2025-11-19T12:19:58.596+0000] {subprocess.py:97} INFO - Command exited with return code 0
[2025-11-19T12:19:58.597+0000] {taskinstance.py:441} INFO - ::group::Post task execution logs
[2025-11-19T12:19:58.628+0000] {taskinstance.py:1206} INFO - Marking task as SUCCESS. dag_id=dbt_finance, task_id=dbt_run_finance_staging, run_id=manual__2025-11-19T12:08:21.354688+00:00, execution_date=20251119T120821, start_date=20251119T121937, end_date=20251119T121958
[2025-11-19T12:19:58.679+0000] {local_task_job_runner.py:243} INFO - Task exited with return code 0
[2025-11-19T12:19:58.722+0000] {taskinstance.py:3503} INFO - 1 downstream tasks scheduled from follow-on schedule check
[2025-11-19T12:19:58.724+0000] {local_task_job_runner.py:222} INFO - ::endgroup::
