[2025-11-19T12:00:10.814+0000] {local_task_job_runner.py:120} INFO - ::group::Pre task execution logs
[2025-11-19T12:00:10.963+0000] {taskinstance.py:2076} INFO - Dependencies all met for dep_context=non-requeueable deps ti=<TaskInstance: dbt_finance.dbt_deps scheduled__2025-11-18T00:00:00+00:00 [queued]>
[2025-11-19T12:00:10.988+0000] {taskinstance.py:2076} INFO - Dependencies all met for dep_context=requeueable deps ti=<TaskInstance: dbt_finance.dbt_deps scheduled__2025-11-18T00:00:00+00:00 [queued]>
[2025-11-19T12:00:10.990+0000] {taskinstance.py:2306} INFO - Starting attempt 5 of 6
[2025-11-19T12:00:11.022+0000] {taskinstance.py:2330} INFO - Executing <Task(BashOperator): dbt_deps> on 2025-11-18 00:00:00+00:00
[2025-11-19T12:00:11.036+0000] {logging_mixin.py:188} WARNING - /home/***/.local/lib/python3.12/site-packages/***/task/task_runner/standard_task_runner.py:62 DeprecationWarning: This process (pid=402) is multi-threaded, use of fork() may lead to deadlocks in the child.
[2025-11-19T12:00:11.040+0000] {standard_task_runner.py:64} INFO - Started process 403 to run task
[2025-11-19T12:00:11.036+0000] {standard_task_runner.py:90} INFO - Running: ['***', 'tasks', 'run', 'dbt_finance', 'dbt_deps', 'scheduled__2025-11-18T00:00:00+00:00', '--job-id', '21', '--raw', '--subdir', 'DAGS_FOLDER/dbt_finance.py', '--cfg-path', '/tmp/tmpih4jqpcb']
[2025-11-19T12:00:11.048+0000] {standard_task_runner.py:91} INFO - Job 21: Subtask dbt_deps
[2025-11-19T12:00:11.263+0000] {task_command.py:426} INFO - Running <TaskInstance: dbt_finance.dbt_deps scheduled__2025-11-18T00:00:00+00:00 [running]> on host f8ef3c16e368
[2025-11-19T12:00:11.558+0000] {taskinstance.py:2648} INFO - Exporting env vars: AIRFLOW_CTX_DAG_OWNER='tam.dang' AIRFLOW_CTX_DAG_ID='dbt_finance' AIRFLOW_CTX_TASK_ID='dbt_deps' AIRFLOW_CTX_EXECUTION_DATE='2025-11-18T00:00:00+00:00' AIRFLOW_CTX_TRY_NUMBER='5' AIRFLOW_CTX_DAG_RUN_ID='scheduled__2025-11-18T00:00:00+00:00'
[2025-11-19T12:00:11.561+0000] {taskinstance.py:430} INFO - ::endgroup::
[2025-11-19T12:00:11.630+0000] {subprocess.py:63} INFO - Tmp dir root location: /tmp
[2025-11-19T12:00:11.633+0000] {subprocess.py:75} INFO - Running command: ['/usr/bin/bash', '-c', 'cd /opt/*** && dbt deps --target prod']
[2025-11-19T12:00:11.655+0000] {subprocess.py:86} INFO - Output:
[2025-11-19T12:00:16.454+0000] {subprocess.py:93} INFO - [0m12:00:16  Running with dbt=1.7.19
[2025-11-19T12:00:16.755+0000] {subprocess.py:93} INFO - [0m12:00:16  Encountered an error:
[2025-11-19T12:00:16.756+0000] {subprocess.py:93} INFO - [Errno 16] Device or resource busy: 'dbt_packages'
[2025-11-19T12:00:16.760+0000] {subprocess.py:93} INFO - [0m12:00:16  Traceback (most recent call last):
[2025-11-19T12:00:16.761+0000] {subprocess.py:93} INFO -   File "/home/***/.local/lib/python3.12/site-packages/dbt/cli/requires.py", line 91, in wrapper
[2025-11-19T12:00:16.762+0000] {subprocess.py:93} INFO -     result, success = func(*args, **kwargs)
[2025-11-19T12:00:16.763+0000] {subprocess.py:93} INFO -                       ^^^^^^^^^^^^^^^^^^^^^
[2025-11-19T12:00:16.764+0000] {subprocess.py:93} INFO -   File "/home/***/.local/lib/python3.12/site-packages/dbt/cli/requires.py", line 76, in wrapper
[2025-11-19T12:00:16.765+0000] {subprocess.py:93} INFO -     return func(*args, **kwargs)
[2025-11-19T12:00:16.766+0000] {subprocess.py:93} INFO -            ^^^^^^^^^^^^^^^^^^^^^
[2025-11-19T12:00:16.767+0000] {subprocess.py:93} INFO -   File "/home/***/.local/lib/python3.12/site-packages/dbt/cli/requires.py", line 152, in wrapper
[2025-11-19T12:00:16.768+0000] {subprocess.py:93} INFO -     return func(*args, **kwargs)
[2025-11-19T12:00:16.768+0000] {subprocess.py:93} INFO -            ^^^^^^^^^^^^^^^^^^^^^
[2025-11-19T12:00:16.770+0000] {subprocess.py:93} INFO -   File "/home/***/.local/lib/python3.12/site-packages/dbt/cli/requires.py", line 198, in wrapper
[2025-11-19T12:00:16.771+0000] {subprocess.py:93} INFO -     return func(*args, **kwargs)
[2025-11-19T12:00:16.772+0000] {subprocess.py:93} INFO -            ^^^^^^^^^^^^^^^^^^^^^
[2025-11-19T12:00:16.773+0000] {subprocess.py:93} INFO -   File "/home/***/.local/lib/python3.12/site-packages/dbt/cli/main.py", line 493, in deps
[2025-11-19T12:00:16.775+0000] {subprocess.py:93} INFO -     results = task.run()
[2025-11-19T12:00:16.779+0000] {subprocess.py:93} INFO -               ^^^^^^^^^^
[2025-11-19T12:00:16.780+0000] {subprocess.py:93} INFO -   File "/home/***/.local/lib/python3.12/site-packages/dbt/task/deps.py", line 228, in run
[2025-11-19T12:00:16.781+0000] {subprocess.py:93} INFO -     system.rmtree(self.project.packages_install_path)
[2025-11-19T12:00:16.782+0000] {subprocess.py:93} INFO -   File "/home/***/.local/lib/python3.12/site-packages/dbt/clients/system.py", line 570, in rmtree
[2025-11-19T12:00:16.783+0000] {subprocess.py:93} INFO -     return shutil.rmtree(path, onerror=chmod_and_retry)
[2025-11-19T12:00:16.784+0000] {subprocess.py:93} INFO -            ^^^^^^^^^^^^^^^^^^^^^^^^^^^^^^^^^^^^^^^^^^^^
[2025-11-19T12:00:16.787+0000] {subprocess.py:93} INFO -   File "/usr/local/lib/python3.12/shutil.py", line 759, in rmtree
[2025-11-19T12:00:16.789+0000] {subprocess.py:93} INFO -     _rmtree_safe_fd(stack, onexc)
[2025-11-19T12:00:16.790+0000] {subprocess.py:93} INFO -   File "/usr/local/lib/python3.12/shutil.py", line 703, in _rmtree_safe_fd
[2025-11-19T12:00:16.792+0000] {subprocess.py:93} INFO -     onexc(func, path, err)
[2025-11-19T12:00:16.793+0000] {subprocess.py:93} INFO -   File "/usr/local/lib/python3.12/shutil.py", line 750, in onexc
[2025-11-19T12:00:16.794+0000] {subprocess.py:93} INFO -     return onerror(func, path, exc_info)
[2025-11-19T12:00:16.795+0000] {subprocess.py:93} INFO -            ^^^^^^^^^^^^^^^^^^^^^^^^^^^^^
[2025-11-19T12:00:16.796+0000] {subprocess.py:93} INFO -   File "/usr/local/lib/python3.12/shutil.py", line 662, in _rmtree_safe_fd
[2025-11-19T12:00:16.799+0000] {subprocess.py:93} INFO -     os.rmdir(name, dir_fd=dirfd)
[2025-11-19T12:00:16.800+0000] {subprocess.py:93} INFO - OSError: [Errno 16] Device or resource busy: 'dbt_packages'
[2025-11-19T12:00:16.801+0000] {subprocess.py:93} INFO - 
[2025-11-19T12:00:18.445+0000] {subprocess.py:97} INFO - Command exited with return code 2
[2025-11-19T12:00:18.446+0000] {taskinstance.py:441} INFO - ::group::Post task execution logs
[2025-11-19T12:00:18.459+0000] {taskinstance.py:2905} ERROR - Task failed with exception
Traceback (most recent call last):
  File "/home/airflow/.local/lib/python3.12/site-packages/airflow/models/taskinstance.py", line 465, in _execute_task
    result = _execute_callable(context=context, **execute_callable_kwargs)
             ^^^^^^^^^^^^^^^^^^^^^^^^^^^^^^^^^^^^^^^^^^^^^^^^^^^^^^^^^^^^^
  File "/home/airflow/.local/lib/python3.12/site-packages/airflow/models/taskinstance.py", line 432, in _execute_callable
    return execute_callable(context=context, **execute_callable_kwargs)
           ^^^^^^^^^^^^^^^^^^^^^^^^^^^^^^^^^^^^^^^^^^^^^^^^^^^^^^^^^^^^
  File "/home/airflow/.local/lib/python3.12/site-packages/airflow/models/baseoperator.py", line 401, in wrapper
    return func(self, *args, **kwargs)
           ^^^^^^^^^^^^^^^^^^^^^^^^^^^
  File "/home/airflow/.local/lib/python3.12/site-packages/airflow/operators/bash.py", line 243, in execute
    raise AirflowException(
airflow.exceptions.AirflowException: Bash command failed. The command returned a non-zero exit code 2.
[2025-11-19T12:00:18.465+0000] {taskinstance.py:1206} INFO - Marking task as UP_FOR_RETRY. dag_id=dbt_finance, task_id=dbt_deps, run_id=scheduled__2025-11-18T00:00:00+00:00, execution_date=20251118T000000, start_date=20251119T120010, end_date=20251119T120018
[2025-11-19T12:00:18.488+0000] {standard_task_runner.py:110} ERROR - Failed to execute job 21 for task dbt_deps (Bash command failed. The command returned a non-zero exit code 2.; 403)
[2025-11-19T12:00:18.500+0000] {local_task_job_runner.py:243} INFO - Task exited with return code 1
[2025-11-19T12:00:18.537+0000] {taskinstance.py:3503} INFO - 0 downstream tasks scheduled from follow-on schedule check
[2025-11-19T12:00:18.540+0000] {local_task_job_runner.py:222} INFO - ::endgroup::
