[2025-11-19T11:49:53.542+0000] {local_task_job_runner.py:120} INFO - ::group::Pre task execution logs
[2025-11-19T11:49:53.620+0000] {taskinstance.py:2076} INFO - Dependencies all met for dep_context=non-requeueable deps ti=<TaskInstance: dbt_finance.dbt_deps scheduled__2025-11-18T00:00:00+00:00 [queued]>
[2025-11-19T11:49:53.632+0000] {taskinstance.py:2076} INFO - Dependencies all met for dep_context=requeueable deps ti=<TaskInstance: dbt_finance.dbt_deps scheduled__2025-11-18T00:00:00+00:00 [queued]>
[2025-11-19T11:49:53.632+0000] {taskinstance.py:2306} INFO - Starting attempt 2 of 2
[2025-11-19T11:49:53.649+0000] {taskinstance.py:2330} INFO - Executing <Task(BashOperator): dbt_deps> on 2025-11-18 00:00:00+00:00
[2025-11-19T11:49:53.659+0000] {logging_mixin.py:188} WARNING - /home/***/.local/lib/python3.12/site-packages/***/task/task_runner/standard_task_runner.py:62 DeprecationWarning: This process (pid=196) is multi-threaded, use of fork() may lead to deadlocks in the child.
[2025-11-19T11:49:53.661+0000] {standard_task_runner.py:64} INFO - Started process 197 to run task
[2025-11-19T11:49:53.658+0000] {standard_task_runner.py:90} INFO - Running: ['***', 'tasks', 'run', 'dbt_finance', 'dbt_deps', 'scheduled__2025-11-18T00:00:00+00:00', '--job-id', '12', '--raw', '--subdir', 'DAGS_FOLDER/dbt_finance.py', '--cfg-path', '/tmp/tmpj93asw9f']
[2025-11-19T11:49:53.662+0000] {standard_task_runner.py:91} INFO - Job 12: Subtask dbt_deps
[2025-11-19T11:49:53.756+0000] {task_command.py:426} INFO - Running <TaskInstance: dbt_finance.dbt_deps scheduled__2025-11-18T00:00:00+00:00 [running]> on host 5004021ba987
[2025-11-19T11:49:53.873+0000] {taskinstance.py:2648} INFO - Exporting env vars: AIRFLOW_CTX_DAG_OWNER='tam.dang' AIRFLOW_CTX_DAG_ID='dbt_finance' AIRFLOW_CTX_TASK_ID='dbt_deps' AIRFLOW_CTX_EXECUTION_DATE='2025-11-18T00:00:00+00:00' AIRFLOW_CTX_TRY_NUMBER='2' AIRFLOW_CTX_DAG_RUN_ID='scheduled__2025-11-18T00:00:00+00:00'
[2025-11-19T11:49:53.876+0000] {taskinstance.py:430} INFO - ::endgroup::
[2025-11-19T11:49:53.898+0000] {subprocess.py:63} INFO - Tmp dir root location: /tmp
[2025-11-19T11:49:53.900+0000] {subprocess.py:75} INFO - Running command: ['/usr/bin/bash', '-c', 'cd /opt/*** && dbt deps']
[2025-11-19T11:49:53.910+0000] {subprocess.py:86} INFO - Output:
[2025-11-19T11:49:58.433+0000] {subprocess.py:93} INFO - [0m11:49:58  Running with dbt=1.7.19
[2025-11-19T11:49:58.705+0000] {subprocess.py:93} INFO - [0m11:49:58  Warning: No packages were found in packages.yml
[2025-11-19T11:49:58.707+0000] {subprocess.py:93} INFO - [0m11:49:58  Warning: No packages were found in packages.yml
[2025-11-19T11:50:00.150+0000] {subprocess.py:97} INFO - Command exited with return code 0
[2025-11-19T11:50:00.151+0000] {taskinstance.py:441} INFO - ::group::Post task execution logs
[2025-11-19T11:50:00.186+0000] {taskinstance.py:1206} INFO - Marking task as SUCCESS. dag_id=dbt_finance, task_id=dbt_deps, run_id=scheduled__2025-11-18T00:00:00+00:00, execution_date=20251118T000000, start_date=20251119T114953, end_date=20251119T115000
[2025-11-19T11:50:00.240+0000] {local_task_job_runner.py:243} INFO - Task exited with return code 0
[2025-11-19T11:50:00.271+0000] {taskinstance.py:3503} INFO - 0 downstream tasks scheduled from follow-on schedule check
[2025-11-19T11:50:00.275+0000] {local_task_job_runner.py:222} INFO - ::endgroup::
