[2025-11-19T11:30:19.200+0000] {processor.py:161} INFO - Started process (PID=229) to work on /opt/airflow/dags/data_ingestion.py
[2025-11-19T11:30:19.203+0000] {processor.py:830} INFO - Processing file /opt/airflow/dags/data_ingestion.py for tasks to queue
[2025-11-19T11:30:19.209+0000] {logging_mixin.py:188} INFO - [2025-11-19T11:30:19.207+0000] {dagbag.py:545} INFO - Filling up the DagBag from /opt/airflow/dags/data_ingestion.py
[2025-11-19T11:30:19.226+0000] {logging_mixin.py:188} INFO - [2025-11-19T11:30:19.222+0000] {dagbag.py:355} ERROR - Failed to import: /opt/airflow/dags/data_ingestion.py
Traceback (most recent call last):
  File "/home/airflow/.local/lib/python3.12/site-packages/airflow/models/dagbag.py", line 351, in parse
    loader.exec_module(new_module)
  File "<frozen importlib._bootstrap_external>", line 995, in exec_module
  File "<frozen importlib._bootstrap>", line 488, in _call_with_frames_removed
  File "/opt/airflow/dags/data_ingestion.py", line 4, in <module>
    from airflow.providers.bash.operators.bash import BashOperator
ModuleNotFoundError: No module named 'airflow.providers.bash'
[2025-11-19T11:30:19.228+0000] {processor.py:842} WARNING - No viable dags retrieved from /opt/airflow/dags/data_ingestion.py
[2025-11-19T11:30:19.271+0000] {processor.py:183} INFO - Processing /opt/airflow/dags/data_ingestion.py took 0.087 seconds
[2025-11-19T11:30:49.624+0000] {processor.py:161} INFO - Started process (PID=244) to work on /opt/airflow/dags/data_ingestion.py
[2025-11-19T11:30:49.626+0000] {processor.py:830} INFO - Processing file /opt/airflow/dags/data_ingestion.py for tasks to queue
[2025-11-19T11:30:49.638+0000] {logging_mixin.py:188} INFO - [2025-11-19T11:30:49.637+0000] {dagbag.py:545} INFO - Filling up the DagBag from /opt/airflow/dags/data_ingestion.py
[2025-11-19T11:30:49.657+0000] {logging_mixin.py:188} INFO - [2025-11-19T11:30:49.652+0000] {dagbag.py:355} ERROR - Failed to import: /opt/airflow/dags/data_ingestion.py
Traceback (most recent call last):
  File "/home/airflow/.local/lib/python3.12/site-packages/airflow/models/dagbag.py", line 351, in parse
    loader.exec_module(new_module)
  File "<frozen importlib._bootstrap_external>", line 995, in exec_module
  File "<frozen importlib._bootstrap>", line 488, in _call_with_frames_removed
  File "/opt/airflow/dags/data_ingestion.py", line 4, in <module>
    from airflow.providers.bash.operators.bash import BashOperator
ModuleNotFoundError: No module named 'airflow.providers.bash'
[2025-11-19T11:30:49.658+0000] {processor.py:842} WARNING - No viable dags retrieved from /opt/airflow/dags/data_ingestion.py
[2025-11-19T11:30:49.713+0000] {processor.py:183} INFO - Processing /opt/airflow/dags/data_ingestion.py took 0.106 seconds
[2025-11-19T11:31:20.475+0000] {processor.py:161} INFO - Started process (PID=258) to work on /opt/airflow/dags/data_ingestion.py
[2025-11-19T11:31:20.476+0000] {processor.py:830} INFO - Processing file /opt/airflow/dags/data_ingestion.py for tasks to queue
[2025-11-19T11:31:20.486+0000] {logging_mixin.py:188} INFO - [2025-11-19T11:31:20.484+0000] {dagbag.py:545} INFO - Filling up the DagBag from /opt/airflow/dags/data_ingestion.py
[2025-11-19T11:31:20.505+0000] {logging_mixin.py:188} INFO - [2025-11-19T11:31:20.500+0000] {dagbag.py:355} ERROR - Failed to import: /opt/airflow/dags/data_ingestion.py
Traceback (most recent call last):
  File "/home/airflow/.local/lib/python3.12/site-packages/airflow/models/dagbag.py", line 351, in parse
    loader.exec_module(new_module)
  File "<frozen importlib._bootstrap_external>", line 995, in exec_module
  File "<frozen importlib._bootstrap>", line 488, in _call_with_frames_removed
  File "/opt/airflow/dags/data_ingestion.py", line 4, in <module>
    from airflow.providers.bash.operators.bash import BashOperator
ModuleNotFoundError: No module named 'airflow.providers.bash'
[2025-11-19T11:31:20.509+0000] {processor.py:842} WARNING - No viable dags retrieved from /opt/airflow/dags/data_ingestion.py
[2025-11-19T11:31:20.561+0000] {processor.py:183} INFO - Processing /opt/airflow/dags/data_ingestion.py took 0.101 seconds
[2025-11-19T11:31:51.015+0000] {processor.py:161} INFO - Started process (PID=272) to work on /opt/airflow/dags/data_ingestion.py
[2025-11-19T11:31:51.017+0000] {processor.py:830} INFO - Processing file /opt/airflow/dags/data_ingestion.py for tasks to queue
[2025-11-19T11:31:51.023+0000] {logging_mixin.py:188} INFO - [2025-11-19T11:31:51.022+0000] {dagbag.py:545} INFO - Filling up the DagBag from /opt/airflow/dags/data_ingestion.py
[2025-11-19T11:31:51.035+0000] {logging_mixin.py:188} INFO - [2025-11-19T11:31:51.032+0000] {dagbag.py:355} ERROR - Failed to import: /opt/airflow/dags/data_ingestion.py
Traceback (most recent call last):
  File "/home/airflow/.local/lib/python3.12/site-packages/airflow/models/dagbag.py", line 351, in parse
    loader.exec_module(new_module)
  File "<frozen importlib._bootstrap_external>", line 995, in exec_module
  File "<frozen importlib._bootstrap>", line 488, in _call_with_frames_removed
  File "/opt/airflow/dags/data_ingestion.py", line 4, in <module>
    from airflow.providers.bash.operators.bash import BashOperator
ModuleNotFoundError: No module named 'airflow.providers.bash'
[2025-11-19T11:31:51.036+0000] {processor.py:842} WARNING - No viable dags retrieved from /opt/airflow/dags/data_ingestion.py
[2025-11-19T11:31:51.078+0000] {processor.py:183} INFO - Processing /opt/airflow/dags/data_ingestion.py took 0.075 seconds
[2025-11-19T11:32:21.549+0000] {processor.py:161} INFO - Started process (PID=289) to work on /opt/airflow/dags/data_ingestion.py
[2025-11-19T11:32:21.551+0000] {processor.py:830} INFO - Processing file /opt/airflow/dags/data_ingestion.py for tasks to queue
[2025-11-19T11:32:21.553+0000] {logging_mixin.py:188} INFO - [2025-11-19T11:32:21.553+0000] {dagbag.py:545} INFO - Filling up the DagBag from /opt/airflow/dags/data_ingestion.py
[2025-11-19T11:32:21.562+0000] {logging_mixin.py:188} INFO - [2025-11-19T11:32:21.560+0000] {dagbag.py:355} ERROR - Failed to import: /opt/airflow/dags/data_ingestion.py
Traceback (most recent call last):
  File "/home/airflow/.local/lib/python3.12/site-packages/airflow/models/dagbag.py", line 351, in parse
    loader.exec_module(new_module)
  File "<frozen importlib._bootstrap_external>", line 995, in exec_module
  File "<frozen importlib._bootstrap>", line 488, in _call_with_frames_removed
  File "/opt/airflow/dags/data_ingestion.py", line 4, in <module>
    from airflow.providers.bash.operators.bash import BashOperator
ModuleNotFoundError: No module named 'airflow.providers.bash'
[2025-11-19T11:32:21.564+0000] {processor.py:842} WARNING - No viable dags retrieved from /opt/airflow/dags/data_ingestion.py
[2025-11-19T11:32:21.602+0000] {processor.py:183} INFO - Processing /opt/airflow/dags/data_ingestion.py took 0.063 seconds
[2025-11-19T11:32:50.083+0000] {processor.py:161} INFO - Started process (PID=306) to work on /opt/airflow/dags/data_ingestion.py
[2025-11-19T11:32:50.084+0000] {processor.py:830} INFO - Processing file /opt/airflow/dags/data_ingestion.py for tasks to queue
[2025-11-19T11:32:50.088+0000] {logging_mixin.py:188} INFO - [2025-11-19T11:32:50.087+0000] {dagbag.py:545} INFO - Filling up the DagBag from /opt/airflow/dags/data_ingestion.py
[2025-11-19T11:32:50.122+0000] {processor.py:840} INFO - DAG(s) 'data_ingestion' retrieved from /opt/airflow/dags/data_ingestion.py
[2025-11-19T11:32:50.551+0000] {logging_mixin.py:188} INFO - [2025-11-19T11:32:50.547+0000] {override.py:1858} INFO - Created Permission View: can delete on DAG:data_ingestion
[2025-11-19T11:32:50.607+0000] {logging_mixin.py:188} INFO - [2025-11-19T11:32:50.606+0000] {override.py:1858} INFO - Created Permission View: can edit on DAG:data_ingestion
[2025-11-19T11:32:50.625+0000] {logging_mixin.py:188} INFO - [2025-11-19T11:32:50.624+0000] {override.py:1858} INFO - Created Permission View: can read on DAG:data_ingestion
[2025-11-19T11:32:50.627+0000] {logging_mixin.py:188} INFO - [2025-11-19T11:32:50.626+0000] {dag.py:3089} INFO - Sync 1 DAGs
[2025-11-19T11:32:50.656+0000] {logging_mixin.py:188} INFO - [2025-11-19T11:32:50.655+0000] {dag.py:3111} INFO - Creating ORM DAG for data_ingestion
[2025-11-19T11:32:50.691+0000] {logging_mixin.py:188} INFO - [2025-11-19T11:32:50.690+0000] {dag.py:3947} INFO - Setting next_dagrun for data_ingestion to 2025-11-18 00:00:00+00:00, run_after=2025-11-19 00:00:00+00:00
[2025-11-19T11:32:50.782+0000] {processor.py:183} INFO - Processing /opt/airflow/dags/data_ingestion.py took 0.713 seconds
[2025-11-19T11:33:00.983+0000] {processor.py:161} INFO - Started process (PID=316) to work on /opt/airflow/dags/data_ingestion.py
[2025-11-19T11:33:00.984+0000] {processor.py:830} INFO - Processing file /opt/airflow/dags/data_ingestion.py for tasks to queue
[2025-11-19T11:33:00.988+0000] {logging_mixin.py:188} INFO - [2025-11-19T11:33:00.987+0000] {dagbag.py:545} INFO - Filling up the DagBag from /opt/airflow/dags/data_ingestion.py
[2025-11-19T11:33:01.015+0000] {processor.py:840} INFO - DAG(s) 'data_ingestion' retrieved from /opt/airflow/dags/data_ingestion.py
[2025-11-19T11:33:01.037+0000] {logging_mixin.py:188} INFO - [2025-11-19T11:33:01.036+0000] {dag.py:3089} INFO - Sync 1 DAGs
[2025-11-19T11:33:01.097+0000] {logging_mixin.py:188} INFO - [2025-11-19T11:33:01.097+0000] {dag.py:3947} INFO - Setting next_dagrun for data_ingestion to 2025-11-18 00:00:00+00:00, run_after=2025-11-19 00:00:00+00:00
[2025-11-19T11:33:01.155+0000] {processor.py:183} INFO - Processing /opt/airflow/dags/data_ingestion.py took 0.180 seconds
[2025-11-19T11:33:31.493+0000] {processor.py:161} INFO - Started process (PID=342) to work on /opt/airflow/dags/data_ingestion.py
[2025-11-19T11:33:31.495+0000] {processor.py:830} INFO - Processing file /opt/airflow/dags/data_ingestion.py for tasks to queue
[2025-11-19T11:33:31.499+0000] {logging_mixin.py:188} INFO - [2025-11-19T11:33:31.498+0000] {dagbag.py:545} INFO - Filling up the DagBag from /opt/airflow/dags/data_ingestion.py
[2025-11-19T11:33:31.521+0000] {processor.py:840} INFO - DAG(s) 'data_ingestion' retrieved from /opt/airflow/dags/data_ingestion.py
[2025-11-19T11:33:31.559+0000] {logging_mixin.py:188} INFO - [2025-11-19T11:33:31.559+0000] {dag.py:3089} INFO - Sync 1 DAGs
[2025-11-19T11:33:31.611+0000] {logging_mixin.py:188} INFO - [2025-11-19T11:33:31.610+0000] {dag.py:3947} INFO - Setting next_dagrun for data_ingestion to 2025-11-19 00:00:00+00:00, run_after=2025-11-20 00:00:00+00:00
[2025-11-19T11:33:31.648+0000] {processor.py:183} INFO - Processing /opt/airflow/dags/data_ingestion.py took 0.164 seconds
[2025-11-19T11:34:01.963+0000] {processor.py:161} INFO - Started process (PID=357) to work on /opt/airflow/dags/data_ingestion.py
[2025-11-19T11:34:01.967+0000] {processor.py:830} INFO - Processing file /opt/airflow/dags/data_ingestion.py for tasks to queue
[2025-11-19T11:34:01.971+0000] {logging_mixin.py:188} INFO - [2025-11-19T11:34:01.970+0000] {dagbag.py:545} INFO - Filling up the DagBag from /opt/airflow/dags/data_ingestion.py
[2025-11-19T11:34:02.018+0000] {processor.py:840} INFO - DAG(s) 'data_ingestion' retrieved from /opt/airflow/dags/data_ingestion.py
[2025-11-19T11:34:02.064+0000] {logging_mixin.py:188} INFO - [2025-11-19T11:34:02.063+0000] {dag.py:3089} INFO - Sync 1 DAGs
[2025-11-19T11:34:02.110+0000] {logging_mixin.py:188} INFO - [2025-11-19T11:34:02.109+0000] {dag.py:3947} INFO - Setting next_dagrun for data_ingestion to 2025-11-19 00:00:00+00:00, run_after=2025-11-20 00:00:00+00:00
[2025-11-19T11:34:02.146+0000] {processor.py:183} INFO - Processing /opt/airflow/dags/data_ingestion.py took 0.200 seconds
[2025-11-19T11:34:32.293+0000] {processor.py:161} INFO - Started process (PID=372) to work on /opt/airflow/dags/data_ingestion.py
[2025-11-19T11:34:32.295+0000] {processor.py:830} INFO - Processing file /opt/airflow/dags/data_ingestion.py for tasks to queue
[2025-11-19T11:34:32.297+0000] {logging_mixin.py:188} INFO - [2025-11-19T11:34:32.297+0000] {dagbag.py:545} INFO - Filling up the DagBag from /opt/airflow/dags/data_ingestion.py
[2025-11-19T11:34:32.321+0000] {processor.py:840} INFO - DAG(s) 'data_ingestion' retrieved from /opt/airflow/dags/data_ingestion.py
[2025-11-19T11:34:32.365+0000] {logging_mixin.py:188} INFO - [2025-11-19T11:34:32.364+0000] {dag.py:3089} INFO - Sync 1 DAGs
[2025-11-19T11:34:32.415+0000] {logging_mixin.py:188} INFO - [2025-11-19T11:34:32.415+0000] {dag.py:3947} INFO - Setting next_dagrun for data_ingestion to 2025-11-19 00:00:00+00:00, run_after=2025-11-20 00:00:00+00:00
[2025-11-19T11:34:32.451+0000] {processor.py:183} INFO - Processing /opt/airflow/dags/data_ingestion.py took 0.167 seconds
[2025-11-19T11:35:56.533+0000] {processor.py:161} INFO - Started process (PID=180) to work on /opt/airflow/dags/data_ingestion.py
[2025-11-19T11:35:56.534+0000] {processor.py:830} INFO - Processing file /opt/airflow/dags/data_ingestion.py for tasks to queue
[2025-11-19T11:35:56.537+0000] {logging_mixin.py:188} INFO - [2025-11-19T11:35:56.536+0000] {dagbag.py:545} INFO - Filling up the DagBag from /opt/airflow/dags/data_ingestion.py
[2025-11-19T11:35:56.557+0000] {processor.py:840} INFO - DAG(s) 'data_ingestion' retrieved from /opt/airflow/dags/data_ingestion.py
[2025-11-19T11:35:56.624+0000] {logging_mixin.py:188} INFO - [2025-11-19T11:35:56.623+0000] {dag.py:3089} INFO - Sync 1 DAGs
[2025-11-19T11:35:56.726+0000] {logging_mixin.py:188} INFO - [2025-11-19T11:35:56.726+0000] {dag.py:3947} INFO - Setting next_dagrun for data_ingestion to 2025-11-19 00:00:00+00:00, run_after=2025-11-20 00:00:00+00:00
[2025-11-19T11:35:56.763+0000] {processor.py:183} INFO - Processing /opt/airflow/dags/data_ingestion.py took 0.237 seconds
[2025-11-19T11:37:29.748+0000] {processor.py:161} INFO - Started process (PID=225) to work on /opt/airflow/dags/data_ingestion.py
[2025-11-19T11:37:29.749+0000] {processor.py:830} INFO - Processing file /opt/airflow/dags/data_ingestion.py for tasks to queue
[2025-11-19T11:37:29.751+0000] {logging_mixin.py:188} INFO - [2025-11-19T11:37:29.750+0000] {dagbag.py:545} INFO - Filling up the DagBag from /opt/airflow/dags/data_ingestion.py
[2025-11-19T11:37:29.768+0000] {processor.py:840} INFO - DAG(s) 'data_ingestion' retrieved from /opt/airflow/dags/data_ingestion.py
[2025-11-19T11:37:30.142+0000] {logging_mixin.py:188} INFO - [2025-11-19T11:37:30.142+0000] {dag.py:3089} INFO - Sync 1 DAGs
[2025-11-19T11:37:30.166+0000] {logging_mixin.py:188} INFO - [2025-11-19T11:37:30.166+0000] {dag.py:3947} INFO - Setting next_dagrun for data_ingestion to 2025-11-19 00:00:00+00:00, run_after=2025-11-20 00:00:00+00:00
[2025-11-19T11:37:30.200+0000] {processor.py:183} INFO - Processing /opt/airflow/dags/data_ingestion.py took 0.458 seconds
[2025-11-19T11:38:00.693+0000] {processor.py:161} INFO - Started process (PID=240) to work on /opt/airflow/dags/data_ingestion.py
[2025-11-19T11:38:00.694+0000] {processor.py:830} INFO - Processing file /opt/airflow/dags/data_ingestion.py for tasks to queue
[2025-11-19T11:38:00.698+0000] {logging_mixin.py:188} INFO - [2025-11-19T11:38:00.697+0000] {dagbag.py:545} INFO - Filling up the DagBag from /opt/airflow/dags/data_ingestion.py
[2025-11-19T11:38:00.724+0000] {processor.py:840} INFO - DAG(s) 'data_ingestion' retrieved from /opt/airflow/dags/data_ingestion.py
[2025-11-19T11:38:00.766+0000] {logging_mixin.py:188} INFO - [2025-11-19T11:38:00.766+0000] {dag.py:3089} INFO - Sync 1 DAGs
[2025-11-19T11:38:00.820+0000] {logging_mixin.py:188} INFO - [2025-11-19T11:38:00.820+0000] {dag.py:3947} INFO - Setting next_dagrun for data_ingestion to 2025-11-19 00:00:00+00:00, run_after=2025-11-20 00:00:00+00:00
[2025-11-19T11:38:00.866+0000] {processor.py:183} INFO - Processing /opt/airflow/dags/data_ingestion.py took 0.188 seconds
[2025-11-19T11:38:31.269+0000] {processor.py:161} INFO - Started process (PID=266) to work on /opt/airflow/dags/data_ingestion.py
[2025-11-19T11:38:31.271+0000] {processor.py:830} INFO - Processing file /opt/airflow/dags/data_ingestion.py for tasks to queue
[2025-11-19T11:38:31.275+0000] {logging_mixin.py:188} INFO - [2025-11-19T11:38:31.274+0000] {dagbag.py:545} INFO - Filling up the DagBag from /opt/airflow/dags/data_ingestion.py
[2025-11-19T11:38:31.299+0000] {processor.py:840} INFO - DAG(s) 'data_ingestion' retrieved from /opt/airflow/dags/data_ingestion.py
[2025-11-19T11:38:31.347+0000] {logging_mixin.py:188} INFO - [2025-11-19T11:38:31.346+0000] {dag.py:3089} INFO - Sync 1 DAGs
[2025-11-19T11:38:31.442+0000] {logging_mixin.py:188} INFO - [2025-11-19T11:38:31.441+0000] {dag.py:3947} INFO - Setting next_dagrun for data_ingestion to 2025-11-19 00:00:00+00:00, run_after=2025-11-20 00:00:00+00:00
[2025-11-19T11:38:31.482+0000] {processor.py:183} INFO - Processing /opt/airflow/dags/data_ingestion.py took 0.228 seconds
[2025-11-19T11:39:02.022+0000] {processor.py:161} INFO - Started process (PID=281) to work on /opt/airflow/dags/data_ingestion.py
[2025-11-19T11:39:02.024+0000] {processor.py:830} INFO - Processing file /opt/airflow/dags/data_ingestion.py for tasks to queue
[2025-11-19T11:39:02.032+0000] {logging_mixin.py:188} INFO - [2025-11-19T11:39:02.030+0000] {dagbag.py:545} INFO - Filling up the DagBag from /opt/airflow/dags/data_ingestion.py
[2025-11-19T11:39:02.067+0000] {processor.py:840} INFO - DAG(s) 'data_ingestion' retrieved from /opt/airflow/dags/data_ingestion.py
[2025-11-19T11:39:02.120+0000] {logging_mixin.py:188} INFO - [2025-11-19T11:39:02.120+0000] {dag.py:3089} INFO - Sync 1 DAGs
[2025-11-19T11:39:02.190+0000] {logging_mixin.py:188} INFO - [2025-11-19T11:39:02.189+0000] {dag.py:3947} INFO - Setting next_dagrun for data_ingestion to 2025-11-19 00:00:00+00:00, run_after=2025-11-20 00:00:00+00:00
[2025-11-19T11:39:02.255+0000] {processor.py:183} INFO - Processing /opt/airflow/dags/data_ingestion.py took 0.255 seconds
[2025-11-19T11:39:32.750+0000] {processor.py:161} INFO - Started process (PID=296) to work on /opt/airflow/dags/data_ingestion.py
[2025-11-19T11:39:32.751+0000] {processor.py:830} INFO - Processing file /opt/airflow/dags/data_ingestion.py for tasks to queue
[2025-11-19T11:39:32.754+0000] {logging_mixin.py:188} INFO - [2025-11-19T11:39:32.753+0000] {dagbag.py:545} INFO - Filling up the DagBag from /opt/airflow/dags/data_ingestion.py
[2025-11-19T11:39:32.776+0000] {processor.py:840} INFO - DAG(s) 'data_ingestion' retrieved from /opt/airflow/dags/data_ingestion.py
[2025-11-19T11:39:32.811+0000] {logging_mixin.py:188} INFO - [2025-11-19T11:39:32.811+0000] {dag.py:3089} INFO - Sync 1 DAGs
[2025-11-19T11:39:32.840+0000] {logging_mixin.py:188} INFO - [2025-11-19T11:39:32.840+0000] {dag.py:3947} INFO - Setting next_dagrun for data_ingestion to 2025-11-19 00:00:00+00:00, run_after=2025-11-20 00:00:00+00:00
[2025-11-19T11:39:32.870+0000] {processor.py:183} INFO - Processing /opt/airflow/dags/data_ingestion.py took 0.128 seconds
[2025-11-19T11:40:03.216+0000] {processor.py:161} INFO - Started process (PID=311) to work on /opt/airflow/dags/data_ingestion.py
[2025-11-19T11:40:03.217+0000] {processor.py:830} INFO - Processing file /opt/airflow/dags/data_ingestion.py for tasks to queue
[2025-11-19T11:40:03.221+0000] {logging_mixin.py:188} INFO - [2025-11-19T11:40:03.220+0000] {dagbag.py:545} INFO - Filling up the DagBag from /opt/airflow/dags/data_ingestion.py
[2025-11-19T11:40:03.423+0000] {processor.py:840} INFO - DAG(s) 'data_ingestion' retrieved from /opt/airflow/dags/data_ingestion.py
[2025-11-19T11:40:03.701+0000] {logging_mixin.py:188} INFO - [2025-11-19T11:40:03.701+0000] {dag.py:3089} INFO - Sync 1 DAGs
[2025-11-19T11:40:03.768+0000] {logging_mixin.py:188} INFO - [2025-11-19T11:40:03.764+0000] {dag.py:3947} INFO - Setting next_dagrun for data_ingestion to 2025-11-19 00:00:00+00:00, run_after=2025-11-20 00:00:00+00:00
[2025-11-19T11:40:03.807+0000] {processor.py:183} INFO - Processing /opt/airflow/dags/data_ingestion.py took 0.603 seconds
[2025-11-19T11:40:34.117+0000] {processor.py:161} INFO - Started process (PID=326) to work on /opt/airflow/dags/data_ingestion.py
[2025-11-19T11:40:34.118+0000] {processor.py:830} INFO - Processing file /opt/airflow/dags/data_ingestion.py for tasks to queue
[2025-11-19T11:40:34.122+0000] {logging_mixin.py:188} INFO - [2025-11-19T11:40:34.121+0000] {dagbag.py:545} INFO - Filling up the DagBag from /opt/airflow/dags/data_ingestion.py
[2025-11-19T11:40:34.153+0000] {processor.py:840} INFO - DAG(s) 'data_ingestion' retrieved from /opt/airflow/dags/data_ingestion.py
[2025-11-19T11:40:34.195+0000] {logging_mixin.py:188} INFO - [2025-11-19T11:40:34.194+0000] {dag.py:3089} INFO - Sync 1 DAGs
[2025-11-19T11:40:34.231+0000] {logging_mixin.py:188} INFO - [2025-11-19T11:40:34.230+0000] {dag.py:3947} INFO - Setting next_dagrun for data_ingestion to 2025-11-19 00:00:00+00:00, run_after=2025-11-20 00:00:00+00:00
[2025-11-19T11:40:34.270+0000] {processor.py:183} INFO - Processing /opt/airflow/dags/data_ingestion.py took 0.164 seconds
[2025-11-19T11:40:52.458+0000] {processor.py:161} INFO - Started process (PID=341) to work on /opt/airflow/dags/data_ingestion.py
[2025-11-19T11:40:52.460+0000] {processor.py:830} INFO - Processing file /opt/airflow/dags/data_ingestion.py for tasks to queue
[2025-11-19T11:40:52.462+0000] {logging_mixin.py:188} INFO - [2025-11-19T11:40:52.462+0000] {dagbag.py:545} INFO - Filling up the DagBag from /opt/airflow/dags/data_ingestion.py
[2025-11-19T11:40:52.491+0000] {processor.py:840} INFO - DAG(s) 'data_ingestion' retrieved from /opt/airflow/dags/data_ingestion.py
[2025-11-19T11:40:52.887+0000] {logging_mixin.py:188} INFO - [2025-11-19T11:40:52.886+0000] {dag.py:3089} INFO - Sync 1 DAGs
[2025-11-19T11:40:52.921+0000] {logging_mixin.py:188} INFO - [2025-11-19T11:40:52.921+0000] {dag.py:3947} INFO - Setting next_dagrun for data_ingestion to 2025-11-19 00:00:00+00:00, run_after=2025-11-20 00:00:00+00:00
[2025-11-19T11:40:52.961+0000] {processor.py:183} INFO - Processing /opt/airflow/dags/data_ingestion.py took 0.512 seconds
[2025-11-19T11:41:02.638+0000] {processor.py:161} INFO - Started process (PID=346) to work on /opt/airflow/dags/data_ingestion.py
[2025-11-19T11:41:02.641+0000] {processor.py:830} INFO - Processing file /opt/airflow/dags/data_ingestion.py for tasks to queue
[2025-11-19T11:41:02.648+0000] {logging_mixin.py:188} INFO - [2025-11-19T11:41:02.647+0000] {dagbag.py:545} INFO - Filling up the DagBag from /opt/airflow/dags/data_ingestion.py
[2025-11-19T11:41:02.707+0000] {processor.py:840} INFO - DAG(s) 'data_ingestion' retrieved from /opt/airflow/dags/data_ingestion.py
[2025-11-19T11:41:02.732+0000] {logging_mixin.py:188} INFO - [2025-11-19T11:41:02.732+0000] {dag.py:3089} INFO - Sync 1 DAGs
[2025-11-19T11:41:02.774+0000] {logging_mixin.py:188} INFO - [2025-11-19T11:41:02.774+0000] {dag.py:3947} INFO - Setting next_dagrun for data_ingestion to 2025-11-19 00:00:00+00:00, run_after=2025-11-20 00:00:00+00:00
[2025-11-19T11:41:02.833+0000] {processor.py:183} INFO - Processing /opt/airflow/dags/data_ingestion.py took 0.233 seconds
[2025-11-19T11:41:33.037+0000] {processor.py:161} INFO - Started process (PID=361) to work on /opt/airflow/dags/data_ingestion.py
[2025-11-19T11:41:33.038+0000] {processor.py:830} INFO - Processing file /opt/airflow/dags/data_ingestion.py for tasks to queue
[2025-11-19T11:41:33.041+0000] {logging_mixin.py:188} INFO - [2025-11-19T11:41:33.040+0000] {dagbag.py:545} INFO - Filling up the DagBag from /opt/airflow/dags/data_ingestion.py
[2025-11-19T11:41:33.060+0000] {processor.py:840} INFO - DAG(s) 'data_ingestion' retrieved from /opt/airflow/dags/data_ingestion.py
[2025-11-19T11:41:33.090+0000] {logging_mixin.py:188} INFO - [2025-11-19T11:41:33.090+0000] {dag.py:3089} INFO - Sync 1 DAGs
[2025-11-19T11:41:33.124+0000] {logging_mixin.py:188} INFO - [2025-11-19T11:41:33.124+0000] {dag.py:3947} INFO - Setting next_dagrun for data_ingestion to 2025-11-19 00:00:00+00:00, run_after=2025-11-20 00:00:00+00:00
[2025-11-19T11:41:33.150+0000] {processor.py:183} INFO - Processing /opt/airflow/dags/data_ingestion.py took 0.124 seconds
[2025-11-19T11:42:04.194+0000] {processor.py:161} INFO - Started process (PID=376) to work on /opt/airflow/dags/data_ingestion.py
[2025-11-19T11:42:04.195+0000] {processor.py:830} INFO - Processing file /opt/airflow/dags/data_ingestion.py for tasks to queue
[2025-11-19T11:42:04.199+0000] {logging_mixin.py:188} INFO - [2025-11-19T11:42:04.198+0000] {dagbag.py:545} INFO - Filling up the DagBag from /opt/airflow/dags/data_ingestion.py
[2025-11-19T11:42:04.220+0000] {processor.py:840} INFO - DAG(s) 'data_ingestion' retrieved from /opt/airflow/dags/data_ingestion.py
[2025-11-19T11:42:04.263+0000] {logging_mixin.py:188} INFO - [2025-11-19T11:42:04.262+0000] {dag.py:3089} INFO - Sync 1 DAGs
[2025-11-19T11:42:04.297+0000] {logging_mixin.py:188} INFO - [2025-11-19T11:42:04.296+0000] {dag.py:3947} INFO - Setting next_dagrun for data_ingestion to 2025-11-19 00:00:00+00:00, run_after=2025-11-20 00:00:00+00:00
[2025-11-19T11:42:04.323+0000] {processor.py:183} INFO - Processing /opt/airflow/dags/data_ingestion.py took 0.140 seconds
[2025-11-19T11:43:01.906+0000] {processor.py:161} INFO - Started process (PID=181) to work on /opt/airflow/dags/data_ingestion.py
[2025-11-19T11:43:01.908+0000] {processor.py:830} INFO - Processing file /opt/airflow/dags/data_ingestion.py for tasks to queue
[2025-11-19T11:43:01.911+0000] {logging_mixin.py:188} INFO - [2025-11-19T11:43:01.911+0000] {dagbag.py:545} INFO - Filling up the DagBag from /opt/airflow/dags/data_ingestion.py
[2025-11-19T11:43:01.933+0000] {processor.py:840} INFO - DAG(s) 'data_ingestion' retrieved from /opt/airflow/dags/data_ingestion.py
[2025-11-19T11:43:01.978+0000] {logging_mixin.py:188} INFO - [2025-11-19T11:43:01.978+0000] {dag.py:3089} INFO - Sync 1 DAGs
[2025-11-19T11:43:02.011+0000] {logging_mixin.py:188} INFO - [2025-11-19T11:43:02.011+0000] {dag.py:3947} INFO - Setting next_dagrun for data_ingestion to 2025-11-19 00:00:00+00:00, run_after=2025-11-20 00:00:00+00:00
[2025-11-19T11:43:02.049+0000] {processor.py:183} INFO - Processing /opt/airflow/dags/data_ingestion.py took 0.159 seconds
[2025-11-19T11:43:32.380+0000] {processor.py:161} INFO - Started process (PID=207) to work on /opt/airflow/dags/data_ingestion.py
[2025-11-19T11:43:32.383+0000] {processor.py:830} INFO - Processing file /opt/airflow/dags/data_ingestion.py for tasks to queue
[2025-11-19T11:43:32.390+0000] {logging_mixin.py:188} INFO - [2025-11-19T11:43:32.388+0000] {dagbag.py:545} INFO - Filling up the DagBag from /opt/airflow/dags/data_ingestion.py
[2025-11-19T11:43:32.418+0000] {processor.py:840} INFO - DAG(s) 'data_ingestion' retrieved from /opt/airflow/dags/data_ingestion.py
[2025-11-19T11:43:32.648+0000] {logging_mixin.py:188} INFO - [2025-11-19T11:43:32.647+0000] {dag.py:3089} INFO - Sync 1 DAGs
[2025-11-19T11:43:32.675+0000] {logging_mixin.py:188} INFO - [2025-11-19T11:43:32.675+0000] {dag.py:3947} INFO - Setting next_dagrun for data_ingestion to 2025-11-19 00:00:00+00:00, run_after=2025-11-20 00:00:00+00:00
[2025-11-19T11:43:32.705+0000] {processor.py:183} INFO - Processing /opt/airflow/dags/data_ingestion.py took 0.344 seconds
[2025-11-19T11:44:03.088+0000] {processor.py:161} INFO - Started process (PID=222) to work on /opt/airflow/dags/data_ingestion.py
[2025-11-19T11:44:03.089+0000] {processor.py:830} INFO - Processing file /opt/airflow/dags/data_ingestion.py for tasks to queue
[2025-11-19T11:44:03.091+0000] {logging_mixin.py:188} INFO - [2025-11-19T11:44:03.091+0000] {dagbag.py:545} INFO - Filling up the DagBag from /opt/airflow/dags/data_ingestion.py
[2025-11-19T11:44:03.106+0000] {processor.py:840} INFO - DAG(s) 'data_ingestion' retrieved from /opt/airflow/dags/data_ingestion.py
[2025-11-19T11:44:03.138+0000] {logging_mixin.py:188} INFO - [2025-11-19T11:44:03.137+0000] {dag.py:3089} INFO - Sync 1 DAGs
[2025-11-19T11:44:03.182+0000] {logging_mixin.py:188} INFO - [2025-11-19T11:44:03.182+0000] {dag.py:3947} INFO - Setting next_dagrun for data_ingestion to 2025-11-19 00:00:00+00:00, run_after=2025-11-20 00:00:00+00:00
[2025-11-19T11:44:03.218+0000] {processor.py:183} INFO - Processing /opt/airflow/dags/data_ingestion.py took 0.137 seconds
[2025-11-19T11:44:34.074+0000] {processor.py:161} INFO - Started process (PID=248) to work on /opt/airflow/dags/data_ingestion.py
[2025-11-19T11:44:34.078+0000] {processor.py:830} INFO - Processing file /opt/airflow/dags/data_ingestion.py for tasks to queue
[2025-11-19T11:44:34.086+0000] {logging_mixin.py:188} INFO - [2025-11-19T11:44:34.085+0000] {dagbag.py:545} INFO - Filling up the DagBag from /opt/airflow/dags/data_ingestion.py
[2025-11-19T11:44:34.129+0000] {processor.py:840} INFO - DAG(s) 'data_ingestion' retrieved from /opt/airflow/dags/data_ingestion.py
[2025-11-19T11:44:34.312+0000] {logging_mixin.py:188} INFO - [2025-11-19T11:44:34.311+0000] {dag.py:3089} INFO - Sync 1 DAGs
[2025-11-19T11:44:34.378+0000] {logging_mixin.py:188} INFO - [2025-11-19T11:44:34.377+0000] {dag.py:3947} INFO - Setting next_dagrun for data_ingestion to 2025-11-19 00:00:00+00:00, run_after=2025-11-20 00:00:00+00:00
[2025-11-19T11:44:34.447+0000] {processor.py:183} INFO - Processing /opt/airflow/dags/data_ingestion.py took 0.394 seconds
[2025-11-19T11:45:05.352+0000] {processor.py:161} INFO - Started process (PID=269) to work on /opt/airflow/dags/data_ingestion.py
[2025-11-19T11:45:05.354+0000] {processor.py:830} INFO - Processing file /opt/airflow/dags/data_ingestion.py for tasks to queue
[2025-11-19T11:45:05.359+0000] {logging_mixin.py:188} INFO - [2025-11-19T11:45:05.359+0000] {dagbag.py:545} INFO - Filling up the DagBag from /opt/airflow/dags/data_ingestion.py
[2025-11-19T11:45:05.386+0000] {processor.py:840} INFO - DAG(s) 'data_ingestion' retrieved from /opt/airflow/dags/data_ingestion.py
[2025-11-19T11:45:05.431+0000] {logging_mixin.py:188} INFO - [2025-11-19T11:45:05.431+0000] {dag.py:3089} INFO - Sync 1 DAGs
[2025-11-19T11:45:05.468+0000] {logging_mixin.py:188} INFO - [2025-11-19T11:45:05.466+0000] {dag.py:3947} INFO - Setting next_dagrun for data_ingestion to 2025-11-19 00:00:00+00:00, run_after=2025-11-20 00:00:00+00:00
[2025-11-19T11:45:05.504+0000] {processor.py:183} INFO - Processing /opt/airflow/dags/data_ingestion.py took 0.164 seconds
[2025-11-19T11:45:35.840+0000] {processor.py:161} INFO - Started process (PID=284) to work on /opt/airflow/dags/data_ingestion.py
[2025-11-19T11:45:35.841+0000] {processor.py:830} INFO - Processing file /opt/airflow/dags/data_ingestion.py for tasks to queue
[2025-11-19T11:45:35.846+0000] {logging_mixin.py:188} INFO - [2025-11-19T11:45:35.845+0000] {dagbag.py:545} INFO - Filling up the DagBag from /opt/airflow/dags/data_ingestion.py
[2025-11-19T11:45:35.877+0000] {processor.py:840} INFO - DAG(s) 'data_ingestion' retrieved from /opt/airflow/dags/data_ingestion.py
[2025-11-19T11:45:35.922+0000] {logging_mixin.py:188} INFO - [2025-11-19T11:45:35.922+0000] {dag.py:3089} INFO - Sync 1 DAGs
[2025-11-19T11:45:35.966+0000] {logging_mixin.py:188} INFO - [2025-11-19T11:45:35.965+0000] {dag.py:3947} INFO - Setting next_dagrun for data_ingestion to 2025-11-19 00:00:00+00:00, run_after=2025-11-20 00:00:00+00:00
[2025-11-19T11:45:36.012+0000] {processor.py:183} INFO - Processing /opt/airflow/dags/data_ingestion.py took 0.184 seconds
[2025-11-19T11:46:06.432+0000] {processor.py:161} INFO - Started process (PID=299) to work on /opt/airflow/dags/data_ingestion.py
[2025-11-19T11:46:06.434+0000] {processor.py:830} INFO - Processing file /opt/airflow/dags/data_ingestion.py for tasks to queue
[2025-11-19T11:46:06.437+0000] {logging_mixin.py:188} INFO - [2025-11-19T11:46:06.436+0000] {dagbag.py:545} INFO - Filling up the DagBag from /opt/airflow/dags/data_ingestion.py
[2025-11-19T11:46:06.458+0000] {processor.py:840} INFO - DAG(s) 'data_ingestion' retrieved from /opt/airflow/dags/data_ingestion.py
[2025-11-19T11:46:06.498+0000] {logging_mixin.py:188} INFO - [2025-11-19T11:46:06.498+0000] {dag.py:3089} INFO - Sync 1 DAGs
[2025-11-19T11:46:06.541+0000] {logging_mixin.py:188} INFO - [2025-11-19T11:46:06.540+0000] {dag.py:3947} INFO - Setting next_dagrun for data_ingestion to 2025-11-19 00:00:00+00:00, run_after=2025-11-20 00:00:00+00:00
[2025-11-19T11:46:06.580+0000] {processor.py:183} INFO - Processing /opt/airflow/dags/data_ingestion.py took 0.156 seconds
[2025-11-19T11:46:36.875+0000] {processor.py:161} INFO - Started process (PID=314) to work on /opt/airflow/dags/data_ingestion.py
[2025-11-19T11:46:36.876+0000] {processor.py:830} INFO - Processing file /opt/airflow/dags/data_ingestion.py for tasks to queue
[2025-11-19T11:46:36.879+0000] {logging_mixin.py:188} INFO - [2025-11-19T11:46:36.878+0000] {dagbag.py:545} INFO - Filling up the DagBag from /opt/airflow/dags/data_ingestion.py
[2025-11-19T11:46:36.905+0000] {processor.py:840} INFO - DAG(s) 'data_ingestion' retrieved from /opt/airflow/dags/data_ingestion.py
[2025-11-19T11:46:36.941+0000] {logging_mixin.py:188} INFO - [2025-11-19T11:46:36.941+0000] {dag.py:3089} INFO - Sync 1 DAGs
[2025-11-19T11:46:36.982+0000] {logging_mixin.py:188} INFO - [2025-11-19T11:46:36.982+0000] {dag.py:3947} INFO - Setting next_dagrun for data_ingestion to 2025-11-19 00:00:00+00:00, run_after=2025-11-20 00:00:00+00:00
[2025-11-19T11:46:37.025+0000] {processor.py:183} INFO - Processing /opt/airflow/dags/data_ingestion.py took 0.158 seconds
[2025-11-19T11:47:07.489+0000] {processor.py:161} INFO - Started process (PID=329) to work on /opt/airflow/dags/data_ingestion.py
[2025-11-19T11:47:07.492+0000] {processor.py:830} INFO - Processing file /opt/airflow/dags/data_ingestion.py for tasks to queue
[2025-11-19T11:47:07.494+0000] {logging_mixin.py:188} INFO - [2025-11-19T11:47:07.494+0000] {dagbag.py:545} INFO - Filling up the DagBag from /opt/airflow/dags/data_ingestion.py
[2025-11-19T11:47:07.515+0000] {processor.py:840} INFO - DAG(s) 'data_ingestion' retrieved from /opt/airflow/dags/data_ingestion.py
[2025-11-19T11:47:07.552+0000] {logging_mixin.py:188} INFO - [2025-11-19T11:47:07.552+0000] {dag.py:3089} INFO - Sync 1 DAGs
[2025-11-19T11:47:07.590+0000] {logging_mixin.py:188} INFO - [2025-11-19T11:47:07.589+0000] {dag.py:3947} INFO - Setting next_dagrun for data_ingestion to 2025-11-19 00:00:00+00:00, run_after=2025-11-20 00:00:00+00:00
[2025-11-19T11:47:07.622+0000] {processor.py:183} INFO - Processing /opt/airflow/dags/data_ingestion.py took 0.143 seconds
[2025-11-19T11:47:38.039+0000] {processor.py:161} INFO - Started process (PID=344) to work on /opt/airflow/dags/data_ingestion.py
[2025-11-19T11:47:38.041+0000] {processor.py:830} INFO - Processing file /opt/airflow/dags/data_ingestion.py for tasks to queue
[2025-11-19T11:47:38.044+0000] {logging_mixin.py:188} INFO - [2025-11-19T11:47:38.044+0000] {dagbag.py:545} INFO - Filling up the DagBag from /opt/airflow/dags/data_ingestion.py
[2025-11-19T11:47:38.071+0000] {processor.py:840} INFO - DAG(s) 'data_ingestion' retrieved from /opt/airflow/dags/data_ingestion.py
[2025-11-19T11:47:38.109+0000] {logging_mixin.py:188} INFO - [2025-11-19T11:47:38.109+0000] {dag.py:3089} INFO - Sync 1 DAGs
[2025-11-19T11:47:38.151+0000] {logging_mixin.py:188} INFO - [2025-11-19T11:47:38.150+0000] {dag.py:3947} INFO - Setting next_dagrun for data_ingestion to 2025-11-19 00:00:00+00:00, run_after=2025-11-20 00:00:00+00:00
[2025-11-19T11:47:38.188+0000] {processor.py:183} INFO - Processing /opt/airflow/dags/data_ingestion.py took 0.159 seconds
