[2025-11-19T11:30:19.160+0000] {processor.py:161} INFO - Started process (PID=226) to work on /opt/airflow/dags/dbt_finance.py
[2025-11-19T11:30:19.161+0000] {processor.py:830} INFO - Processing file /opt/airflow/dags/dbt_finance.py for tasks to queue
[2025-11-19T11:30:19.165+0000] {logging_mixin.py:188} INFO - [2025-11-19T11:30:19.164+0000] {dagbag.py:545} INFO - Filling up the DagBag from /opt/airflow/dags/dbt_finance.py
[2025-11-19T11:30:19.175+0000] {logging_mixin.py:188} INFO - [2025-11-19T11:30:19.171+0000] {dagbag.py:355} ERROR - Failed to import: /opt/airflow/dags/dbt_finance.py
Traceback (most recent call last):
  File "/home/airflow/.local/lib/python3.12/site-packages/airflow/models/dagbag.py", line 351, in parse
    loader.exec_module(new_module)
  File "<frozen importlib._bootstrap_external>", line 995, in exec_module
  File "<frozen importlib._bootstrap>", line 488, in _call_with_frames_removed
  File "/opt/airflow/dags/dbt_finance.py", line 5, in <module>
    from airflow.providers.bash.operators.bash import BashOperator
ModuleNotFoundError: No module named 'airflow.providers.bash'
[2025-11-19T11:30:19.176+0000] {processor.py:842} WARNING - No viable dags retrieved from /opt/airflow/dags/dbt_finance.py
[2025-11-19T11:30:19.238+0000] {processor.py:183} INFO - Processing /opt/airflow/dags/dbt_finance.py took 0.093 seconds
[2025-11-19T11:30:49.604+0000] {processor.py:161} INFO - Started process (PID=241) to work on /opt/airflow/dags/dbt_finance.py
[2025-11-19T11:30:49.607+0000] {processor.py:830} INFO - Processing file /opt/airflow/dags/dbt_finance.py for tasks to queue
[2025-11-19T11:30:49.614+0000] {logging_mixin.py:188} INFO - [2025-11-19T11:30:49.614+0000] {dagbag.py:545} INFO - Filling up the DagBag from /opt/airflow/dags/dbt_finance.py
[2025-11-19T11:30:49.631+0000] {logging_mixin.py:188} INFO - [2025-11-19T11:30:49.624+0000] {dagbag.py:355} ERROR - Failed to import: /opt/airflow/dags/dbt_finance.py
Traceback (most recent call last):
  File "/home/airflow/.local/lib/python3.12/site-packages/airflow/models/dagbag.py", line 351, in parse
    loader.exec_module(new_module)
  File "<frozen importlib._bootstrap_external>", line 995, in exec_module
  File "<frozen importlib._bootstrap>", line 488, in _call_with_frames_removed
  File "/opt/airflow/dags/dbt_finance.py", line 5, in <module>
    from airflow.providers.bash.operators.bash import BashOperator
ModuleNotFoundError: No module named 'airflow.providers.bash'
[2025-11-19T11:30:49.633+0000] {processor.py:842} WARNING - No viable dags retrieved from /opt/airflow/dags/dbt_finance.py
[2025-11-19T11:30:49.699+0000] {processor.py:183} INFO - Processing /opt/airflow/dags/dbt_finance.py took 0.119 seconds
[2025-11-19T11:31:20.475+0000] {processor.py:161} INFO - Started process (PID=256) to work on /opt/airflow/dags/dbt_finance.py
[2025-11-19T11:31:20.477+0000] {processor.py:830} INFO - Processing file /opt/airflow/dags/dbt_finance.py for tasks to queue
[2025-11-19T11:31:20.485+0000] {logging_mixin.py:188} INFO - [2025-11-19T11:31:20.482+0000] {dagbag.py:545} INFO - Filling up the DagBag from /opt/airflow/dags/dbt_finance.py
[2025-11-19T11:31:20.503+0000] {logging_mixin.py:188} INFO - [2025-11-19T11:31:20.497+0000] {dagbag.py:355} ERROR - Failed to import: /opt/airflow/dags/dbt_finance.py
Traceback (most recent call last):
  File "/home/airflow/.local/lib/python3.12/site-packages/airflow/models/dagbag.py", line 351, in parse
    loader.exec_module(new_module)
  File "<frozen importlib._bootstrap_external>", line 995, in exec_module
  File "<frozen importlib._bootstrap>", line 488, in _call_with_frames_removed
  File "/opt/airflow/dags/dbt_finance.py", line 5, in <module>
    from airflow.providers.bash.operators.bash import BashOperator
ModuleNotFoundError: No module named 'airflow.providers.bash'
[2025-11-19T11:31:20.506+0000] {processor.py:842} WARNING - No viable dags retrieved from /opt/airflow/dags/dbt_finance.py
[2025-11-19T11:31:20.562+0000] {processor.py:183} INFO - Processing /opt/airflow/dags/dbt_finance.py took 0.103 seconds
[2025-11-19T11:31:51.018+0000] {processor.py:161} INFO - Started process (PID=271) to work on /opt/airflow/dags/dbt_finance.py
[2025-11-19T11:31:51.020+0000] {processor.py:830} INFO - Processing file /opt/airflow/dags/dbt_finance.py for tasks to queue
[2025-11-19T11:31:51.023+0000] {logging_mixin.py:188} INFO - [2025-11-19T11:31:51.023+0000] {dagbag.py:545} INFO - Filling up the DagBag from /opt/airflow/dags/dbt_finance.py
[2025-11-19T11:31:51.036+0000] {logging_mixin.py:188} INFO - [2025-11-19T11:31:51.033+0000] {dagbag.py:355} ERROR - Failed to import: /opt/airflow/dags/dbt_finance.py
Traceback (most recent call last):
  File "/home/airflow/.local/lib/python3.12/site-packages/airflow/models/dagbag.py", line 351, in parse
    loader.exec_module(new_module)
  File "<frozen importlib._bootstrap_external>", line 995, in exec_module
  File "<frozen importlib._bootstrap>", line 488, in _call_with_frames_removed
  File "/opt/airflow/dags/dbt_finance.py", line 5, in <module>
    from airflow.providers.bash.operators.bash import BashOperator
ModuleNotFoundError: No module named 'airflow.providers.bash'
[2025-11-19T11:31:51.037+0000] {processor.py:842} WARNING - No viable dags retrieved from /opt/airflow/dags/dbt_finance.py
[2025-11-19T11:31:51.077+0000] {processor.py:183} INFO - Processing /opt/airflow/dags/dbt_finance.py took 0.076 seconds
[2025-11-19T11:32:21.538+0000] {processor.py:161} INFO - Started process (PID=286) to work on /opt/airflow/dags/dbt_finance.py
[2025-11-19T11:32:21.540+0000] {processor.py:830} INFO - Processing file /opt/airflow/dags/dbt_finance.py for tasks to queue
[2025-11-19T11:32:21.542+0000] {logging_mixin.py:188} INFO - [2025-11-19T11:32:21.542+0000] {dagbag.py:545} INFO - Filling up the DagBag from /opt/airflow/dags/dbt_finance.py
[2025-11-19T11:32:21.550+0000] {logging_mixin.py:188} INFO - [2025-11-19T11:32:21.548+0000] {dagbag.py:355} ERROR - Failed to import: /opt/airflow/dags/dbt_finance.py
Traceback (most recent call last):
  File "/home/airflow/.local/lib/python3.12/site-packages/airflow/models/dagbag.py", line 351, in parse
    loader.exec_module(new_module)
  File "<frozen importlib._bootstrap_external>", line 995, in exec_module
  File "<frozen importlib._bootstrap>", line 488, in _call_with_frames_removed
  File "/opt/airflow/dags/dbt_finance.py", line 5, in <module>
    from airflow.providers.bash.operators.bash import BashOperator
ModuleNotFoundError: No module named 'airflow.providers.bash'
[2025-11-19T11:32:21.552+0000] {processor.py:842} WARNING - No viable dags retrieved from /opt/airflow/dags/dbt_finance.py
[2025-11-19T11:32:21.593+0000] {processor.py:183} INFO - Processing /opt/airflow/dags/dbt_finance.py took 0.065 seconds
[2025-11-19T11:32:40.974+0000] {processor.py:161} INFO - Started process (PID=301) to work on /opt/airflow/dags/dbt_finance.py
[2025-11-19T11:32:40.977+0000] {processor.py:830} INFO - Processing file /opt/airflow/dags/dbt_finance.py for tasks to queue
[2025-11-19T11:32:40.979+0000] {logging_mixin.py:188} INFO - [2025-11-19T11:32:40.979+0000] {dagbag.py:545} INFO - Filling up the DagBag from /opt/airflow/dags/dbt_finance.py
[2025-11-19T11:32:41.066+0000] {processor.py:840} INFO - DAG(s) 'dbt_finance' retrieved from /opt/airflow/dags/dbt_finance.py
[2025-11-19T11:32:41.760+0000] {logging_mixin.py:188} INFO - [2025-11-19T11:32:41.759+0000] {override.py:1858} INFO - Created Permission View: can delete on DAG:dbt_finance
[2025-11-19T11:32:41.777+0000] {logging_mixin.py:188} INFO - [2025-11-19T11:32:41.776+0000] {override.py:1858} INFO - Created Permission View: can edit on DAG:dbt_finance
[2025-11-19T11:32:41.793+0000] {logging_mixin.py:188} INFO - [2025-11-19T11:32:41.792+0000] {override.py:1858} INFO - Created Permission View: can read on DAG:dbt_finance
[2025-11-19T11:32:41.794+0000] {logging_mixin.py:188} INFO - [2025-11-19T11:32:41.794+0000] {dag.py:3089} INFO - Sync 1 DAGs
[2025-11-19T11:32:41.818+0000] {logging_mixin.py:188} INFO - [2025-11-19T11:32:41.818+0000] {dag.py:3111} INFO - Creating ORM DAG for dbt_finance
[2025-11-19T11:32:41.847+0000] {logging_mixin.py:188} INFO - [2025-11-19T11:32:41.846+0000] {dag.py:3947} INFO - Setting next_dagrun for dbt_finance to 2025-11-18 00:00:00+00:00, run_after=2025-11-19 00:00:00+00:00
[2025-11-19T11:32:41.891+0000] {processor.py:183} INFO - Processing /opt/airflow/dags/dbt_finance.py took 0.932 seconds
[2025-11-19T11:33:00.991+0000] {processor.py:161} INFO - Started process (PID=319) to work on /opt/airflow/dags/dbt_finance.py
[2025-11-19T11:33:00.993+0000] {processor.py:830} INFO - Processing file /opt/airflow/dags/dbt_finance.py for tasks to queue
[2025-11-19T11:33:00.996+0000] {logging_mixin.py:188} INFO - [2025-11-19T11:33:00.995+0000] {dagbag.py:545} INFO - Filling up the DagBag from /opt/airflow/dags/dbt_finance.py
[2025-11-19T11:33:01.028+0000] {processor.py:840} INFO - DAG(s) 'dbt_finance' retrieved from /opt/airflow/dags/dbt_finance.py
[2025-11-19T11:33:01.070+0000] {logging_mixin.py:188} INFO - [2025-11-19T11:33:01.069+0000] {dag.py:3089} INFO - Sync 1 DAGs
[2025-11-19T11:33:01.137+0000] {logging_mixin.py:188} INFO - [2025-11-19T11:33:01.137+0000] {dag.py:3947} INFO - Setting next_dagrun for dbt_finance to 2025-11-18 00:00:00+00:00, run_after=2025-11-19 00:00:00+00:00
[2025-11-19T11:33:01.203+0000] {processor.py:183} INFO - Processing /opt/airflow/dags/dbt_finance.py took 0.219 seconds
[2025-11-19T11:33:31.503+0000] {processor.py:161} INFO - Started process (PID=345) to work on /opt/airflow/dags/dbt_finance.py
[2025-11-19T11:33:31.505+0000] {processor.py:830} INFO - Processing file /opt/airflow/dags/dbt_finance.py for tasks to queue
[2025-11-19T11:33:31.509+0000] {logging_mixin.py:188} INFO - [2025-11-19T11:33:31.508+0000] {dagbag.py:545} INFO - Filling up the DagBag from /opt/airflow/dags/dbt_finance.py
[2025-11-19T11:33:31.532+0000] {processor.py:840} INFO - DAG(s) 'dbt_finance' retrieved from /opt/airflow/dags/dbt_finance.py
[2025-11-19T11:33:31.579+0000] {logging_mixin.py:188} INFO - [2025-11-19T11:33:31.577+0000] {dag.py:3089} INFO - Sync 1 DAGs
[2025-11-19T11:33:31.627+0000] {logging_mixin.py:188} INFO - [2025-11-19T11:33:31.626+0000] {dag.py:3947} INFO - Setting next_dagrun for dbt_finance to 2025-11-18 00:00:00+00:00, run_after=2025-11-19 00:00:00+00:00
[2025-11-19T11:33:31.670+0000] {processor.py:183} INFO - Processing /opt/airflow/dags/dbt_finance.py took 0.174 seconds
[2025-11-19T11:34:01.973+0000] {processor.py:161} INFO - Started process (PID=360) to work on /opt/airflow/dags/dbt_finance.py
[2025-11-19T11:34:01.976+0000] {processor.py:830} INFO - Processing file /opt/airflow/dags/dbt_finance.py for tasks to queue
[2025-11-19T11:34:01.981+0000] {logging_mixin.py:188} INFO - [2025-11-19T11:34:01.979+0000] {dagbag.py:545} INFO - Filling up the DagBag from /opt/airflow/dags/dbt_finance.py
[2025-11-19T11:34:02.020+0000] {processor.py:840} INFO - DAG(s) 'dbt_finance' retrieved from /opt/airflow/dags/dbt_finance.py
[2025-11-19T11:34:02.065+0000] {logging_mixin.py:188} INFO - [2025-11-19T11:34:02.065+0000] {dag.py:3089} INFO - Sync 1 DAGs
[2025-11-19T11:34:02.111+0000] {logging_mixin.py:188} INFO - [2025-11-19T11:34:02.110+0000] {dag.py:3947} INFO - Setting next_dagrun for dbt_finance to 2025-11-18 00:00:00+00:00, run_after=2025-11-19 00:00:00+00:00
[2025-11-19T11:34:02.146+0000] {processor.py:183} INFO - Processing /opt/airflow/dags/dbt_finance.py took 0.185 seconds
[2025-11-19T11:34:32.302+0000] {processor.py:161} INFO - Started process (PID=375) to work on /opt/airflow/dags/dbt_finance.py
[2025-11-19T11:34:32.304+0000] {processor.py:830} INFO - Processing file /opt/airflow/dags/dbt_finance.py for tasks to queue
[2025-11-19T11:34:32.308+0000] {logging_mixin.py:188} INFO - [2025-11-19T11:34:32.307+0000] {dagbag.py:545} INFO - Filling up the DagBag from /opt/airflow/dags/dbt_finance.py
[2025-11-19T11:34:32.337+0000] {processor.py:840} INFO - DAG(s) 'dbt_finance' retrieved from /opt/airflow/dags/dbt_finance.py
[2025-11-19T11:34:32.380+0000] {logging_mixin.py:188} INFO - [2025-11-19T11:34:32.380+0000] {dag.py:3089} INFO - Sync 1 DAGs
[2025-11-19T11:34:32.421+0000] {logging_mixin.py:188} INFO - [2025-11-19T11:34:32.421+0000] {dag.py:3947} INFO - Setting next_dagrun for dbt_finance to 2025-11-18 00:00:00+00:00, run_after=2025-11-19 00:00:00+00:00
[2025-11-19T11:34:32.460+0000] {processor.py:183} INFO - Processing /opt/airflow/dags/dbt_finance.py took 0.169 seconds
[2025-11-19T11:35:56.566+0000] {processor.py:161} INFO - Started process (PID=183) to work on /opt/airflow/dags/dbt_finance.py
[2025-11-19T11:35:56.567+0000] {processor.py:830} INFO - Processing file /opt/airflow/dags/dbt_finance.py for tasks to queue
[2025-11-19T11:35:56.570+0000] {logging_mixin.py:188} INFO - [2025-11-19T11:35:56.569+0000] {dagbag.py:545} INFO - Filling up the DagBag from /opt/airflow/dags/dbt_finance.py
[2025-11-19T11:35:56.607+0000] {processor.py:840} INFO - DAG(s) 'dbt_finance' retrieved from /opt/airflow/dags/dbt_finance.py
[2025-11-19T11:35:56.704+0000] {logging_mixin.py:188} INFO - [2025-11-19T11:35:56.703+0000] {dag.py:3089} INFO - Sync 1 DAGs
[2025-11-19T11:35:56.771+0000] {logging_mixin.py:188} INFO - [2025-11-19T11:35:56.770+0000] {dag.py:3947} INFO - Setting next_dagrun for dbt_finance to 2025-11-18 00:00:00+00:00, run_after=2025-11-19 00:00:00+00:00
[2025-11-19T11:35:56.810+0000] {processor.py:183} INFO - Processing /opt/airflow/dags/dbt_finance.py took 0.250 seconds
[2025-11-19T11:37:29.791+0000] {processor.py:161} INFO - Started process (PID=228) to work on /opt/airflow/dags/dbt_finance.py
[2025-11-19T11:37:29.792+0000] {processor.py:830} INFO - Processing file /opt/airflow/dags/dbt_finance.py for tasks to queue
[2025-11-19T11:37:29.795+0000] {logging_mixin.py:188} INFO - [2025-11-19T11:37:29.794+0000] {dagbag.py:545} INFO - Filling up the DagBag from /opt/airflow/dags/dbt_finance.py
[2025-11-19T11:37:29.822+0000] {processor.py:840} INFO - DAG(s) 'dbt_finance' retrieved from /opt/airflow/dags/dbt_finance.py
[2025-11-19T11:37:30.139+0000] {logging_mixin.py:188} INFO - [2025-11-19T11:37:30.139+0000] {dag.py:3089} INFO - Sync 1 DAGs
[2025-11-19T11:37:30.164+0000] {logging_mixin.py:188} INFO - [2025-11-19T11:37:30.164+0000] {dag.py:3947} INFO - Setting next_dagrun for dbt_finance to 2025-11-18 00:00:00+00:00, run_after=2025-11-19 00:00:00+00:00
[2025-11-19T11:37:30.191+0000] {processor.py:183} INFO - Processing /opt/airflow/dags/dbt_finance.py took 0.408 seconds
[2025-11-19T11:38:00.693+0000] {processor.py:161} INFO - Started process (PID=242) to work on /opt/airflow/dags/dbt_finance.py
[2025-11-19T11:38:00.694+0000] {processor.py:830} INFO - Processing file /opt/airflow/dags/dbt_finance.py for tasks to queue
[2025-11-19T11:38:00.699+0000] {logging_mixin.py:188} INFO - [2025-11-19T11:38:00.699+0000] {dagbag.py:545} INFO - Filling up the DagBag from /opt/airflow/dags/dbt_finance.py
[2025-11-19T11:38:00.733+0000] {processor.py:840} INFO - DAG(s) 'dbt_finance' retrieved from /opt/airflow/dags/dbt_finance.py
[2025-11-19T11:38:00.783+0000] {logging_mixin.py:188} INFO - [2025-11-19T11:38:00.782+0000] {dag.py:3089} INFO - Sync 1 DAGs
[2025-11-19T11:38:00.833+0000] {logging_mixin.py:188} INFO - [2025-11-19T11:38:00.833+0000] {dag.py:3947} INFO - Setting next_dagrun for dbt_finance to 2025-11-18 00:00:00+00:00, run_after=2025-11-19 00:00:00+00:00
[2025-11-19T11:38:00.893+0000] {processor.py:183} INFO - Processing /opt/airflow/dags/dbt_finance.py took 0.216 seconds
[2025-11-19T11:38:31.274+0000] {processor.py:161} INFO - Started process (PID=269) to work on /opt/airflow/dags/dbt_finance.py
[2025-11-19T11:38:31.275+0000] {processor.py:830} INFO - Processing file /opt/airflow/dags/dbt_finance.py for tasks to queue
[2025-11-19T11:38:31.277+0000] {logging_mixin.py:188} INFO - [2025-11-19T11:38:31.277+0000] {dagbag.py:545} INFO - Filling up the DagBag from /opt/airflow/dags/dbt_finance.py
[2025-11-19T11:38:31.306+0000] {processor.py:840} INFO - DAG(s) 'dbt_finance' retrieved from /opt/airflow/dags/dbt_finance.py
[2025-11-19T11:38:31.368+0000] {logging_mixin.py:188} INFO - [2025-11-19T11:38:31.365+0000] {dag.py:3089} INFO - Sync 1 DAGs
[2025-11-19T11:38:31.455+0000] {logging_mixin.py:188} INFO - [2025-11-19T11:38:31.454+0000] {dag.py:3947} INFO - Setting next_dagrun for dbt_finance to 2025-11-18 00:00:00+00:00, run_after=2025-11-19 00:00:00+00:00
[2025-11-19T11:38:31.489+0000] {processor.py:183} INFO - Processing /opt/airflow/dags/dbt_finance.py took 0.228 seconds
[2025-11-19T11:39:02.022+0000] {processor.py:161} INFO - Started process (PID=283) to work on /opt/airflow/dags/dbt_finance.py
[2025-11-19T11:39:02.024+0000] {processor.py:830} INFO - Processing file /opt/airflow/dags/dbt_finance.py for tasks to queue
[2025-11-19T11:39:02.032+0000] {logging_mixin.py:188} INFO - [2025-11-19T11:39:02.029+0000] {dagbag.py:545} INFO - Filling up the DagBag from /opt/airflow/dags/dbt_finance.py
[2025-11-19T11:39:02.067+0000] {processor.py:840} INFO - DAG(s) 'dbt_finance' retrieved from /opt/airflow/dags/dbt_finance.py
[2025-11-19T11:39:02.121+0000] {logging_mixin.py:188} INFO - [2025-11-19T11:39:02.121+0000] {dag.py:3089} INFO - Sync 1 DAGs
[2025-11-19T11:39:02.187+0000] {logging_mixin.py:188} INFO - [2025-11-19T11:39:02.187+0000] {dag.py:3947} INFO - Setting next_dagrun for dbt_finance to 2025-11-18 00:00:00+00:00, run_after=2025-11-19 00:00:00+00:00
[2025-11-19T11:39:02.256+0000] {processor.py:183} INFO - Processing /opt/airflow/dags/dbt_finance.py took 0.255 seconds
[2025-11-19T11:39:32.759+0000] {processor.py:161} INFO - Started process (PID=299) to work on /opt/airflow/dags/dbt_finance.py
[2025-11-19T11:39:32.760+0000] {processor.py:830} INFO - Processing file /opt/airflow/dags/dbt_finance.py for tasks to queue
[2025-11-19T11:39:32.762+0000] {logging_mixin.py:188} INFO - [2025-11-19T11:39:32.762+0000] {dagbag.py:545} INFO - Filling up the DagBag from /opt/airflow/dags/dbt_finance.py
[2025-11-19T11:39:32.781+0000] {processor.py:840} INFO - DAG(s) 'dbt_finance' retrieved from /opt/airflow/dags/dbt_finance.py
[2025-11-19T11:39:32.821+0000] {logging_mixin.py:188} INFO - [2025-11-19T11:39:32.820+0000] {dag.py:3089} INFO - Sync 1 DAGs
[2025-11-19T11:39:32.853+0000] {logging_mixin.py:188} INFO - [2025-11-19T11:39:32.853+0000] {dag.py:3947} INFO - Setting next_dagrun for dbt_finance to 2025-11-18 00:00:00+00:00, run_after=2025-11-19 00:00:00+00:00
[2025-11-19T11:39:32.882+0000] {processor.py:183} INFO - Processing /opt/airflow/dags/dbt_finance.py took 0.132 seconds
[2025-11-19T11:40:03.244+0000] {processor.py:161} INFO - Started process (PID=314) to work on /opt/airflow/dags/dbt_finance.py
[2025-11-19T11:40:03.256+0000] {processor.py:830} INFO - Processing file /opt/airflow/dags/dbt_finance.py for tasks to queue
[2025-11-19T11:40:03.305+0000] {logging_mixin.py:188} INFO - [2025-11-19T11:40:03.283+0000] {dagbag.py:545} INFO - Filling up the DagBag from /opt/airflow/dags/dbt_finance.py
[2025-11-19T11:40:03.473+0000] {processor.py:840} INFO - DAG(s) 'dbt_finance' retrieved from /opt/airflow/dags/dbt_finance.py
[2025-11-19T11:40:03.718+0000] {logging_mixin.py:188} INFO - [2025-11-19T11:40:03.717+0000] {dag.py:3089} INFO - Sync 1 DAGs
[2025-11-19T11:40:03.771+0000] {logging_mixin.py:188} INFO - [2025-11-19T11:40:03.771+0000] {dag.py:3947} INFO - Setting next_dagrun for dbt_finance to 2025-11-18 00:00:00+00:00, run_after=2025-11-19 00:00:00+00:00
[2025-11-19T11:40:03.811+0000] {processor.py:183} INFO - Processing /opt/airflow/dags/dbt_finance.py took 0.594 seconds
[2025-11-19T11:40:34.125+0000] {processor.py:161} INFO - Started process (PID=329) to work on /opt/airflow/dags/dbt_finance.py
[2025-11-19T11:40:34.127+0000] {processor.py:830} INFO - Processing file /opt/airflow/dags/dbt_finance.py for tasks to queue
[2025-11-19T11:40:34.129+0000] {logging_mixin.py:188} INFO - [2025-11-19T11:40:34.129+0000] {dagbag.py:545} INFO - Filling up the DagBag from /opt/airflow/dags/dbt_finance.py
[2025-11-19T11:40:34.160+0000] {processor.py:840} INFO - DAG(s) 'dbt_finance' retrieved from /opt/airflow/dags/dbt_finance.py
[2025-11-19T11:40:34.204+0000] {logging_mixin.py:188} INFO - [2025-11-19T11:40:34.204+0000] {dag.py:3089} INFO - Sync 1 DAGs
[2025-11-19T11:40:34.244+0000] {logging_mixin.py:188} INFO - [2025-11-19T11:40:34.243+0000] {dag.py:3947} INFO - Setting next_dagrun for dbt_finance to 2025-11-18 00:00:00+00:00, run_after=2025-11-19 00:00:00+00:00
[2025-11-19T11:40:34.283+0000] {processor.py:183} INFO - Processing /opt/airflow/dags/dbt_finance.py took 0.167 seconds
[2025-11-19T11:41:04.635+0000] {processor.py:161} INFO - Started process (PID=351) to work on /opt/airflow/dags/dbt_finance.py
[2025-11-19T11:41:04.637+0000] {processor.py:830} INFO - Processing file /opt/airflow/dags/dbt_finance.py for tasks to queue
[2025-11-19T11:41:04.645+0000] {logging_mixin.py:188} INFO - [2025-11-19T11:41:04.644+0000] {dagbag.py:545} INFO - Filling up the DagBag from /opt/airflow/dags/dbt_finance.py
[2025-11-19T11:41:04.673+0000] {processor.py:840} INFO - DAG(s) 'dbt_finance' retrieved from /opt/airflow/dags/dbt_finance.py
[2025-11-19T11:41:04.726+0000] {logging_mixin.py:188} INFO - [2025-11-19T11:41:04.726+0000] {dag.py:3089} INFO - Sync 1 DAGs
[2025-11-19T11:41:04.778+0000] {logging_mixin.py:188} INFO - [2025-11-19T11:41:04.777+0000] {dag.py:3947} INFO - Setting next_dagrun for dbt_finance to 2025-11-18 00:00:00+00:00, run_after=2025-11-19 00:00:00+00:00
[2025-11-19T11:41:04.820+0000] {processor.py:183} INFO - Processing /opt/airflow/dags/dbt_finance.py took 0.196 seconds
[2025-11-19T11:41:35.144+0000] {processor.py:161} INFO - Started process (PID=366) to work on /opt/airflow/dags/dbt_finance.py
[2025-11-19T11:41:35.145+0000] {processor.py:830} INFO - Processing file /opt/airflow/dags/dbt_finance.py for tasks to queue
[2025-11-19T11:41:35.149+0000] {logging_mixin.py:188} INFO - [2025-11-19T11:41:35.148+0000] {dagbag.py:545} INFO - Filling up the DagBag from /opt/airflow/dags/dbt_finance.py
[2025-11-19T11:41:35.176+0000] {processor.py:840} INFO - DAG(s) 'dbt_finance' retrieved from /opt/airflow/dags/dbt_finance.py
[2025-11-19T11:41:35.214+0000] {logging_mixin.py:188} INFO - [2025-11-19T11:41:35.214+0000] {dag.py:3089} INFO - Sync 1 DAGs
[2025-11-19T11:41:35.242+0000] {logging_mixin.py:188} INFO - [2025-11-19T11:41:35.241+0000] {dag.py:3947} INFO - Setting next_dagrun for dbt_finance to 2025-11-18 00:00:00+00:00, run_after=2025-11-19 00:00:00+00:00
[2025-11-19T11:41:35.264+0000] {processor.py:183} INFO - Processing /opt/airflow/dags/dbt_finance.py took 0.128 seconds
[2025-11-19T11:42:05.384+0000] {processor.py:161} INFO - Started process (PID=381) to work on /opt/airflow/dags/dbt_finance.py
[2025-11-19T11:42:05.386+0000] {processor.py:830} INFO - Processing file /opt/airflow/dags/dbt_finance.py for tasks to queue
[2025-11-19T11:42:05.389+0000] {logging_mixin.py:188} INFO - [2025-11-19T11:42:05.388+0000] {dagbag.py:545} INFO - Filling up the DagBag from /opt/airflow/dags/dbt_finance.py
[2025-11-19T11:42:05.419+0000] {processor.py:840} INFO - DAG(s) 'dbt_finance' retrieved from /opt/airflow/dags/dbt_finance.py
[2025-11-19T11:42:05.470+0000] {logging_mixin.py:188} INFO - [2025-11-19T11:42:05.469+0000] {dag.py:3089} INFO - Sync 1 DAGs
[2025-11-19T11:42:05.503+0000] {logging_mixin.py:188} INFO - [2025-11-19T11:42:05.503+0000] {dag.py:3947} INFO - Setting next_dagrun for dbt_finance to 2025-11-18 00:00:00+00:00, run_after=2025-11-19 00:00:00+00:00
[2025-11-19T11:42:05.536+0000] {processor.py:183} INFO - Processing /opt/airflow/dags/dbt_finance.py took 0.162 seconds
[2025-11-19T11:43:01.936+0000] {processor.py:161} INFO - Started process (PID=184) to work on /opt/airflow/dags/dbt_finance.py
[2025-11-19T11:43:01.937+0000] {processor.py:830} INFO - Processing file /opt/airflow/dags/dbt_finance.py for tasks to queue
[2025-11-19T11:43:01.940+0000] {logging_mixin.py:188} INFO - [2025-11-19T11:43:01.940+0000] {dagbag.py:545} INFO - Filling up the DagBag from /opt/airflow/dags/dbt_finance.py
[2025-11-19T11:43:01.957+0000] {processor.py:840} INFO - DAG(s) 'dbt_finance' retrieved from /opt/airflow/dags/dbt_finance.py
[2025-11-19T11:43:01.998+0000] {logging_mixin.py:188} INFO - [2025-11-19T11:43:01.997+0000] {dag.py:3089} INFO - Sync 1 DAGs
[2025-11-19T11:43:02.042+0000] {logging_mixin.py:188} INFO - [2025-11-19T11:43:02.042+0000] {dag.py:3947} INFO - Setting next_dagrun for dbt_finance to 2025-11-18 00:00:00+00:00, run_after=2025-11-19 00:00:00+00:00
[2025-11-19T11:43:02.070+0000] {processor.py:183} INFO - Processing /opt/airflow/dags/dbt_finance.py took 0.140 seconds
[2025-11-19T11:43:32.391+0000] {processor.py:161} INFO - Started process (PID=210) to work on /opt/airflow/dags/dbt_finance.py
[2025-11-19T11:43:32.392+0000] {processor.py:830} INFO - Processing file /opt/airflow/dags/dbt_finance.py for tasks to queue
[2025-11-19T11:43:32.395+0000] {logging_mixin.py:188} INFO - [2025-11-19T11:43:32.395+0000] {dagbag.py:545} INFO - Filling up the DagBag from /opt/airflow/dags/dbt_finance.py
[2025-11-19T11:43:32.421+0000] {processor.py:840} INFO - DAG(s) 'dbt_finance' retrieved from /opt/airflow/dags/dbt_finance.py
[2025-11-19T11:43:32.656+0000] {logging_mixin.py:188} INFO - [2025-11-19T11:43:32.655+0000] {dag.py:3089} INFO - Sync 1 DAGs
[2025-11-19T11:43:32.705+0000] {logging_mixin.py:188} INFO - [2025-11-19T11:43:32.705+0000] {dag.py:3947} INFO - Setting next_dagrun for dbt_finance to 2025-11-18 00:00:00+00:00, run_after=2025-11-19 00:00:00+00:00
[2025-11-19T11:43:32.738+0000] {processor.py:183} INFO - Processing /opt/airflow/dags/dbt_finance.py took 0.358 seconds
[2025-11-19T11:44:03.097+0000] {processor.py:161} INFO - Started process (PID=225) to work on /opt/airflow/dags/dbt_finance.py
[2025-11-19T11:44:03.098+0000] {processor.py:830} INFO - Processing file /opt/airflow/dags/dbt_finance.py for tasks to queue
[2025-11-19T11:44:03.100+0000] {logging_mixin.py:188} INFO - [2025-11-19T11:44:03.100+0000] {dagbag.py:545} INFO - Filling up the DagBag from /opt/airflow/dags/dbt_finance.py
[2025-11-19T11:44:03.120+0000] {processor.py:840} INFO - DAG(s) 'dbt_finance' retrieved from /opt/airflow/dags/dbt_finance.py
[2025-11-19T11:44:03.159+0000] {logging_mixin.py:188} INFO - [2025-11-19T11:44:03.158+0000] {dag.py:3089} INFO - Sync 1 DAGs
[2025-11-19T11:44:03.196+0000] {logging_mixin.py:188} INFO - [2025-11-19T11:44:03.196+0000] {dag.py:3947} INFO - Setting next_dagrun for dbt_finance to 2025-11-18 00:00:00+00:00, run_after=2025-11-19 00:00:00+00:00
[2025-11-19T11:44:03.236+0000] {processor.py:183} INFO - Processing /opt/airflow/dags/dbt_finance.py took 0.146 seconds
[2025-11-19T11:44:34.073+0000] {processor.py:161} INFO - Started process (PID=251) to work on /opt/airflow/dags/dbt_finance.py
[2025-11-19T11:44:34.075+0000] {processor.py:830} INFO - Processing file /opt/airflow/dags/dbt_finance.py for tasks to queue
[2025-11-19T11:44:34.086+0000] {logging_mixin.py:188} INFO - [2025-11-19T11:44:34.084+0000] {dagbag.py:545} INFO - Filling up the DagBag from /opt/airflow/dags/dbt_finance.py
[2025-11-19T11:44:34.128+0000] {processor.py:840} INFO - DAG(s) 'dbt_finance' retrieved from /opt/airflow/dags/dbt_finance.py
[2025-11-19T11:44:34.312+0000] {logging_mixin.py:188} INFO - [2025-11-19T11:44:34.312+0000] {dag.py:3089} INFO - Sync 1 DAGs
[2025-11-19T11:44:34.364+0000] {logging_mixin.py:188} INFO - [2025-11-19T11:44:34.364+0000] {dag.py:3947} INFO - Setting next_dagrun for dbt_finance to 2025-11-18 00:00:00+00:00, run_after=2025-11-19 00:00:00+00:00
[2025-11-19T11:44:34.413+0000] {processor.py:183} INFO - Processing /opt/airflow/dags/dbt_finance.py took 0.355 seconds
[2025-11-19T11:45:05.352+0000] {processor.py:161} INFO - Started process (PID=271) to work on /opt/airflow/dags/dbt_finance.py
[2025-11-19T11:45:05.356+0000] {processor.py:830} INFO - Processing file /opt/airflow/dags/dbt_finance.py for tasks to queue
[2025-11-19T11:45:05.360+0000] {logging_mixin.py:188} INFO - [2025-11-19T11:45:05.360+0000] {dagbag.py:545} INFO - Filling up the DagBag from /opt/airflow/dags/dbt_finance.py
[2025-11-19T11:45:05.386+0000] {processor.py:840} INFO - DAG(s) 'dbt_finance' retrieved from /opt/airflow/dags/dbt_finance.py
[2025-11-19T11:45:05.435+0000] {logging_mixin.py:188} INFO - [2025-11-19T11:45:05.434+0000] {dag.py:3089} INFO - Sync 1 DAGs
[2025-11-19T11:45:05.470+0000] {logging_mixin.py:188} INFO - [2025-11-19T11:45:05.470+0000] {dag.py:3947} INFO - Setting next_dagrun for dbt_finance to 2025-11-19 00:00:00+00:00, run_after=2025-11-20 00:00:00+00:00
[2025-11-19T11:45:05.506+0000] {processor.py:183} INFO - Processing /opt/airflow/dags/dbt_finance.py took 0.165 seconds
[2025-11-19T11:45:35.847+0000] {processor.py:161} INFO - Started process (PID=287) to work on /opt/airflow/dags/dbt_finance.py
[2025-11-19T11:45:35.851+0000] {processor.py:830} INFO - Processing file /opt/airflow/dags/dbt_finance.py for tasks to queue
[2025-11-19T11:45:35.857+0000] {logging_mixin.py:188} INFO - [2025-11-19T11:45:35.856+0000] {dagbag.py:545} INFO - Filling up the DagBag from /opt/airflow/dags/dbt_finance.py
[2025-11-19T11:45:35.885+0000] {processor.py:840} INFO - DAG(s) 'dbt_finance' retrieved from /opt/airflow/dags/dbt_finance.py
[2025-11-19T11:45:35.938+0000] {logging_mixin.py:188} INFO - [2025-11-19T11:45:35.938+0000] {dag.py:3089} INFO - Sync 1 DAGs
[2025-11-19T11:45:35.980+0000] {logging_mixin.py:188} INFO - [2025-11-19T11:45:35.980+0000] {dag.py:3947} INFO - Setting next_dagrun for dbt_finance to 2025-11-19 00:00:00+00:00, run_after=2025-11-20 00:00:00+00:00
[2025-11-19T11:45:36.030+0000] {processor.py:183} INFO - Processing /opt/airflow/dags/dbt_finance.py took 0.196 seconds
[2025-11-19T11:46:06.441+0000] {processor.py:161} INFO - Started process (PID=302) to work on /opt/airflow/dags/dbt_finance.py
[2025-11-19T11:46:06.443+0000] {processor.py:830} INFO - Processing file /opt/airflow/dags/dbt_finance.py for tasks to queue
[2025-11-19T11:46:06.447+0000] {logging_mixin.py:188} INFO - [2025-11-19T11:46:06.446+0000] {dagbag.py:545} INFO - Filling up the DagBag from /opt/airflow/dags/dbt_finance.py
[2025-11-19T11:46:06.470+0000] {processor.py:840} INFO - DAG(s) 'dbt_finance' retrieved from /opt/airflow/dags/dbt_finance.py
[2025-11-19T11:46:06.510+0000] {logging_mixin.py:188} INFO - [2025-11-19T11:46:06.509+0000] {dag.py:3089} INFO - Sync 1 DAGs
[2025-11-19T11:46:06.556+0000] {logging_mixin.py:188} INFO - [2025-11-19T11:46:06.556+0000] {dag.py:3947} INFO - Setting next_dagrun for dbt_finance to 2025-11-19 00:00:00+00:00, run_after=2025-11-20 00:00:00+00:00
[2025-11-19T11:46:06.597+0000] {processor.py:183} INFO - Processing /opt/airflow/dags/dbt_finance.py took 0.164 seconds
[2025-11-19T11:46:36.892+0000] {processor.py:161} INFO - Started process (PID=317) to work on /opt/airflow/dags/dbt_finance.py
[2025-11-19T11:46:36.897+0000] {processor.py:830} INFO - Processing file /opt/airflow/dags/dbt_finance.py for tasks to queue
[2025-11-19T11:46:36.903+0000] {logging_mixin.py:188} INFO - [2025-11-19T11:46:36.902+0000] {dagbag.py:545} INFO - Filling up the DagBag from /opt/airflow/dags/dbt_finance.py
[2025-11-19T11:46:36.929+0000] {processor.py:840} INFO - DAG(s) 'dbt_finance' retrieved from /opt/airflow/dags/dbt_finance.py
[2025-11-19T11:46:36.968+0000] {logging_mixin.py:188} INFO - [2025-11-19T11:46:36.968+0000] {dag.py:3089} INFO - Sync 1 DAGs
[2025-11-19T11:46:37.009+0000] {logging_mixin.py:188} INFO - [2025-11-19T11:46:37.008+0000] {dag.py:3947} INFO - Setting next_dagrun for dbt_finance to 2025-11-19 00:00:00+00:00, run_after=2025-11-20 00:00:00+00:00
[2025-11-19T11:46:37.051+0000] {processor.py:183} INFO - Processing /opt/airflow/dags/dbt_finance.py took 0.173 seconds
[2025-11-19T11:47:07.489+0000] {processor.py:161} INFO - Started process (PID=332) to work on /opt/airflow/dags/dbt_finance.py
[2025-11-19T11:47:07.491+0000] {processor.py:830} INFO - Processing file /opt/airflow/dags/dbt_finance.py for tasks to queue
[2025-11-19T11:47:07.493+0000] {logging_mixin.py:188} INFO - [2025-11-19T11:47:07.493+0000] {dagbag.py:545} INFO - Filling up the DagBag from /opt/airflow/dags/dbt_finance.py
[2025-11-19T11:47:07.515+0000] {processor.py:840} INFO - DAG(s) 'dbt_finance' retrieved from /opt/airflow/dags/dbt_finance.py
[2025-11-19T11:47:07.559+0000] {logging_mixin.py:188} INFO - [2025-11-19T11:47:07.559+0000] {dag.py:3089} INFO - Sync 1 DAGs
[2025-11-19T11:47:07.591+0000] {logging_mixin.py:188} INFO - [2025-11-19T11:47:07.591+0000] {dag.py:3947} INFO - Setting next_dagrun for dbt_finance to 2025-11-19 00:00:00+00:00, run_after=2025-11-20 00:00:00+00:00
[2025-11-19T11:47:07.622+0000] {processor.py:183} INFO - Processing /opt/airflow/dags/dbt_finance.py took 0.140 seconds
[2025-11-19T11:47:38.051+0000] {processor.py:161} INFO - Started process (PID=347) to work on /opt/airflow/dags/dbt_finance.py
[2025-11-19T11:47:38.053+0000] {processor.py:830} INFO - Processing file /opt/airflow/dags/dbt_finance.py for tasks to queue
[2025-11-19T11:47:38.057+0000] {logging_mixin.py:188} INFO - [2025-11-19T11:47:38.056+0000] {dagbag.py:545} INFO - Filling up the DagBag from /opt/airflow/dags/dbt_finance.py
[2025-11-19T11:47:38.084+0000] {processor.py:840} INFO - DAG(s) 'dbt_finance' retrieved from /opt/airflow/dags/dbt_finance.py
[2025-11-19T11:47:38.131+0000] {logging_mixin.py:188} INFO - [2025-11-19T11:47:38.130+0000] {dag.py:3089} INFO - Sync 1 DAGs
[2025-11-19T11:47:38.165+0000] {logging_mixin.py:188} INFO - [2025-11-19T11:47:38.165+0000] {dag.py:3947} INFO - Setting next_dagrun for dbt_finance to 2025-11-19 00:00:00+00:00, run_after=2025-11-20 00:00:00+00:00
[2025-11-19T11:47:38.200+0000] {processor.py:183} INFO - Processing /opt/airflow/dags/dbt_finance.py took 0.158 seconds
