[2025-11-19T11:30:19.308+0000] {processor.py:161} INFO - Started process (PID=236) to work on /opt/airflow/dags/utils/__init__.py
[2025-11-19T11:30:19.310+0000] {processor.py:830} INFO - Processing file /opt/airflow/dags/utils/__init__.py for tasks to queue
[2025-11-19T11:30:19.312+0000] {logging_mixin.py:188} INFO - [2025-11-19T11:30:19.311+0000] {dagbag.py:545} INFO - Filling up the DagBag from /opt/airflow/dags/utils/__init__.py
[2025-11-19T11:30:19.317+0000] {processor.py:842} WARNING - No viable dags retrieved from /opt/airflow/dags/utils/__init__.py
[2025-11-19T11:30:19.339+0000] {processor.py:183} INFO - Processing /opt/airflow/dags/utils/__init__.py took 0.039 seconds
[2025-11-19T11:30:49.760+0000] {processor.py:161} INFO - Started process (PID=251) to work on /opt/airflow/dags/utils/__init__.py
[2025-11-19T11:30:49.762+0000] {processor.py:830} INFO - Processing file /opt/airflow/dags/utils/__init__.py for tasks to queue
[2025-11-19T11:30:49.765+0000] {logging_mixin.py:188} INFO - [2025-11-19T11:30:49.764+0000] {dagbag.py:545} INFO - Filling up the DagBag from /opt/airflow/dags/utils/__init__.py
[2025-11-19T11:30:49.771+0000] {processor.py:842} WARNING - No viable dags retrieved from /opt/airflow/dags/utils/__init__.py
[2025-11-19T11:30:49.799+0000] {processor.py:183} INFO - Processing /opt/airflow/dags/utils/__init__.py took 0.052 seconds
[2025-11-19T11:31:20.606+0000] {processor.py:161} INFO - Started process (PID=266) to work on /opt/airflow/dags/utils/__init__.py
[2025-11-19T11:31:20.608+0000] {processor.py:830} INFO - Processing file /opt/airflow/dags/utils/__init__.py for tasks to queue
[2025-11-19T11:31:20.610+0000] {logging_mixin.py:188} INFO - [2025-11-19T11:31:20.610+0000] {dagbag.py:545} INFO - Filling up the DagBag from /opt/airflow/dags/utils/__init__.py
[2025-11-19T11:31:20.614+0000] {processor.py:842} WARNING - No viable dags retrieved from /opt/airflow/dags/utils/__init__.py
[2025-11-19T11:31:20.635+0000] {processor.py:183} INFO - Processing /opt/airflow/dags/utils/__init__.py took 0.038 seconds
[2025-11-19T11:31:51.119+0000] {processor.py:161} INFO - Started process (PID=281) to work on /opt/airflow/dags/utils/__init__.py
[2025-11-19T11:31:51.120+0000] {processor.py:830} INFO - Processing file /opt/airflow/dags/utils/__init__.py for tasks to queue
[2025-11-19T11:31:51.122+0000] {logging_mixin.py:188} INFO - [2025-11-19T11:31:51.121+0000] {dagbag.py:545} INFO - Filling up the DagBag from /opt/airflow/dags/utils/__init__.py
[2025-11-19T11:31:51.126+0000] {processor.py:842} WARNING - No viable dags retrieved from /opt/airflow/dags/utils/__init__.py
[2025-11-19T11:31:51.156+0000] {processor.py:183} INFO - Processing /opt/airflow/dags/utils/__init__.py took 0.044 seconds
[2025-11-19T11:32:21.629+0000] {processor.py:161} INFO - Started process (PID=296) to work on /opt/airflow/dags/utils/__init__.py
[2025-11-19T11:32:21.630+0000] {processor.py:830} INFO - Processing file /opt/airflow/dags/utils/__init__.py for tasks to queue
[2025-11-19T11:32:21.632+0000] {logging_mixin.py:188} INFO - [2025-11-19T11:32:21.632+0000] {dagbag.py:545} INFO - Filling up the DagBag from /opt/airflow/dags/utils/__init__.py
[2025-11-19T11:32:21.636+0000] {processor.py:842} WARNING - No viable dags retrieved from /opt/airflow/dags/utils/__init__.py
[2025-11-19T11:32:21.654+0000] {processor.py:183} INFO - Processing /opt/airflow/dags/utils/__init__.py took 0.031 seconds
[2025-11-19T11:32:51.844+0000] {processor.py:161} INFO - Started process (PID=311) to work on /opt/airflow/dags/utils/__init__.py
[2025-11-19T11:32:51.846+0000] {processor.py:830} INFO - Processing file /opt/airflow/dags/utils/__init__.py for tasks to queue
[2025-11-19T11:32:51.850+0000] {logging_mixin.py:188} INFO - [2025-11-19T11:32:51.850+0000] {dagbag.py:545} INFO - Filling up the DagBag from /opt/airflow/dags/utils/__init__.py
[2025-11-19T11:32:51.855+0000] {processor.py:842} WARNING - No viable dags retrieved from /opt/airflow/dags/utils/__init__.py
[2025-11-19T11:32:51.879+0000] {processor.py:183} INFO - Processing /opt/airflow/dags/utils/__init__.py took 0.044 seconds
[2025-11-19T11:33:22.413+0000] {processor.py:161} INFO - Started process (PID=337) to work on /opt/airflow/dags/utils/__init__.py
[2025-11-19T11:33:22.414+0000] {processor.py:830} INFO - Processing file /opt/airflow/dags/utils/__init__.py for tasks to queue
[2025-11-19T11:33:22.418+0000] {logging_mixin.py:188} INFO - [2025-11-19T11:33:22.417+0000] {dagbag.py:545} INFO - Filling up the DagBag from /opt/airflow/dags/utils/__init__.py
[2025-11-19T11:33:22.422+0000] {processor.py:842} WARNING - No viable dags retrieved from /opt/airflow/dags/utils/__init__.py
[2025-11-19T11:33:22.437+0000] {processor.py:183} INFO - Processing /opt/airflow/dags/utils/__init__.py took 0.035 seconds
[2025-11-19T11:33:52.858+0000] {processor.py:161} INFO - Started process (PID=352) to work on /opt/airflow/dags/utils/__init__.py
[2025-11-19T11:33:52.859+0000] {processor.py:830} INFO - Processing file /opt/airflow/dags/utils/__init__.py for tasks to queue
[2025-11-19T11:33:52.863+0000] {logging_mixin.py:188} INFO - [2025-11-19T11:33:52.862+0000] {dagbag.py:545} INFO - Filling up the DagBag from /opt/airflow/dags/utils/__init__.py
[2025-11-19T11:33:52.868+0000] {processor.py:842} WARNING - No viable dags retrieved from /opt/airflow/dags/utils/__init__.py
[2025-11-19T11:33:52.889+0000] {processor.py:183} INFO - Processing /opt/airflow/dags/utils/__init__.py took 0.040 seconds
[2025-11-19T11:34:23.208+0000] {processor.py:161} INFO - Started process (PID=367) to work on /opt/airflow/dags/utils/__init__.py
[2025-11-19T11:34:23.209+0000] {processor.py:830} INFO - Processing file /opt/airflow/dags/utils/__init__.py for tasks to queue
[2025-11-19T11:34:23.211+0000] {logging_mixin.py:188} INFO - [2025-11-19T11:34:23.211+0000] {dagbag.py:545} INFO - Filling up the DagBag from /opt/airflow/dags/utils/__init__.py
[2025-11-19T11:34:23.219+0000] {processor.py:842} WARNING - No viable dags retrieved from /opt/airflow/dags/utils/__init__.py
[2025-11-19T11:34:23.241+0000] {processor.py:183} INFO - Processing /opt/airflow/dags/utils/__init__.py took 0.040 seconds
[2025-11-19T11:34:53.692+0000] {processor.py:161} INFO - Started process (PID=382) to work on /opt/airflow/dags/utils/__init__.py
[2025-11-19T11:34:53.694+0000] {processor.py:830} INFO - Processing file /opt/airflow/dags/utils/__init__.py for tasks to queue
[2025-11-19T11:34:53.697+0000] {logging_mixin.py:188} INFO - [2025-11-19T11:34:53.696+0000] {dagbag.py:545} INFO - Filling up the DagBag from /opt/airflow/dags/utils/__init__.py
[2025-11-19T11:34:53.704+0000] {processor.py:842} WARNING - No viable dags retrieved from /opt/airflow/dags/utils/__init__.py
[2025-11-19T11:34:53.725+0000] {processor.py:183} INFO - Processing /opt/airflow/dags/utils/__init__.py took 0.043 seconds
[2025-11-19T11:35:56.808+0000] {processor.py:161} INFO - Started process (PID=189) to work on /opt/airflow/dags/utils/__init__.py
[2025-11-19T11:35:56.809+0000] {processor.py:830} INFO - Processing file /opt/airflow/dags/utils/__init__.py for tasks to queue
[2025-11-19T11:35:56.812+0000] {logging_mixin.py:188} INFO - [2025-11-19T11:35:56.812+0000] {dagbag.py:545} INFO - Filling up the DagBag from /opt/airflow/dags/utils/__init__.py
[2025-11-19T11:35:56.818+0000] {processor.py:842} WARNING - No viable dags retrieved from /opt/airflow/dags/utils/__init__.py
[2025-11-19T11:35:56.842+0000] {processor.py:183} INFO - Processing /opt/airflow/dags/utils/__init__.py took 0.042 seconds
[2025-11-19T11:37:30.226+0000] {processor.py:161} INFO - Started process (PID=235) to work on /opt/airflow/dags/utils/__init__.py
[2025-11-19T11:37:30.227+0000] {processor.py:830} INFO - Processing file /opt/airflow/dags/utils/__init__.py for tasks to queue
[2025-11-19T11:37:30.229+0000] {logging_mixin.py:188} INFO - [2025-11-19T11:37:30.229+0000] {dagbag.py:545} INFO - Filling up the DagBag from /opt/airflow/dags/utils/__init__.py
[2025-11-19T11:37:30.234+0000] {processor.py:842} WARNING - No viable dags retrieved from /opt/airflow/dags/utils/__init__.py
[2025-11-19T11:37:30.252+0000] {processor.py:183} INFO - Processing /opt/airflow/dags/utils/__init__.py took 0.033 seconds
[2025-11-19T11:38:00.976+0000] {processor.py:161} INFO - Started process (PID=250) to work on /opt/airflow/dags/utils/__init__.py
[2025-11-19T11:38:00.978+0000] {processor.py:830} INFO - Processing file /opt/airflow/dags/utils/__init__.py for tasks to queue
[2025-11-19T11:38:00.982+0000] {logging_mixin.py:188} INFO - [2025-11-19T11:38:00.981+0000] {dagbag.py:545} INFO - Filling up the DagBag from /opt/airflow/dags/utils/__init__.py
[2025-11-19T11:38:00.999+0000] {processor.py:842} WARNING - No viable dags retrieved from /opt/airflow/dags/utils/__init__.py
[2025-11-19T11:38:01.074+0000] {processor.py:183} INFO - Processing /opt/airflow/dags/utils/__init__.py took 0.117 seconds
[2025-11-19T11:38:31.523+0000] {processor.py:161} INFO - Started process (PID=276) to work on /opt/airflow/dags/utils/__init__.py
[2025-11-19T11:38:31.524+0000] {processor.py:830} INFO - Processing file /opt/airflow/dags/utils/__init__.py for tasks to queue
[2025-11-19T11:38:31.526+0000] {logging_mixin.py:188} INFO - [2025-11-19T11:38:31.526+0000] {dagbag.py:545} INFO - Filling up the DagBag from /opt/airflow/dags/utils/__init__.py
[2025-11-19T11:38:31.532+0000] {processor.py:842} WARNING - No viable dags retrieved from /opt/airflow/dags/utils/__init__.py
[2025-11-19T11:38:31.551+0000] {processor.py:183} INFO - Processing /opt/airflow/dags/utils/__init__.py took 0.036 seconds
[2025-11-19T11:39:02.489+0000] {processor.py:161} INFO - Started process (PID=291) to work on /opt/airflow/dags/utils/__init__.py
[2025-11-19T11:39:02.493+0000] {processor.py:830} INFO - Processing file /opt/airflow/dags/utils/__init__.py for tasks to queue
[2025-11-19T11:39:02.496+0000] {logging_mixin.py:188} INFO - [2025-11-19T11:39:02.495+0000] {dagbag.py:545} INFO - Filling up the DagBag from /opt/airflow/dags/utils/__init__.py
[2025-11-19T11:39:02.501+0000] {processor.py:842} WARNING - No viable dags retrieved from /opt/airflow/dags/utils/__init__.py
[2025-11-19T11:39:02.636+0000] {processor.py:183} INFO - Processing /opt/airflow/dags/utils/__init__.py took 0.169 seconds
[2025-11-19T11:39:32.913+0000] {processor.py:161} INFO - Started process (PID=306) to work on /opt/airflow/dags/utils/__init__.py
[2025-11-19T11:39:32.915+0000] {processor.py:830} INFO - Processing file /opt/airflow/dags/utils/__init__.py for tasks to queue
[2025-11-19T11:39:32.936+0000] {logging_mixin.py:188} INFO - [2025-11-19T11:39:32.935+0000] {dagbag.py:545} INFO - Filling up the DagBag from /opt/airflow/dags/utils/__init__.py
[2025-11-19T11:39:32.961+0000] {processor.py:842} WARNING - No viable dags retrieved from /opt/airflow/dags/utils/__init__.py
[2025-11-19T11:39:32.995+0000] {processor.py:183} INFO - Processing /opt/airflow/dags/utils/__init__.py took 0.091 seconds
[2025-11-19T11:40:03.857+0000] {processor.py:161} INFO - Started process (PID=321) to work on /opt/airflow/dags/utils/__init__.py
[2025-11-19T11:40:03.859+0000] {processor.py:830} INFO - Processing file /opt/airflow/dags/utils/__init__.py for tasks to queue
[2025-11-19T11:40:03.862+0000] {logging_mixin.py:188} INFO - [2025-11-19T11:40:03.861+0000] {dagbag.py:545} INFO - Filling up the DagBag from /opt/airflow/dags/utils/__init__.py
[2025-11-19T11:40:03.867+0000] {processor.py:842} WARNING - No viable dags retrieved from /opt/airflow/dags/utils/__init__.py
[2025-11-19T11:40:03.899+0000] {processor.py:183} INFO - Processing /opt/airflow/dags/utils/__init__.py took 0.052 seconds
[2025-11-19T11:40:34.315+0000] {processor.py:161} INFO - Started process (PID=336) to work on /opt/airflow/dags/utils/__init__.py
[2025-11-19T11:40:34.317+0000] {processor.py:830} INFO - Processing file /opt/airflow/dags/utils/__init__.py for tasks to queue
[2025-11-19T11:40:34.320+0000] {logging_mixin.py:188} INFO - [2025-11-19T11:40:34.319+0000] {dagbag.py:545} INFO - Filling up the DagBag from /opt/airflow/dags/utils/__init__.py
[2025-11-19T11:40:34.325+0000] {processor.py:842} WARNING - No viable dags retrieved from /opt/airflow/dags/utils/__init__.py
[2025-11-19T11:40:34.345+0000] {processor.py:183} INFO - Processing /opt/airflow/dags/utils/__init__.py took 0.037 seconds
[2025-11-19T11:41:04.640+0000] {processor.py:161} INFO - Started process (PID=353) to work on /opt/airflow/dags/utils/__init__.py
[2025-11-19T11:41:04.643+0000] {processor.py:830} INFO - Processing file /opt/airflow/dags/utils/__init__.py for tasks to queue
[2025-11-19T11:41:04.651+0000] {logging_mixin.py:188} INFO - [2025-11-19T11:41:04.650+0000] {dagbag.py:545} INFO - Filling up the DagBag from /opt/airflow/dags/utils/__init__.py
[2025-11-19T11:41:04.662+0000] {processor.py:842} WARNING - No viable dags retrieved from /opt/airflow/dags/utils/__init__.py
[2025-11-19T11:41:04.698+0000] {processor.py:183} INFO - Processing /opt/airflow/dags/utils/__init__.py took 0.071 seconds
[2025-11-19T11:41:35.152+0000] {processor.py:161} INFO - Started process (PID=369) to work on /opt/airflow/dags/utils/__init__.py
[2025-11-19T11:41:35.155+0000] {processor.py:830} INFO - Processing file /opt/airflow/dags/utils/__init__.py for tasks to queue
[2025-11-19T11:41:35.159+0000] {logging_mixin.py:188} INFO - [2025-11-19T11:41:35.158+0000] {dagbag.py:545} INFO - Filling up the DagBag from /opt/airflow/dags/utils/__init__.py
[2025-11-19T11:41:35.167+0000] {processor.py:842} WARNING - No viable dags retrieved from /opt/airflow/dags/utils/__init__.py
[2025-11-19T11:41:35.194+0000] {processor.py:183} INFO - Processing /opt/airflow/dags/utils/__init__.py took 0.051 seconds
[2025-11-19T11:42:05.390+0000] {processor.py:161} INFO - Started process (PID=384) to work on /opt/airflow/dags/utils/__init__.py
[2025-11-19T11:42:05.393+0000] {processor.py:830} INFO - Processing file /opt/airflow/dags/utils/__init__.py for tasks to queue
[2025-11-19T11:42:05.402+0000] {logging_mixin.py:188} INFO - [2025-11-19T11:42:05.401+0000] {dagbag.py:545} INFO - Filling up the DagBag from /opt/airflow/dags/utils/__init__.py
[2025-11-19T11:42:05.414+0000] {processor.py:842} WARNING - No viable dags retrieved from /opt/airflow/dags/utils/__init__.py
[2025-11-19T11:42:05.446+0000] {processor.py:183} INFO - Processing /opt/airflow/dags/utils/__init__.py took 0.065 seconds
[2025-11-19T11:43:02.084+0000] {processor.py:161} INFO - Started process (PID=189) to work on /opt/airflow/dags/utils/__init__.py
[2025-11-19T11:43:02.086+0000] {processor.py:830} INFO - Processing file /opt/airflow/dags/utils/__init__.py for tasks to queue
[2025-11-19T11:43:02.088+0000] {logging_mixin.py:188} INFO - [2025-11-19T11:43:02.088+0000] {dagbag.py:545} INFO - Filling up the DagBag from /opt/airflow/dags/utils/__init__.py
[2025-11-19T11:43:02.093+0000] {processor.py:842} WARNING - No viable dags retrieved from /opt/airflow/dags/utils/__init__.py
[2025-11-19T11:43:02.111+0000] {processor.py:183} INFO - Processing /opt/airflow/dags/utils/__init__.py took 0.034 seconds
[2025-11-19T11:43:32.742+0000] {processor.py:161} INFO - Started process (PID=215) to work on /opt/airflow/dags/utils/__init__.py
[2025-11-19T11:43:32.743+0000] {processor.py:830} INFO - Processing file /opt/airflow/dags/utils/__init__.py for tasks to queue
[2025-11-19T11:43:32.746+0000] {logging_mixin.py:188} INFO - [2025-11-19T11:43:32.745+0000] {dagbag.py:545} INFO - Filling up the DagBag from /opt/airflow/dags/utils/__init__.py
[2025-11-19T11:43:32.751+0000] {processor.py:842} WARNING - No viable dags retrieved from /opt/airflow/dags/utils/__init__.py
[2025-11-19T11:43:32.772+0000] {processor.py:183} INFO - Processing /opt/airflow/dags/utils/__init__.py took 0.038 seconds
[2025-11-19T11:44:03.272+0000] {processor.py:161} INFO - Started process (PID=232) to work on /opt/airflow/dags/utils/__init__.py
[2025-11-19T11:44:03.273+0000] {processor.py:830} INFO - Processing file /opt/airflow/dags/utils/__init__.py for tasks to queue
[2025-11-19T11:44:03.275+0000] {logging_mixin.py:188} INFO - [2025-11-19T11:44:03.275+0000] {dagbag.py:545} INFO - Filling up the DagBag from /opt/airflow/dags/utils/__init__.py
[2025-11-19T11:44:03.281+0000] {processor.py:842} WARNING - No viable dags retrieved from /opt/airflow/dags/utils/__init__.py
[2025-11-19T11:44:03.306+0000] {processor.py:183} INFO - Processing /opt/airflow/dags/utils/__init__.py took 0.046 seconds
[2025-11-19T11:44:34.474+0000] {processor.py:161} INFO - Started process (PID=256) to work on /opt/airflow/dags/utils/__init__.py
[2025-11-19T11:44:34.477+0000] {processor.py:830} INFO - Processing file /opt/airflow/dags/utils/__init__.py for tasks to queue
[2025-11-19T11:44:34.481+0000] {logging_mixin.py:188} INFO - [2025-11-19T11:44:34.480+0000] {dagbag.py:545} INFO - Filling up the DagBag from /opt/airflow/dags/utils/__init__.py
[2025-11-19T11:44:34.488+0000] {processor.py:842} WARNING - No viable dags retrieved from /opt/airflow/dags/utils/__init__.py
[2025-11-19T11:44:34.518+0000] {processor.py:183} INFO - Processing /opt/airflow/dags/utils/__init__.py took 0.056 seconds
[2025-11-19T11:45:05.538+0000] {processor.py:161} INFO - Started process (PID=279) to work on /opt/airflow/dags/utils/__init__.py
[2025-11-19T11:45:05.540+0000] {processor.py:830} INFO - Processing file /opt/airflow/dags/utils/__init__.py for tasks to queue
[2025-11-19T11:45:05.542+0000] {logging_mixin.py:188} INFO - [2025-11-19T11:45:05.542+0000] {dagbag.py:545} INFO - Filling up the DagBag from /opt/airflow/dags/utils/__init__.py
[2025-11-19T11:45:05.547+0000] {processor.py:842} WARNING - No viable dags retrieved from /opt/airflow/dags/utils/__init__.py
[2025-11-19T11:45:05.565+0000] {processor.py:183} INFO - Processing /opt/airflow/dags/utils/__init__.py took 0.033 seconds
[2025-11-19T11:45:36.062+0000] {processor.py:161} INFO - Started process (PID=294) to work on /opt/airflow/dags/utils/__init__.py
[2025-11-19T11:45:36.063+0000] {processor.py:830} INFO - Processing file /opt/airflow/dags/utils/__init__.py for tasks to queue
[2025-11-19T11:45:36.068+0000] {logging_mixin.py:188} INFO - [2025-11-19T11:45:36.067+0000] {dagbag.py:545} INFO - Filling up the DagBag from /opt/airflow/dags/utils/__init__.py
[2025-11-19T11:45:36.074+0000] {processor.py:842} WARNING - No viable dags retrieved from /opt/airflow/dags/utils/__init__.py
[2025-11-19T11:45:36.100+0000] {processor.py:183} INFO - Processing /opt/airflow/dags/utils/__init__.py took 0.048 seconds
[2025-11-19T11:46:06.618+0000] {processor.py:161} INFO - Started process (PID=308) to work on /opt/airflow/dags/utils/__init__.py
[2025-11-19T11:46:06.619+0000] {processor.py:830} INFO - Processing file /opt/airflow/dags/utils/__init__.py for tasks to queue
[2025-11-19T11:46:06.622+0000] {logging_mixin.py:188} INFO - [2025-11-19T11:46:06.621+0000] {dagbag.py:545} INFO - Filling up the DagBag from /opt/airflow/dags/utils/__init__.py
[2025-11-19T11:46:06.626+0000] {processor.py:842} WARNING - No viable dags retrieved from /opt/airflow/dags/utils/__init__.py
[2025-11-19T11:46:06.641+0000] {processor.py:183} INFO - Processing /opt/airflow/dags/utils/__init__.py took 0.032 seconds
[2025-11-19T11:46:37.070+0000] {processor.py:161} INFO - Started process (PID=323) to work on /opt/airflow/dags/utils/__init__.py
[2025-11-19T11:46:37.072+0000] {processor.py:830} INFO - Processing file /opt/airflow/dags/utils/__init__.py for tasks to queue
[2025-11-19T11:46:37.074+0000] {logging_mixin.py:188} INFO - [2025-11-19T11:46:37.074+0000] {dagbag.py:545} INFO - Filling up the DagBag from /opt/airflow/dags/utils/__init__.py
[2025-11-19T11:46:37.079+0000] {processor.py:842} WARNING - No viable dags retrieved from /opt/airflow/dags/utils/__init__.py
[2025-11-19T11:46:37.098+0000] {processor.py:183} INFO - Processing /opt/airflow/dags/utils/__init__.py took 0.035 seconds
[2025-11-19T11:47:07.660+0000] {processor.py:161} INFO - Started process (PID=339) to work on /opt/airflow/dags/utils/__init__.py
[2025-11-19T11:47:07.661+0000] {processor.py:830} INFO - Processing file /opt/airflow/dags/utils/__init__.py for tasks to queue
[2025-11-19T11:47:07.664+0000] {logging_mixin.py:188} INFO - [2025-11-19T11:47:07.663+0000] {dagbag.py:545} INFO - Filling up the DagBag from /opt/airflow/dags/utils/__init__.py
[2025-11-19T11:47:07.668+0000] {processor.py:842} WARNING - No viable dags retrieved from /opt/airflow/dags/utils/__init__.py
[2025-11-19T11:47:07.683+0000] {processor.py:183} INFO - Processing /opt/airflow/dags/utils/__init__.py took 0.030 seconds
[2025-11-19T11:47:38.228+0000] {processor.py:161} INFO - Started process (PID=354) to work on /opt/airflow/dags/utils/__init__.py
[2025-11-19T11:47:38.229+0000] {processor.py:830} INFO - Processing file /opt/airflow/dags/utils/__init__.py for tasks to queue
[2025-11-19T11:47:38.231+0000] {logging_mixin.py:188} INFO - [2025-11-19T11:47:38.231+0000] {dagbag.py:545} INFO - Filling up the DagBag from /opt/airflow/dags/utils/__init__.py
[2025-11-19T11:47:38.236+0000] {processor.py:842} WARNING - No viable dags retrieved from /opt/airflow/dags/utils/__init__.py
[2025-11-19T11:47:38.257+0000] {processor.py:183} INFO - Processing /opt/airflow/dags/utils/__init__.py took 0.037 seconds
