[2025-11-19T12:14:17.675+0000] {local_task_job_runner.py:120} INFO - ::group::Pre task execution logs
[2025-11-19T12:14:17.771+0000] {taskinstance.py:2076} INFO - Dependencies all met for dep_context=non-requeueable deps ti=<TaskInstance: dbt_finance.dbt_deps manual__2025-11-19T12:08:21.354688+00:00 [queued]>
[2025-11-19T12:14:17.793+0000] {taskinstance.py:2076} INFO - Dependencies all met for dep_context=requeueable deps ti=<TaskInstance: dbt_finance.dbt_deps manual__2025-11-19T12:08:21.354688+00:00 [queued]>
[2025-11-19T12:14:17.794+0000] {taskinstance.py:2306} INFO - Starting attempt 2 of 3
[2025-11-19T12:14:17.822+0000] {taskinstance.py:2330} INFO - Executing <Task(BashOperator): dbt_deps> on 2025-11-19 12:08:21.354688+00:00
[2025-11-19T12:14:17.841+0000] {logging_mixin.py:188} WARNING - /home/***/.local/lib/python3.12/site-packages/***/task/task_runner/standard_task_runner.py:62 DeprecationWarning: This process (pid=256) is multi-threaded, use of fork() may lead to deadlocks in the child.
[2025-11-19T12:14:17.837+0000] {standard_task_runner.py:90} INFO - Running: ['***', 'tasks', 'run', 'dbt_finance', 'dbt_deps', 'manual__2025-11-19T12:08:21.354688+00:00', '--job-id', '30', '--raw', '--subdir', 'DAGS_FOLDER/dbt_finance.py', '--cfg-path', '/tmp/tmppglgwowx']
[2025-11-19T12:14:17.845+0000] {standard_task_runner.py:64} INFO - Started process 257 to run task
[2025-11-19T12:14:17.845+0000] {standard_task_runner.py:91} INFO - Job 30: Subtask dbt_deps
[2025-11-19T12:14:17.953+0000] {task_command.py:426} INFO - Running <TaskInstance: dbt_finance.dbt_deps manual__2025-11-19T12:08:21.354688+00:00 [running]> on host 95fae17e724e
[2025-11-19T12:14:18.228+0000] {taskinstance.py:2648} INFO - Exporting env vars: AIRFLOW_CTX_DAG_OWNER='tam.dang' AIRFLOW_CTX_DAG_ID='dbt_finance' AIRFLOW_CTX_TASK_ID='dbt_deps' AIRFLOW_CTX_EXECUTION_DATE='2025-11-19T12:08:21.354688+00:00' AIRFLOW_CTX_TRY_NUMBER='2' AIRFLOW_CTX_DAG_RUN_ID='manual__2025-11-19T12:08:21.354688+00:00'
[2025-11-19T12:14:18.230+0000] {taskinstance.py:430} INFO - ::endgroup::
[2025-11-19T12:14:18.365+0000] {subprocess.py:63} INFO - Tmp dir root location: /tmp
[2025-11-19T12:14:18.370+0000] {subprocess.py:75} INFO - Running command: ['/usr/bin/bash', '-c', 'cd /opt/*** && dbt deps --target prod']
[2025-11-19T12:14:18.514+0000] {subprocess.py:86} INFO - Output:
[2025-11-19T12:14:24.048+0000] {subprocess.py:93} INFO - [0m12:14:24  Running with dbt=1.7.19
[2025-11-19T12:14:24.600+0000] {subprocess.py:93} INFO - [0m12:14:24  Updating lock file in file path: /opt/***/package-lock.yml
[2025-11-19T12:14:24.604+0000] {subprocess.py:93} INFO - [0m12:14:24  Encountered an error:
[2025-11-19T12:14:24.605+0000] {subprocess.py:93} INFO - [Errno 16] Device or resource busy: 'dbt_packages'
[2025-11-19T12:14:24.608+0000] {subprocess.py:93} INFO - [0m12:14:24  Traceback (most recent call last):
[2025-11-19T12:14:24.609+0000] {subprocess.py:93} INFO -   File "/home/***/.local/lib/python3.12/site-packages/dbt/cli/requires.py", line 91, in wrapper
[2025-11-19T12:14:24.610+0000] {subprocess.py:93} INFO -     result, success = func(*args, **kwargs)
[2025-11-19T12:14:24.611+0000] {subprocess.py:93} INFO -                       ^^^^^^^^^^^^^^^^^^^^^
[2025-11-19T12:14:24.612+0000] {subprocess.py:93} INFO -   File "/home/***/.local/lib/python3.12/site-packages/dbt/cli/requires.py", line 76, in wrapper
[2025-11-19T12:14:24.613+0000] {subprocess.py:93} INFO -     return func(*args, **kwargs)
[2025-11-19T12:14:24.614+0000] {subprocess.py:93} INFO -            ^^^^^^^^^^^^^^^^^^^^^
[2025-11-19T12:14:24.615+0000] {subprocess.py:93} INFO -   File "/home/***/.local/lib/python3.12/site-packages/dbt/cli/requires.py", line 152, in wrapper
[2025-11-19T12:14:24.615+0000] {subprocess.py:93} INFO -     return func(*args, **kwargs)
[2025-11-19T12:14:24.616+0000] {subprocess.py:93} INFO -            ^^^^^^^^^^^^^^^^^^^^^
[2025-11-19T12:14:24.616+0000] {subprocess.py:93} INFO -   File "/home/***/.local/lib/python3.12/site-packages/dbt/cli/requires.py", line 198, in wrapper
[2025-11-19T12:14:24.617+0000] {subprocess.py:93} INFO -     return func(*args, **kwargs)
[2025-11-19T12:14:24.621+0000] {subprocess.py:93} INFO -            ^^^^^^^^^^^^^^^^^^^^^
[2025-11-19T12:14:24.624+0000] {subprocess.py:93} INFO -   File "/home/***/.local/lib/python3.12/site-packages/dbt/cli/main.py", line 493, in deps
[2025-11-19T12:14:24.626+0000] {subprocess.py:93} INFO -     results = task.run()
[2025-11-19T12:14:24.627+0000] {subprocess.py:93} INFO -               ^^^^^^^^^^
[2025-11-19T12:14:24.628+0000] {subprocess.py:93} INFO -   File "/home/***/.local/lib/python3.12/site-packages/dbt/task/deps.py", line 228, in run
[2025-11-19T12:14:24.629+0000] {subprocess.py:93} INFO -     system.rmtree(self.project.packages_install_path)
[2025-11-19T12:14:24.629+0000] {subprocess.py:93} INFO -   File "/home/***/.local/lib/python3.12/site-packages/dbt/clients/system.py", line 570, in rmtree
[2025-11-19T12:14:24.630+0000] {subprocess.py:93} INFO -     return shutil.rmtree(path, onerror=chmod_and_retry)
[2025-11-19T12:14:24.631+0000] {subprocess.py:93} INFO -            ^^^^^^^^^^^^^^^^^^^^^^^^^^^^^^^^^^^^^^^^^^^^
[2025-11-19T12:14:24.631+0000] {subprocess.py:93} INFO -   File "/usr/local/lib/python3.12/shutil.py", line 759, in rmtree
[2025-11-19T12:14:24.632+0000] {subprocess.py:93} INFO -     _rmtree_safe_fd(stack, onexc)
[2025-11-19T12:14:24.633+0000] {subprocess.py:93} INFO -   File "/usr/local/lib/python3.12/shutil.py", line 703, in _rmtree_safe_fd
[2025-11-19T12:14:24.633+0000] {subprocess.py:93} INFO -     onexc(func, path, err)
[2025-11-19T12:14:24.634+0000] {subprocess.py:93} INFO -   File "/usr/local/lib/python3.12/shutil.py", line 750, in onexc
[2025-11-19T12:14:24.634+0000] {subprocess.py:93} INFO -     return onerror(func, path, exc_info)
[2025-11-19T12:14:24.636+0000] {subprocess.py:93} INFO -            ^^^^^^^^^^^^^^^^^^^^^^^^^^^^^
[2025-11-19T12:14:24.637+0000] {subprocess.py:93} INFO -   File "/usr/local/lib/python3.12/shutil.py", line 662, in _rmtree_safe_fd
[2025-11-19T12:14:24.638+0000] {subprocess.py:93} INFO -     os.rmdir(name, dir_fd=dirfd)
[2025-11-19T12:14:24.639+0000] {subprocess.py:93} INFO - OSError: [Errno 16] Device or resource busy: 'dbt_packages'
[2025-11-19T12:14:24.639+0000] {subprocess.py:93} INFO - 
[2025-11-19T12:14:26.064+0000] {subprocess.py:97} INFO - Command exited with return code 2
[2025-11-19T12:14:26.065+0000] {taskinstance.py:441} INFO - ::group::Post task execution logs
[2025-11-19T12:14:26.080+0000] {taskinstance.py:2905} ERROR - Task failed with exception
Traceback (most recent call last):
  File "/home/airflow/.local/lib/python3.12/site-packages/airflow/models/taskinstance.py", line 465, in _execute_task
    result = _execute_callable(context=context, **execute_callable_kwargs)
             ^^^^^^^^^^^^^^^^^^^^^^^^^^^^^^^^^^^^^^^^^^^^^^^^^^^^^^^^^^^^^
  File "/home/airflow/.local/lib/python3.12/site-packages/airflow/models/taskinstance.py", line 432, in _execute_callable
    return execute_callable(context=context, **execute_callable_kwargs)
           ^^^^^^^^^^^^^^^^^^^^^^^^^^^^^^^^^^^^^^^^^^^^^^^^^^^^^^^^^^^^
  File "/home/airflow/.local/lib/python3.12/site-packages/airflow/models/baseoperator.py", line 401, in wrapper
    return func(self, *args, **kwargs)
           ^^^^^^^^^^^^^^^^^^^^^^^^^^^
  File "/home/airflow/.local/lib/python3.12/site-packages/airflow/operators/bash.py", line 243, in execute
    raise AirflowException(
airflow.exceptions.AirflowException: Bash command failed. The command returned a non-zero exit code 2.
[2025-11-19T12:14:26.087+0000] {taskinstance.py:1206} INFO - Marking task as UP_FOR_RETRY. dag_id=dbt_finance, task_id=dbt_deps, run_id=manual__2025-11-19T12:08:21.354688+00:00, execution_date=20251119T120821, start_date=20251119T121417, end_date=20251119T121426
[2025-11-19T12:14:26.115+0000] {standard_task_runner.py:110} ERROR - Failed to execute job 30 for task dbt_deps (Bash command failed. The command returned a non-zero exit code 2.; 257)
[2025-11-19T12:14:26.147+0000] {local_task_job_runner.py:243} INFO - Task exited with return code 1
[2025-11-19T12:14:26.189+0000] {taskinstance.py:3503} INFO - 0 downstream tasks scheduled from follow-on schedule check
[2025-11-19T12:14:26.191+0000] {local_task_job_runner.py:222} INFO - ::endgroup::
