[2025-11-19T12:10:28.929+0000] {local_task_job_runner.py:120} INFO - ::group::Pre task execution logs
[2025-11-19T12:10:28.998+0000] {taskinstance.py:2076} INFO - Dependencies all met for dep_context=non-requeueable deps ti=<TaskInstance: dbt_finance.dbt_deps manual__2025-11-19T12:08:21.354688+00:00 [queued]>
[2025-11-19T12:10:29.014+0000] {taskinstance.py:2076} INFO - Dependencies all met for dep_context=requeueable deps ti=<TaskInstance: dbt_finance.dbt_deps manual__2025-11-19T12:08:21.354688+00:00 [queued]>
[2025-11-19T12:10:29.015+0000] {taskinstance.py:2306} INFO - Starting attempt 1 of 2
[2025-11-19T12:10:29.032+0000] {taskinstance.py:2330} INFO - Executing <Task(BashOperator): dbt_deps> on 2025-11-19 12:08:21.354688+00:00
[2025-11-19T12:10:29.040+0000] {logging_mixin.py:188} WARNING - /home/***/.local/lib/python3.12/site-packages/***/task/task_runner/standard_task_runner.py:62 DeprecationWarning: This process (pid=384) is multi-threaded, use of fork() may lead to deadlocks in the child.
[2025-11-19T12:10:29.042+0000] {standard_task_runner.py:64} INFO - Started process 385 to run task
[2025-11-19T12:10:29.040+0000] {standard_task_runner.py:90} INFO - Running: ['***', 'tasks', 'run', 'dbt_finance', 'dbt_deps', 'manual__2025-11-19T12:08:21.354688+00:00', '--job-id', '28', '--raw', '--subdir', 'DAGS_FOLDER/dbt_finance.py', '--cfg-path', '/tmp/tmpt827nq72']
[2025-11-19T12:10:29.043+0000] {standard_task_runner.py:91} INFO - Job 28: Subtask dbt_deps
[2025-11-19T12:10:29.108+0000] {task_command.py:426} INFO - Running <TaskInstance: dbt_finance.dbt_deps manual__2025-11-19T12:08:21.354688+00:00 [running]> on host f8ef3c16e368
[2025-11-19T12:10:29.235+0000] {taskinstance.py:2648} INFO - Exporting env vars: AIRFLOW_CTX_DAG_OWNER='tam.dang' AIRFLOW_CTX_DAG_ID='dbt_finance' AIRFLOW_CTX_TASK_ID='dbt_deps' AIRFLOW_CTX_EXECUTION_DATE='2025-11-19T12:08:21.354688+00:00' AIRFLOW_CTX_TRY_NUMBER='1' AIRFLOW_CTX_DAG_RUN_ID='manual__2025-11-19T12:08:21.354688+00:00'
[2025-11-19T12:10:29.236+0000] {taskinstance.py:430} INFO - ::endgroup::
[2025-11-19T12:10:29.285+0000] {subprocess.py:63} INFO - Tmp dir root location: /tmp
[2025-11-19T12:10:29.296+0000] {subprocess.py:75} INFO - Running command: ['/usr/bin/bash', '-c', 'cd /opt/*** && dbt deps --target prod']
[2025-11-19T12:10:29.315+0000] {subprocess.py:86} INFO - Output:
[2025-11-19T12:10:35.824+0000] {subprocess.py:93} INFO - [0m12:10:35  Running with dbt=1.7.19
[2025-11-19T12:10:36.121+0000] {subprocess.py:93} INFO - [0m12:10:36  Encountered an error:
[2025-11-19T12:10:36.122+0000] {subprocess.py:93} INFO - [Errno 16] Device or resource busy: 'dbt_packages'
[2025-11-19T12:10:36.126+0000] {subprocess.py:93} INFO - [0m12:10:36  Traceback (most recent call last):
[2025-11-19T12:10:36.127+0000] {subprocess.py:93} INFO -   File "/home/***/.local/lib/python3.12/site-packages/dbt/cli/requires.py", line 91, in wrapper
[2025-11-19T12:10:36.127+0000] {subprocess.py:93} INFO -     result, success = func(*args, **kwargs)
[2025-11-19T12:10:36.128+0000] {subprocess.py:93} INFO -                       ^^^^^^^^^^^^^^^^^^^^^
[2025-11-19T12:10:36.128+0000] {subprocess.py:93} INFO -   File "/home/***/.local/lib/python3.12/site-packages/dbt/cli/requires.py", line 76, in wrapper
[2025-11-19T12:10:36.129+0000] {subprocess.py:93} INFO -     return func(*args, **kwargs)
[2025-11-19T12:10:36.129+0000] {subprocess.py:93} INFO -            ^^^^^^^^^^^^^^^^^^^^^
[2025-11-19T12:10:36.130+0000] {subprocess.py:93} INFO -   File "/home/***/.local/lib/python3.12/site-packages/dbt/cli/requires.py", line 152, in wrapper
[2025-11-19T12:10:36.131+0000] {subprocess.py:93} INFO -     return func(*args, **kwargs)
[2025-11-19T12:10:36.131+0000] {subprocess.py:93} INFO -            ^^^^^^^^^^^^^^^^^^^^^
[2025-11-19T12:10:36.132+0000] {subprocess.py:93} INFO -   File "/home/***/.local/lib/python3.12/site-packages/dbt/cli/requires.py", line 198, in wrapper
[2025-11-19T12:10:36.132+0000] {subprocess.py:93} INFO -     return func(*args, **kwargs)
[2025-11-19T12:10:36.133+0000] {subprocess.py:93} INFO -            ^^^^^^^^^^^^^^^^^^^^^
[2025-11-19T12:10:36.134+0000] {subprocess.py:93} INFO -   File "/home/***/.local/lib/python3.12/site-packages/dbt/cli/main.py", line 493, in deps
[2025-11-19T12:10:36.134+0000] {subprocess.py:93} INFO -     results = task.run()
[2025-11-19T12:10:36.135+0000] {subprocess.py:93} INFO -               ^^^^^^^^^^
[2025-11-19T12:10:36.135+0000] {subprocess.py:93} INFO -   File "/home/***/.local/lib/python3.12/site-packages/dbt/task/deps.py", line 228, in run
[2025-11-19T12:10:36.136+0000] {subprocess.py:93} INFO -     system.rmtree(self.project.packages_install_path)
[2025-11-19T12:10:36.136+0000] {subprocess.py:93} INFO -   File "/home/***/.local/lib/python3.12/site-packages/dbt/clients/system.py", line 570, in rmtree
[2025-11-19T12:10:36.140+0000] {subprocess.py:93} INFO -     return shutil.rmtree(path, onerror=chmod_and_retry)
[2025-11-19T12:10:36.141+0000] {subprocess.py:93} INFO -            ^^^^^^^^^^^^^^^^^^^^^^^^^^^^^^^^^^^^^^^^^^^^
[2025-11-19T12:10:36.141+0000] {subprocess.py:93} INFO -   File "/usr/local/lib/python3.12/shutil.py", line 759, in rmtree
[2025-11-19T12:10:36.142+0000] {subprocess.py:93} INFO -     _rmtree_safe_fd(stack, onexc)
[2025-11-19T12:10:36.143+0000] {subprocess.py:93} INFO -   File "/usr/local/lib/python3.12/shutil.py", line 703, in _rmtree_safe_fd
[2025-11-19T12:10:36.145+0000] {subprocess.py:93} INFO -     onexc(func, path, err)
[2025-11-19T12:10:36.149+0000] {subprocess.py:93} INFO -   File "/usr/local/lib/python3.12/shutil.py", line 750, in onexc
[2025-11-19T12:10:36.149+0000] {subprocess.py:93} INFO -     return onerror(func, path, exc_info)
[2025-11-19T12:10:36.150+0000] {subprocess.py:93} INFO -            ^^^^^^^^^^^^^^^^^^^^^^^^^^^^^
[2025-11-19T12:10:36.151+0000] {subprocess.py:93} INFO -   File "/usr/local/lib/python3.12/shutil.py", line 662, in _rmtree_safe_fd
[2025-11-19T12:10:36.151+0000] {subprocess.py:93} INFO -     os.rmdir(name, dir_fd=dirfd)
[2025-11-19T12:10:36.152+0000] {subprocess.py:93} INFO - OSError: [Errno 16] Device or resource busy: 'dbt_packages'
[2025-11-19T12:10:36.152+0000] {subprocess.py:93} INFO - 
[2025-11-19T12:10:37.863+0000] {subprocess.py:97} INFO - Command exited with return code 2
[2025-11-19T12:10:37.864+0000] {taskinstance.py:441} INFO - ::group::Post task execution logs
[2025-11-19T12:10:37.878+0000] {taskinstance.py:2905} ERROR - Task failed with exception
Traceback (most recent call last):
  File "/home/airflow/.local/lib/python3.12/site-packages/airflow/models/taskinstance.py", line 465, in _execute_task
    result = _execute_callable(context=context, **execute_callable_kwargs)
             ^^^^^^^^^^^^^^^^^^^^^^^^^^^^^^^^^^^^^^^^^^^^^^^^^^^^^^^^^^^^^
  File "/home/airflow/.local/lib/python3.12/site-packages/airflow/models/taskinstance.py", line 432, in _execute_callable
    return execute_callable(context=context, **execute_callable_kwargs)
           ^^^^^^^^^^^^^^^^^^^^^^^^^^^^^^^^^^^^^^^^^^^^^^^^^^^^^^^^^^^^
  File "/home/airflow/.local/lib/python3.12/site-packages/airflow/models/baseoperator.py", line 401, in wrapper
    return func(self, *args, **kwargs)
           ^^^^^^^^^^^^^^^^^^^^^^^^^^^
  File "/home/airflow/.local/lib/python3.12/site-packages/airflow/operators/bash.py", line 243, in execute
    raise AirflowException(
airflow.exceptions.AirflowException: Bash command failed. The command returned a non-zero exit code 2.
[2025-11-19T12:10:37.884+0000] {taskinstance.py:1206} INFO - Marking task as UP_FOR_RETRY. dag_id=dbt_finance, task_id=dbt_deps, run_id=manual__2025-11-19T12:08:21.354688+00:00, execution_date=20251119T120821, start_date=20251119T121028, end_date=20251119T121037
[2025-11-19T12:10:37.903+0000] {standard_task_runner.py:110} ERROR - Failed to execute job 28 for task dbt_deps (Bash command failed. The command returned a non-zero exit code 2.; 385)
[2025-11-19T12:10:37.942+0000] {local_task_job_runner.py:243} INFO - Task exited with return code 1
[2025-11-19T12:10:37.972+0000] {taskinstance.py:3503} INFO - 0 downstream tasks scheduled from follow-on schedule check
[2025-11-19T12:10:37.974+0000] {local_task_job_runner.py:222} INFO - ::endgroup::
