[2025-11-19T12:19:27.045+0000] {local_task_job_runner.py:120} INFO - ::group::Pre task execution logs
[2025-11-19T12:19:27.087+0000] {taskinstance.py:2076} INFO - Dependencies all met for dep_context=non-requeueable deps ti=<TaskInstance: dbt_finance.dbt_deps manual__2025-11-19T12:08:21.354688+00:00 [queued]>
[2025-11-19T12:19:27.098+0000] {taskinstance.py:2076} INFO - Dependencies all met for dep_context=requeueable deps ti=<TaskInstance: dbt_finance.dbt_deps manual__2025-11-19T12:08:21.354688+00:00 [queued]>
[2025-11-19T12:19:27.099+0000] {taskinstance.py:2306} INFO - Starting attempt 3 of 3
[2025-11-19T12:19:27.115+0000] {taskinstance.py:2330} INFO - Executing <Task(BashOperator): dbt_deps> on 2025-11-19 12:08:21.354688+00:00
[2025-11-19T12:19:27.127+0000] {logging_mixin.py:188} WARNING - /home/***/.local/lib/python3.12/site-packages/***/task/task_runner/standard_task_runner.py:62 DeprecationWarning: This process (pid=241) is multi-threaded, use of fork() may lead to deadlocks in the child.
[2025-11-19T12:19:27.129+0000] {standard_task_runner.py:64} INFO - Started process 242 to run task
[2025-11-19T12:19:27.128+0000] {standard_task_runner.py:90} INFO - Running: ['***', 'tasks', 'run', 'dbt_finance', 'dbt_deps', 'manual__2025-11-19T12:08:21.354688+00:00', '--job-id', '32', '--raw', '--subdir', 'DAGS_FOLDER/dbt_finance.py', '--cfg-path', '/tmp/tmps0q03sf8']
[2025-11-19T12:19:27.131+0000] {standard_task_runner.py:91} INFO - Job 32: Subtask dbt_deps
[2025-11-19T12:19:27.209+0000] {task_command.py:426} INFO - Running <TaskInstance: dbt_finance.dbt_deps manual__2025-11-19T12:08:21.354688+00:00 [running]> on host 51d2cd8bcdaf
[2025-11-19T12:19:27.310+0000] {taskinstance.py:2648} INFO - Exporting env vars: AIRFLOW_CTX_DAG_OWNER='tam.dang' AIRFLOW_CTX_DAG_ID='dbt_finance' AIRFLOW_CTX_TASK_ID='dbt_deps' AIRFLOW_CTX_EXECUTION_DATE='2025-11-19T12:08:21.354688+00:00' AIRFLOW_CTX_TRY_NUMBER='3' AIRFLOW_CTX_DAG_RUN_ID='manual__2025-11-19T12:08:21.354688+00:00'
[2025-11-19T12:19:27.311+0000] {taskinstance.py:430} INFO - ::endgroup::
[2025-11-19T12:19:27.345+0000] {subprocess.py:63} INFO - Tmp dir root location: /tmp
[2025-11-19T12:19:27.347+0000] {subprocess.py:75} INFO - Running command: ['/usr/bin/bash', '-c', 'cd /opt/*** && dbt deps --target prod']
[2025-11-19T12:19:27.357+0000] {subprocess.py:86} INFO - Output:
[2025-11-19T12:19:33.202+0000] {subprocess.py:93} INFO - [0m12:19:33  Running with dbt=1.7.19
[2025-11-19T12:19:33.753+0000] {subprocess.py:93} INFO - [0m12:19:33  Updating lock file in file path: /opt/***/package-lock.yml
[2025-11-19T12:19:33.764+0000] {subprocess.py:93} INFO - [0m12:19:33  Installing dbt-labs/dbt_utils
[2025-11-19T12:19:34.448+0000] {subprocess.py:93} INFO - [0m12:19:34  Installed from version 1.1.1
[2025-11-19T12:19:34.449+0000] {subprocess.py:93} INFO - [0m12:19:34  Updated version available: 1.3.2
[2025-11-19T12:19:34.451+0000] {subprocess.py:93} INFO - [0m12:19:34
[2025-11-19T12:19:34.453+0000] {subprocess.py:93} INFO - [0m12:19:34  Updates available for packages: ['dbt-labs/dbt_utils']
[2025-11-19T12:19:34.454+0000] {subprocess.py:93} INFO - Update your versions in packages.yml, then run dbt deps
[2025-11-19T12:19:36.101+0000] {subprocess.py:97} INFO - Command exited with return code 0
[2025-11-19T12:19:36.103+0000] {taskinstance.py:441} INFO - ::group::Post task execution logs
[2025-11-19T12:19:36.149+0000] {taskinstance.py:1206} INFO - Marking task as SUCCESS. dag_id=dbt_finance, task_id=dbt_deps, run_id=manual__2025-11-19T12:08:21.354688+00:00, execution_date=20251119T120821, start_date=20251119T121927, end_date=20251119T121936
[2025-11-19T12:19:36.212+0000] {local_task_job_runner.py:243} INFO - Task exited with return code 0
[2025-11-19T12:19:36.254+0000] {taskinstance.py:3503} INFO - 1 downstream tasks scheduled from follow-on schedule check
[2025-11-19T12:19:36.257+0000] {local_task_job_runner.py:222} INFO - ::endgroup::
