[2025-11-19T11:50:00.509+0000] {local_task_job_runner.py:120} INFO - ::group::Pre task execution logs
[2025-11-19T11:50:00.549+0000] {taskinstance.py:2076} INFO - Dependencies all met for dep_context=non-requeueable deps ti=<TaskInstance: dbt_finance.dbt_run_finance_staging scheduled__2025-11-18T00:00:00+00:00 [queued]>
[2025-11-19T11:50:00.562+0000] {taskinstance.py:2076} INFO - Dependencies all met for dep_context=requeueable deps ti=<TaskInstance: dbt_finance.dbt_run_finance_staging scheduled__2025-11-18T00:00:00+00:00 [queued]>
[2025-11-19T11:50:00.563+0000] {taskinstance.py:2306} INFO - Starting attempt 1 of 2
[2025-11-19T11:50:00.581+0000] {taskinstance.py:2330} INFO - Executing <Task(BashOperator): dbt_run_finance_staging> on 2025-11-18 00:00:00+00:00
[2025-11-19T11:50:00.588+0000] {logging_mixin.py:188} WARNING - /home/***/.local/lib/python3.12/site-packages/***/task/task_runner/standard_task_runner.py:62 DeprecationWarning: This process (pid=200) is multi-threaded, use of fork() may lead to deadlocks in the child.
[2025-11-19T11:50:00.589+0000] {standard_task_runner.py:64} INFO - Started process 201 to run task
[2025-11-19T11:50:00.587+0000] {standard_task_runner.py:90} INFO - Running: ['***', 'tasks', 'run', 'dbt_finance', 'dbt_run_finance_staging', 'scheduled__2025-11-18T00:00:00+00:00', '--job-id', '13', '--raw', '--subdir', 'DAGS_FOLDER/dbt_finance.py', '--cfg-path', '/tmp/tmp0lwksi5d']
[2025-11-19T11:50:00.590+0000] {standard_task_runner.py:91} INFO - Job 13: Subtask dbt_run_finance_staging
[2025-11-19T11:50:00.648+0000] {task_command.py:426} INFO - Running <TaskInstance: dbt_finance.dbt_run_finance_staging scheduled__2025-11-18T00:00:00+00:00 [running]> on host 5004021ba987
[2025-11-19T11:50:00.743+0000] {taskinstance.py:2648} INFO - Exporting env vars: AIRFLOW_CTX_DAG_OWNER='tam.dang' AIRFLOW_CTX_DAG_ID='dbt_finance' AIRFLOW_CTX_TASK_ID='dbt_run_finance_staging' AIRFLOW_CTX_EXECUTION_DATE='2025-11-18T00:00:00+00:00' AIRFLOW_CTX_TRY_NUMBER='1' AIRFLOW_CTX_DAG_RUN_ID='scheduled__2025-11-18T00:00:00+00:00'
[2025-11-19T11:50:00.744+0000] {taskinstance.py:430} INFO - ::endgroup::
[2025-11-19T11:50:00.760+0000] {subprocess.py:63} INFO - Tmp dir root location: /tmp
[2025-11-19T11:50:00.763+0000] {subprocess.py:75} INFO - Running command: ['/usr/bin/bash', '-c', 'cd /opt/*** && dbt run --select finance.staging --target prod']
[2025-11-19T11:50:00.771+0000] {subprocess.py:86} INFO - Output:
[2025-11-19T11:50:03.859+0000] {subprocess.py:93} INFO - [0m11:50:03  Running with dbt=1.7.19
[2025-11-19T11:50:05.869+0000] {subprocess.py:93} INFO - [0m11:50:05  Registered adapter: bigquery=1.7.0
[2025-11-19T11:50:05.883+0000] {subprocess.py:93} INFO - [0m11:50:05  Unable to do partial parsing because saved manifest not found. Starting full parse.
[2025-11-19T11:50:07.339+0000] {subprocess.py:93} INFO - [0m11:50:07  Found 12 models, 18 tests, 3 sources, 0 exposures, 0 metrics, 447 macros, 0 groups, 0 semantic models
[2025-11-19T11:50:07.343+0000] {subprocess.py:93} INFO - [0m11:50:07
[2025-11-19T11:50:13.367+0000] {subprocess.py:93} INFO - [0m11:50:13  Concurrency: 1 threads (target='prod')
[2025-11-19T11:50:13.368+0000] {subprocess.py:93} INFO - [0m11:50:13
[2025-11-19T11:50:13.384+0000] {subprocess.py:93} INFO - [0m11:50:13  1 of 3 START sql view model dwh_prod_staging.stg_rates ......................... [RUN]
[2025-11-19T11:50:14.642+0000] {subprocess.py:93} INFO - [0m11:50:14  1 of 3 OK created sql view model dwh_prod_staging.stg_rates .................... [[32mCREATE VIEW (0 processed)[0m in 1.26s]
[2025-11-19T11:50:14.647+0000] {subprocess.py:93} INFO - [0m11:50:14  2 of 3 START sql view model dwh_prod_staging.stg_transactions .................. [RUN]
[2025-11-19T11:50:15.901+0000] {subprocess.py:93} INFO - [0m11:50:15  2 of 3 OK created sql view model dwh_prod_staging.stg_transactions ............. [[32mCREATE VIEW (0 processed)[0m in 1.25s]
[2025-11-19T11:50:15.907+0000] {subprocess.py:93} INFO - [0m11:50:15  3 of 3 START sql view model dwh_prod_staging.stg_users ......................... [RUN]
[2025-11-19T11:50:17.038+0000] {subprocess.py:93} INFO - [0m11:50:17  3 of 3 OK created sql view model dwh_prod_staging.stg_users .................... [[32mCREATE VIEW (0 processed)[0m in 1.13s]
[2025-11-19T11:50:17.050+0000] {subprocess.py:93} INFO - [0m11:50:17
[2025-11-19T11:50:17.051+0000] {subprocess.py:93} INFO - [0m11:50:17  Finished running 3 view models in 0 hours 0 minutes and 9.70 seconds (9.70s).
[2025-11-19T11:50:17.069+0000] {subprocess.py:93} INFO - [0m11:50:17
[2025-11-19T11:50:17.070+0000] {subprocess.py:93} INFO - [0m11:50:17  [32mCompleted successfully[0m
[2025-11-19T11:50:17.071+0000] {subprocess.py:93} INFO - [0m11:50:17
[2025-11-19T11:50:17.072+0000] {subprocess.py:93} INFO - [0m11:50:17  Done. PASS=3 WARN=0 ERROR=0 SKIP=0 TOTAL=3
[2025-11-19T11:50:18.779+0000] {subprocess.py:97} INFO - Command exited with return code 0
[2025-11-19T11:50:18.780+0000] {taskinstance.py:441} INFO - ::group::Post task execution logs
[2025-11-19T11:50:18.806+0000] {taskinstance.py:1206} INFO - Marking task as SUCCESS. dag_id=dbt_finance, task_id=dbt_run_finance_staging, run_id=scheduled__2025-11-18T00:00:00+00:00, execution_date=20251118T000000, start_date=20251119T115000, end_date=20251119T115018
[2025-11-19T11:50:18.848+0000] {local_task_job_runner.py:243} INFO - Task exited with return code 0
[2025-11-19T11:50:18.879+0000] {taskinstance.py:3503} INFO - 1 downstream tasks scheduled from follow-on schedule check
[2025-11-19T11:50:18.882+0000] {local_task_job_runner.py:222} INFO - ::endgroup::
