[2025-11-19T11:56:45.660+0000] {local_task_job_runner.py:120} INFO - ::group::Pre task execution logs
[2025-11-19T11:56:45.703+0000] {taskinstance.py:2076} INFO - Dependencies all met for dep_context=non-requeueable deps ti=<TaskInstance: dbt_finance.wait_for_data_ingestion scheduled__2025-11-18T00:00:00+00:00 [queued]>
[2025-11-19T11:56:45.714+0000] {taskinstance.py:2076} INFO - Dependencies all met for dep_context=requeueable deps ti=<TaskInstance: dbt_finance.wait_for_data_ingestion scheduled__2025-11-18T00:00:00+00:00 [queued]>
[2025-11-19T11:56:45.715+0000] {taskinstance.py:2306} INFO - Starting attempt 2 of 3
[2025-11-19T11:56:45.737+0000] {taskinstance.py:2330} INFO - Executing <Task(ExternalTaskSensor): wait_for_data_ingestion> on 2025-11-18 00:00:00+00:00
[2025-11-19T11:56:45.744+0000] {logging_mixin.py:188} WARNING - /home/***/.local/lib/python3.12/site-packages/***/task/task_runner/standard_task_runner.py:62 DeprecationWarning: This process (pid=286) is multi-threaded, use of fork() may lead to deadlocks in the child.
[2025-11-19T11:56:45.746+0000] {standard_task_runner.py:64} INFO - Started process 287 to run task
[2025-11-19T11:56:45.744+0000] {standard_task_runner.py:90} INFO - Running: ['***', 'tasks', 'run', 'dbt_finance', 'wait_for_data_ingestion', 'scheduled__2025-11-18T00:00:00+00:00', '--job-id', '19', '--raw', '--subdir', 'DAGS_FOLDER/dbt_finance.py', '--cfg-path', '/tmp/tmpl6eabd4v']
[2025-11-19T11:56:45.747+0000] {standard_task_runner.py:91} INFO - Job 19: Subtask wait_for_data_ingestion
[2025-11-19T11:56:45.820+0000] {task_command.py:426} INFO - Running <TaskInstance: dbt_finance.wait_for_data_ingestion scheduled__2025-11-18T00:00:00+00:00 [running]> on host f8ef3c16e368
[2025-11-19T11:56:45.932+0000] {taskinstance.py:2648} INFO - Exporting env vars: AIRFLOW_CTX_DAG_OWNER='tam.dang' AIRFLOW_CTX_DAG_ID='dbt_finance' AIRFLOW_CTX_TASK_ID='wait_for_data_ingestion' AIRFLOW_CTX_EXECUTION_DATE='2025-11-18T00:00:00+00:00' AIRFLOW_CTX_TRY_NUMBER='2' AIRFLOW_CTX_DAG_RUN_ID='scheduled__2025-11-18T00:00:00+00:00'
[2025-11-19T11:56:45.934+0000] {taskinstance.py:430} INFO - ::endgroup::
[2025-11-19T11:56:45.953+0000] {baseoperator.py:400} WARNING - ExternalTaskSensor.execute cannot be called outside TaskInstance!
[2025-11-19T11:56:45.964+0000] {external_task.py:258} INFO - Poking for tasks ['load_raw_data_to_bigquery'] in dag data_ingestion on 2025-11-18T00:00:00+00:00 ... 
[2025-11-19T11:56:45.968+0000] {logging_mixin.py:188} WARNING - /home/***/.local/lib/python3.12/site-packages/***/utils/session.py:79 DeprecationWarning: This method is deprecated and will be removed in future.
[2025-11-19T11:56:45.981+0000] {base.py:294} INFO - Success criteria met. Exiting.
[2025-11-19T11:56:45.983+0000] {taskinstance.py:441} INFO - ::group::Post task execution logs
[2025-11-19T11:56:45.996+0000] {taskinstance.py:1206} INFO - Marking task as SUCCESS. dag_id=dbt_finance, task_id=wait_for_data_ingestion, run_id=scheduled__2025-11-18T00:00:00+00:00, execution_date=20251118T000000, start_date=20251119T115645, end_date=20251119T115645
[2025-11-19T11:56:46.011+0000] {local_task_job_runner.py:243} INFO - Task exited with return code 0
[2025-11-19T11:56:46.053+0000] {taskinstance.py:3503} INFO - 1 downstream tasks scheduled from follow-on schedule check
[2025-11-19T11:56:46.056+0000] {local_task_job_runner.py:222} INFO - ::endgroup::
