[2025-11-19T11:43:30.582+0000] {local_task_job_runner.py:120} INFO - ::group::Pre task execution logs
[2025-11-19T11:43:30.630+0000] {taskinstance.py:2076} INFO - Dependencies all met for dep_context=non-requeueable deps ti=<TaskInstance: data_ingestion.fetch_rates_from_binance scheduled__2025-11-18T00:00:00+00:00 [queued]>
[2025-11-19T11:43:30.645+0000] {taskinstance.py:2076} INFO - Dependencies all met for dep_context=requeueable deps ti=<TaskInstance: data_ingestion.fetch_rates_from_binance scheduled__2025-11-18T00:00:00+00:00 [queued]>
[2025-11-19T11:43:30.646+0000] {taskinstance.py:2306} INFO - Starting attempt 3 of 5
[2025-11-19T11:43:30.664+0000] {taskinstance.py:2330} INFO - Executing <Task(BashOperator): fetch_rates_from_binance> on 2025-11-18 00:00:00+00:00
[2025-11-19T11:43:30.673+0000] {standard_task_runner.py:90} INFO - Running: ['***', 'tasks', 'run', 'data_ingestion', 'fetch_rates_from_binance', 'scheduled__2025-11-18T00:00:00+00:00', '--job-id', '7', '--raw', '--subdir', 'DAGS_FOLDER/data_ingestion.py', '--cfg-path', '/tmp/tmpzrtr28_4']
[2025-11-19T11:43:30.677+0000] {standard_task_runner.py:91} INFO - Job 7: Subtask fetch_rates_from_binance
[2025-11-19T11:43:30.681+0000] {logging_mixin.py:188} WARNING - /home/***/.local/lib/python3.12/site-packages/***/task/task_runner/standard_task_runner.py:62 DeprecationWarning: This process (pid=196) is multi-threaded, use of fork() may lead to deadlocks in the child.
[2025-11-19T11:43:30.681+0000] {standard_task_runner.py:64} INFO - Started process 197 to run task
[2025-11-19T11:43:30.764+0000] {task_command.py:426} INFO - Running <TaskInstance: data_ingestion.fetch_rates_from_binance scheduled__2025-11-18T00:00:00+00:00 [running]> on host 5004021ba987
[2025-11-19T11:43:30.882+0000] {taskinstance.py:2648} INFO - Exporting env vars: AIRFLOW_CTX_DAG_OWNER='tam.dang' AIRFLOW_CTX_DAG_ID='data_ingestion' AIRFLOW_CTX_TASK_ID='fetch_rates_from_binance' AIRFLOW_CTX_EXECUTION_DATE='2025-11-18T00:00:00+00:00' AIRFLOW_CTX_TRY_NUMBER='3' AIRFLOW_CTX_DAG_RUN_ID='scheduled__2025-11-18T00:00:00+00:00'
[2025-11-19T11:43:30.883+0000] {taskinstance.py:430} INFO - ::endgroup::
[2025-11-19T11:43:30.907+0000] {subprocess.py:63} INFO - Tmp dir root location: /tmp
[2025-11-19T11:43:30.908+0000] {subprocess.py:75} INFO - Running command: ['/usr/bin/bash', '-c', 'cd /opt/*** && PYTHONPATH=/opt/***:$PYTHONPATH python scripts/fetch_kline.py']
[2025-11-19T11:43:30.917+0000] {subprocess.py:86} INFO - Output:
[2025-11-19T11:43:43.745+0000] {subprocess.py:93} INFO - ------Read data/transactions.csv sucessfully------
[2025-11-19T11:43:43.746+0000] {subprocess.py:93} INFO - ------Convert created_at to datetime--------
[2025-11-19T11:43:43.746+0000] {subprocess.py:93} INFO - -----Found 27 destination currency
[2025-11-19T11:43:43.747+0000] {subprocess.py:93} INFO - -----Number of transactions by destination currency---------
[2025-11-19T11:43:43.747+0000] {subprocess.py:93} INFO - destination_currency
[2025-11-19T11:43:43.748+0000] {subprocess.py:93} INFO - USDT    489
[2025-11-19T11:43:43.748+0000] {subprocess.py:93} INFO - BTC     217
[2025-11-19T11:43:43.748+0000] {subprocess.py:93} INFO - SHIB     45
[2025-11-19T11:43:43.749+0000] {subprocess.py:93} INFO - ETH      41
[2025-11-19T11:43:43.750+0000] {subprocess.py:93} INFO - ADA      30
[2025-11-19T11:43:43.750+0000] {subprocess.py:93} INFO - LTC      27
[2025-11-19T11:43:43.751+0000] {subprocess.py:93} INFO - SOL      27
[2025-11-19T11:43:43.752+0000] {subprocess.py:93} INFO - BNB      20
[2025-11-19T11:43:43.752+0000] {subprocess.py:93} INFO - DOGE     18
[2025-11-19T11:43:43.752+0000] {subprocess.py:93} INFO - XRP      18
[2025-11-19T11:43:43.753+0000] {subprocess.py:93} INFO - TRX      14
[2025-11-19T11:43:43.753+0000] {subprocess.py:93} INFO - XLM      10
[2025-11-19T11:43:43.753+0000] {subprocess.py:93} INFO - S         6
[2025-11-19T11:43:43.754+0000] {subprocess.py:93} INFO - KAI       5
[2025-11-19T11:43:43.754+0000] {subprocess.py:93} INFO - USDC      4
[2025-11-19T11:43:43.754+0000] {subprocess.py:93} INFO - AVAX      3
[2025-11-19T11:43:43.754+0000] {subprocess.py:93} INFO - AXS       3
[2025-11-19T11:43:43.755+0000] {subprocess.py:93} INFO - ETC       3
[2025-11-19T11:43:43.756+0000] {subprocess.py:93} INFO - BCH       3
[2025-11-19T11:43:43.757+0000] {subprocess.py:93} INFO - UNI       3
[2025-11-19T11:43:43.758+0000] {subprocess.py:93} INFO - XTZ       3
[2025-11-19T11:43:43.758+0000] {subprocess.py:93} INFO - NEAR      3
[2025-11-19T11:43:43.759+0000] {subprocess.py:93} INFO - POL       3
[2025-11-19T11:43:43.759+0000] {subprocess.py:93} INFO - ONUS      2
[2025-11-19T11:43:43.760+0000] {subprocess.py:93} INFO - DOT       1
[2025-11-19T11:43:43.760+0000] {subprocess.py:93} INFO - FIVE      1
[2025-11-19T11:43:43.761+0000] {subprocess.py:93} INFO - LINK      1
[2025-11-19T11:43:43.761+0000] {subprocess.py:93} INFO - Name: txn_id, dtype: int64
[2025-11-19T11:43:43.762+0000] {subprocess.py:93} INFO - -------start_date : 2025-05-10 04:39:19.197000+00:00---------
[2025-11-19T11:43:43.762+0000] {subprocess.py:93} INFO - -------end_date : 2025-11-12 23:41:37.562000+00:00---------
[2025-11-19T11:43:43.763+0000] {subprocess.py:93} INFO - ----timerange: 186 days, 19 hour---------
[2025-11-19T11:43:43.763+0000] {subprocess.py:93} INFO - -------Currency pair available in USDT: ['ADAUSDT', 'BNBUSDT', 'BTCUSDT', 'ETHUSDT', 'IOTAUSDT', 'LTCUSDT', 'NEOUSDT', 'QTUMUSDT', 'TUSDUSDT', 'XRPUSDT']------------
[2025-11-19T11:43:43.763+0000] {subprocess.py:93} INFO - ---Number of USDT pair in Binance: 439
[2025-11-19T11:43:43.764+0000] {subprocess.py:93} INFO - ------ADAUSDT - is available in Binance-----
[2025-11-19T11:43:43.764+0000] {subprocess.py:93} INFO - ------BNBUSDT - is available in Binance-----
[2025-11-19T11:43:43.764+0000] {subprocess.py:93} INFO - ------BTCUSDT - is available in Binance-----
[2025-11-19T11:43:43.765+0000] {subprocess.py:93} INFO - ------DOGEUSDT - is available in Binance-----
[2025-11-19T11:43:43.765+0000] {subprocess.py:93} INFO - ------ETHUSDT - is available in Binance-----
[2025-11-19T11:43:43.766+0000] {subprocess.py:93} INFO - ------KAI - is unavailable in Binance------
[2025-11-19T11:43:43.766+0000] {subprocess.py:93} INFO - ------LTCUSDT - is available in Binance-----
[2025-11-19T11:43:43.767+0000] {subprocess.py:93} INFO - ------POLUSDT - is available in Binance-----
[2025-11-19T11:43:43.767+0000] {subprocess.py:93} INFO - ------SUSDT - is available in Binance-----
[2025-11-19T11:43:43.768+0000] {subprocess.py:93} INFO - ------SHIBUSDT - is available in Binance-----
[2025-11-19T11:43:43.768+0000] {subprocess.py:93} INFO - ------SOLUSDT - is available in Binance-----
[2025-11-19T11:43:43.768+0000] {subprocess.py:93} INFO - ------TRXUSDT - is available in Binance-----
[2025-11-19T11:43:43.769+0000] {subprocess.py:93} INFO - ------XLMUSDT - is available in Binance-----
[2025-11-19T11:43:43.769+0000] {subprocess.py:93} INFO - ------XRPUSDT - is available in Binance-----
[2025-11-19T11:43:43.770+0000] {subprocess.py:93} INFO - ------AXSUSDT - is available in Binance-----
[2025-11-19T11:43:43.770+0000] {subprocess.py:93} INFO - ------ONUS - is unavailable in Binance------
[2025-11-19T11:43:43.770+0000] {subprocess.py:93} INFO - ------UNIUSDT - is available in Binance-----
[2025-11-19T11:43:43.770+0000] {subprocess.py:93} INFO - ------USDCUSDT - is available in Binance-----
[2025-11-19T11:43:43.771+0000] {subprocess.py:93} INFO - ------XTZUSDT - is available in Binance-----
[2025-11-19T11:43:43.771+0000] {subprocess.py:93} INFO - ------AVAXUSDT - is available in Binance-----
[2025-11-19T11:43:43.771+0000] {subprocess.py:93} INFO - ------BCHUSDT - is available in Binance-----
[2025-11-19T11:43:43.772+0000] {subprocess.py:93} INFO - ------NEARUSDT - is available in Binance-----
[2025-11-19T11:43:43.772+0000] {subprocess.py:93} INFO - ------ETCUSDT - is available in Binance-----
[2025-11-19T11:43:43.772+0000] {subprocess.py:93} INFO - ------FIVE - is unavailable in Binance------
[2025-11-19T11:43:43.773+0000] {subprocess.py:93} INFO - ------LINKUSDT - is available in Binance-----
[2025-11-19T11:43:43.774+0000] {subprocess.py:93} INFO - ------DOTUSDT - is available in Binance-----
[2025-11-19T11:43:43.775+0000] {subprocess.py:93} INFO - -----Having unavailable 3 pairs/27 destination currencies : ['KAI', 'ONUS', 'FIVE']
[2025-11-19T11:43:43.775+0000] {subprocess.py:93} INFO - -----Having available 23 pairs/27 destination currencies
[2025-11-19T11:43:43.776+0000] {subprocess.py:93} INFO - -------Currency pair available in USDT: ['ADAUSDT', 'BNBUSDT', 'BTCUSDT', 'ETHUSDT', 'IOTAUSDT', 'LTCUSDT', 'NEOUSDT', 'QTUMUSDT', 'TUSDUSDT', 'XRPUSDT']------------
[2025-11-19T11:43:43.776+0000] {subprocess.py:93} INFO - ---Number of USDT pair in Binance: 439
[2025-11-19T11:43:43.777+0000] {subprocess.py:93} INFO - ------ADAUSDT - is available in Binance-----
[2025-11-19T11:43:43.777+0000] {subprocess.py:93} INFO - ------BNBUSDT - is available in Binance-----
[2025-11-19T11:43:43.777+0000] {subprocess.py:93} INFO - ------BTCUSDT - is available in Binance-----
[2025-11-19T11:43:43.778+0000] {subprocess.py:93} INFO - ------DOGEUSDT - is available in Binance-----
[2025-11-19T11:43:43.778+0000] {subprocess.py:93} INFO - ------ETHUSDT - is available in Binance-----
[2025-11-19T11:43:43.778+0000] {subprocess.py:93} INFO - ------KAI - is unavailable in Binance------
[2025-11-19T11:43:43.779+0000] {subprocess.py:93} INFO - ------LTCUSDT - is available in Binance-----
[2025-11-19T11:43:43.779+0000] {subprocess.py:93} INFO - ------POLUSDT - is available in Binance-----
[2025-11-19T11:43:43.779+0000] {subprocess.py:93} INFO - ------SUSDT - is available in Binance-----
[2025-11-19T11:43:43.780+0000] {subprocess.py:93} INFO - ------SHIBUSDT - is available in Binance-----
[2025-11-19T11:43:43.780+0000] {subprocess.py:93} INFO - ------SOLUSDT - is available in Binance-----
[2025-11-19T11:43:43.780+0000] {subprocess.py:93} INFO - ------TRXUSDT - is available in Binance-----
[2025-11-19T11:43:43.781+0000] {subprocess.py:93} INFO - ------XLMUSDT - is available in Binance-----
[2025-11-19T11:43:43.781+0000] {subprocess.py:93} INFO - ------XRPUSDT - is available in Binance-----
[2025-11-19T11:43:43.782+0000] {subprocess.py:93} INFO - ------AXSUSDT - is available in Binance-----
[2025-11-19T11:43:43.782+0000] {subprocess.py:93} INFO - ------ONUS - is unavailable in Binance------
[2025-11-19T11:43:43.783+0000] {subprocess.py:93} INFO - ------UNIUSDT - is available in Binance-----
[2025-11-19T11:43:43.783+0000] {subprocess.py:93} INFO - ------USDCUSDT - is available in Binance-----
[2025-11-19T11:43:43.783+0000] {subprocess.py:93} INFO - ------XTZUSDT - is available in Binance-----
[2025-11-19T11:43:43.784+0000] {subprocess.py:93} INFO - ------AVAXUSDT - is available in Binance-----
[2025-11-19T11:43:43.784+0000] {subprocess.py:93} INFO - ------BCHUSDT - is available in Binance-----
[2025-11-19T11:43:43.784+0000] {subprocess.py:93} INFO - ------NEARUSDT - is available in Binance-----
[2025-11-19T11:43:43.785+0000] {subprocess.py:93} INFO - ------ETCUSDT - is available in Binance-----
[2025-11-19T11:43:43.785+0000] {subprocess.py:93} INFO - ------FIVE - is unavailable in Binance------
[2025-11-19T11:43:43.785+0000] {subprocess.py:93} INFO - ------LINKUSDT - is available in Binance-----
[2025-11-19T11:43:43.785+0000] {subprocess.py:93} INFO - ------DOTUSDT - is available in Binance-----
[2025-11-19T11:43:43.786+0000] {subprocess.py:93} INFO - -----Having unavailable 3 pairs/27 destination currencies : ['KAI', 'ONUS', 'FIVE']
[2025-11-19T11:43:43.786+0000] {subprocess.py:93} INFO - -----Having available 23 pairs/27 destination currencies
[2025-11-19T11:43:43.787+0000] {subprocess.py:93} INFO - pair ADAUSDT
[2025-11-19T11:43:43.787+0000] {subprocess.py:93} INFO - ---------1/23 is processing... ----------
[2025-11-19T11:43:43.787+0000] {subprocess.py:93} INFO - 
[2025-11-19T11:43:43.788+0000] {subprocess.py:93} INFO -  ------len data_klines: 1000----------
[2025-11-19T11:43:43.788+0000] {subprocess.py:93} INFO - Fetched 1000 klines
[2025-11-19T11:43:43.788+0000] {subprocess.py:93} INFO - next_start = 1750453200000
[2025-11-19T11:43:43.788+0000] {subprocess.py:93} INFO - 
[2025-11-19T11:43:43.789+0000] {subprocess.py:93} INFO -  ------len data_klines: 1000----------
[2025-11-19T11:43:43.789+0000] {subprocess.py:93} INFO - Fetched 1000 klines
[2025-11-19T11:43:43.790+0000] {subprocess.py:93} INFO - next_start = 1754053200000
[2025-11-19T11:43:43.791+0000] {subprocess.py:93} INFO - 
[2025-11-19T11:43:43.792+0000] {subprocess.py:93} INFO -  ------len data_klines: 1000----------
[2025-11-19T11:43:43.792+0000] {subprocess.py:93} INFO - Fetched 1000 klines
[2025-11-19T11:43:43.793+0000] {subprocess.py:93} INFO - next_start = 1757653200000
[2025-11-19T11:43:43.793+0000] {subprocess.py:93} INFO - 
[2025-11-19T11:43:43.794+0000] {subprocess.py:93} INFO -  ------len data_klines: 1000----------
[2025-11-19T11:43:43.794+0000] {subprocess.py:93} INFO - Fetched 1000 klines
[2025-11-19T11:43:43.795+0000] {subprocess.py:93} INFO - next_start = 1761253200000
[2025-11-19T11:43:43.796+0000] {subprocess.py:93} INFO - 
[2025-11-19T11:43:43.796+0000] {subprocess.py:93} INFO -  ------len data_klines: 483----------
[2025-11-19T11:43:43.797+0000] {subprocess.py:93} INFO - Fetched 483 klines
[2025-11-19T11:43:43.797+0000] {subprocess.py:93} INFO - Last page reached → stop
[2025-11-19T11:43:43.797+0000] {subprocess.py:93} INFO - -----Saved 4483 klines in : output/raw_rates/ADAUSDT.jsonl
[2025-11-19T11:43:43.798+0000] {subprocess.py:93} INFO - pair BNBUSDT
[2025-11-19T11:43:43.798+0000] {subprocess.py:93} INFO - ---------2/23 is processing... ----------
[2025-11-19T11:43:43.799+0000] {subprocess.py:93} INFO - 
[2025-11-19T11:43:43.799+0000] {subprocess.py:93} INFO -  ------len data_klines: 1000----------
[2025-11-19T11:43:43.799+0000] {subprocess.py:93} INFO - Fetched 1000 klines
[2025-11-19T11:43:43.800+0000] {subprocess.py:93} INFO - next_start = 1750453200000
[2025-11-19T11:43:43.800+0000] {subprocess.py:93} INFO - 
[2025-11-19T11:43:43.800+0000] {subprocess.py:93} INFO -  ------len data_klines: 1000----------
[2025-11-19T11:43:43.801+0000] {subprocess.py:93} INFO - Fetched 1000 klines
[2025-11-19T11:43:43.801+0000] {subprocess.py:93} INFO - next_start = 1754053200000
[2025-11-19T11:43:43.801+0000] {subprocess.py:93} INFO - 
[2025-11-19T11:43:43.802+0000] {subprocess.py:93} INFO -  ------len data_klines: 1000----------
[2025-11-19T11:43:43.802+0000] {subprocess.py:93} INFO - Fetched 1000 klines
[2025-11-19T11:43:43.802+0000] {subprocess.py:93} INFO - next_start = 1757653200000
[2025-11-19T11:43:43.803+0000] {subprocess.py:93} INFO - 
[2025-11-19T11:43:43.803+0000] {subprocess.py:93} INFO -  ------len data_klines: 1000----------
[2025-11-19T11:43:43.803+0000] {subprocess.py:93} INFO - Fetched 1000 klines
[2025-11-19T11:43:43.803+0000] {subprocess.py:93} INFO - next_start = 1761253200000
[2025-11-19T11:43:43.804+0000] {subprocess.py:93} INFO - 
[2025-11-19T11:43:43.804+0000] {subprocess.py:93} INFO -  ------len data_klines: 483----------
[2025-11-19T11:43:43.804+0000] {subprocess.py:93} INFO - Fetched 483 klines
[2025-11-19T11:43:43.805+0000] {subprocess.py:93} INFO - Last page reached → stop
[2025-11-19T11:43:43.805+0000] {subprocess.py:93} INFO - -----Saved 4483 klines in : output/raw_rates/BNBUSDT.jsonl
[2025-11-19T11:43:43.805+0000] {subprocess.py:93} INFO - pair BTCUSDT
[2025-11-19T11:43:43.806+0000] {subprocess.py:93} INFO - ---------3/23 is processing... ----------
[2025-11-19T11:43:43.807+0000] {subprocess.py:93} INFO - 
[2025-11-19T11:43:43.807+0000] {subprocess.py:93} INFO -  ------len data_klines: 1000----------
[2025-11-19T11:43:43.808+0000] {subprocess.py:93} INFO - Fetched 1000 klines
[2025-11-19T11:43:43.809+0000] {subprocess.py:93} INFO - next_start = 1750453200000
[2025-11-19T11:43:43.809+0000] {subprocess.py:93} INFO - 
[2025-11-19T11:43:43.810+0000] {subprocess.py:93} INFO -  ------len data_klines: 1000----------
[2025-11-19T11:43:43.810+0000] {subprocess.py:93} INFO - Fetched 1000 klines
[2025-11-19T11:43:43.810+0000] {subprocess.py:93} INFO - next_start = 1754053200000
[2025-11-19T11:43:43.811+0000] {subprocess.py:93} INFO - 
[2025-11-19T11:43:43.812+0000] {subprocess.py:93} INFO -  ------len data_klines: 1000----------
[2025-11-19T11:43:43.813+0000] {subprocess.py:93} INFO - Fetched 1000 klines
[2025-11-19T11:43:43.813+0000] {subprocess.py:93} INFO - next_start = 1757653200000
[2025-11-19T11:43:43.814+0000] {subprocess.py:93} INFO - 
[2025-11-19T11:43:43.814+0000] {subprocess.py:93} INFO -  ------len data_klines: 1000----------
[2025-11-19T11:43:43.814+0000] {subprocess.py:93} INFO - Fetched 1000 klines
[2025-11-19T11:43:43.815+0000] {subprocess.py:93} INFO - next_start = 1761253200000
[2025-11-19T11:43:43.815+0000] {subprocess.py:93} INFO - 
[2025-11-19T11:43:43.816+0000] {subprocess.py:93} INFO -  ------len data_klines: 483----------
[2025-11-19T11:43:43.816+0000] {subprocess.py:93} INFO - Fetched 483 klines
[2025-11-19T11:43:43.816+0000] {subprocess.py:93} INFO - Last page reached → stop
[2025-11-19T11:43:43.817+0000] {subprocess.py:93} INFO - -----Saved 4483 klines in : output/raw_rates/BTCUSDT.jsonl
[2025-11-19T11:43:43.817+0000] {subprocess.py:93} INFO - pair DOGEUSDT
[2025-11-19T11:43:43.817+0000] {subprocess.py:93} INFO - ---------4/23 is processing... ----------
[2025-11-19T11:43:43.818+0000] {subprocess.py:93} INFO - 
[2025-11-19T11:43:43.818+0000] {subprocess.py:93} INFO -  ------len data_klines: 1000----------
[2025-11-19T11:43:43.818+0000] {subprocess.py:93} INFO - Fetched 1000 klines
[2025-11-19T11:43:43.818+0000] {subprocess.py:93} INFO - next_start = 1750453200000
[2025-11-19T11:43:43.819+0000] {subprocess.py:93} INFO - 
[2025-11-19T11:43:43.819+0000] {subprocess.py:93} INFO -  ------len data_klines: 1000----------
[2025-11-19T11:43:43.819+0000] {subprocess.py:93} INFO - Fetched 1000 klines
[2025-11-19T11:43:43.819+0000] {subprocess.py:93} INFO - next_start = 1754053200000
[2025-11-19T11:43:43.820+0000] {subprocess.py:93} INFO - 
[2025-11-19T11:43:43.820+0000] {subprocess.py:93} INFO -  ------len data_klines: 1000----------
[2025-11-19T11:43:43.820+0000] {subprocess.py:93} INFO - Fetched 1000 klines
[2025-11-19T11:43:43.820+0000] {subprocess.py:93} INFO - next_start = 1757653200000
[2025-11-19T11:43:43.821+0000] {subprocess.py:93} INFO - 
[2025-11-19T11:43:43.821+0000] {subprocess.py:93} INFO -  ------len data_klines: 1000----------
[2025-11-19T11:43:43.821+0000] {subprocess.py:93} INFO - Fetched 1000 klines
[2025-11-19T11:43:43.822+0000] {subprocess.py:93} INFO - next_start = 1761253200000
[2025-11-19T11:43:43.822+0000] {subprocess.py:93} INFO - 
[2025-11-19T11:43:43.823+0000] {subprocess.py:93} INFO -  ------len data_klines: 483----------
[2025-11-19T11:43:43.823+0000] {subprocess.py:93} INFO - Fetched 483 klines
[2025-11-19T11:43:43.824+0000] {subprocess.py:93} INFO - Last page reached → stop
[2025-11-19T11:43:43.825+0000] {subprocess.py:93} INFO - -----Saved 4483 klines in : output/raw_rates/DOGEUSDT.jsonl
[2025-11-19T11:43:43.825+0000] {subprocess.py:93} INFO - pair ETHUSDT
[2025-11-19T11:43:43.826+0000] {subprocess.py:93} INFO - ---------5/23 is processing... ----------
[2025-11-19T11:43:43.826+0000] {subprocess.py:93} INFO - 
[2025-11-19T11:43:43.826+0000] {subprocess.py:93} INFO -  ------len data_klines: 1000----------
[2025-11-19T11:43:43.826+0000] {subprocess.py:93} INFO - Fetched 1000 klines
[2025-11-19T11:43:43.827+0000] {subprocess.py:93} INFO - next_start = 1750453200000
[2025-11-19T11:43:43.827+0000] {subprocess.py:93} INFO - 
[2025-11-19T11:43:43.827+0000] {subprocess.py:93} INFO -  ------len data_klines: 1000----------
[2025-11-19T11:43:43.828+0000] {subprocess.py:93} INFO - Fetched 1000 klines
[2025-11-19T11:43:43.828+0000] {subprocess.py:93} INFO - next_start = 1754053200000
[2025-11-19T11:43:43.829+0000] {subprocess.py:93} INFO - 
[2025-11-19T11:43:43.829+0000] {subprocess.py:93} INFO -  ------len data_klines: 1000----------
[2025-11-19T11:43:43.830+0000] {subprocess.py:93} INFO - Fetched 1000 klines
[2025-11-19T11:43:43.831+0000] {subprocess.py:93} INFO - next_start = 1757653200000
[2025-11-19T11:43:43.831+0000] {subprocess.py:93} INFO - 
[2025-11-19T11:43:43.831+0000] {subprocess.py:93} INFO -  ------len data_klines: 1000----------
[2025-11-19T11:43:43.832+0000] {subprocess.py:93} INFO - Fetched 1000 klines
[2025-11-19T11:43:43.832+0000] {subprocess.py:93} INFO - next_start = 1761253200000
[2025-11-19T11:43:43.833+0000] {subprocess.py:93} INFO - 
[2025-11-19T11:43:43.833+0000] {subprocess.py:93} INFO -  ------len data_klines: 483----------
[2025-11-19T11:43:43.834+0000] {subprocess.py:93} INFO - Fetched 483 klines
[2025-11-19T11:43:43.834+0000] {subprocess.py:93} INFO - Last page reached → stop
[2025-11-19T11:43:43.834+0000] {subprocess.py:93} INFO - -----Saved 4483 klines in : output/raw_rates/ETHUSDT.jsonl
[2025-11-19T11:43:43.835+0000] {subprocess.py:93} INFO - pair LTCUSDT
[2025-11-19T11:43:43.835+0000] {subprocess.py:93} INFO - ---------6/23 is processing... ----------
[2025-11-19T11:43:43.835+0000] {subprocess.py:93} INFO - 
[2025-11-19T11:43:43.835+0000] {subprocess.py:93} INFO -  ------len data_klines: 1000----------
[2025-11-19T11:43:43.836+0000] {subprocess.py:93} INFO - Fetched 1000 klines
[2025-11-19T11:43:43.836+0000] {subprocess.py:93} INFO - next_start = 1750453200000
[2025-11-19T11:43:43.837+0000] {subprocess.py:93} INFO - 
[2025-11-19T11:43:43.837+0000] {subprocess.py:93} INFO -  ------len data_klines: 1000----------
[2025-11-19T11:43:43.837+0000] {subprocess.py:93} INFO - Fetched 1000 klines
[2025-11-19T11:43:43.838+0000] {subprocess.py:93} INFO - next_start = 1754053200000
[2025-11-19T11:43:43.839+0000] {subprocess.py:93} INFO - 
[2025-11-19T11:43:43.840+0000] {subprocess.py:93} INFO -  ------len data_klines: 1000----------
[2025-11-19T11:43:43.841+0000] {subprocess.py:93} INFO - Fetched 1000 klines
[2025-11-19T11:43:43.841+0000] {subprocess.py:93} INFO - next_start = 1757653200000
[2025-11-19T11:43:43.842+0000] {subprocess.py:93} INFO - 
[2025-11-19T11:43:43.842+0000] {subprocess.py:93} INFO -  ------len data_klines: 1000----------
[2025-11-19T11:43:43.843+0000] {subprocess.py:93} INFO - Fetched 1000 klines
[2025-11-19T11:43:43.843+0000] {subprocess.py:93} INFO - next_start = 1761253200000
[2025-11-19T11:43:43.843+0000] {subprocess.py:93} INFO - 
[2025-11-19T11:43:43.844+0000] {subprocess.py:93} INFO -  ------len data_klines: 483----------
[2025-11-19T11:43:43.844+0000] {subprocess.py:93} INFO - Fetched 483 klines
[2025-11-19T11:43:43.844+0000] {subprocess.py:93} INFO - Last page reached → stop
[2025-11-19T11:43:43.845+0000] {subprocess.py:93} INFO - -----Saved 4483 klines in : output/raw_rates/LTCUSDT.jsonl
[2025-11-19T11:43:43.845+0000] {subprocess.py:93} INFO - pair POLUSDT
[2025-11-19T11:43:43.846+0000] {subprocess.py:93} INFO - ---------7/23 is processing... ----------
[2025-11-19T11:43:43.847+0000] {subprocess.py:93} INFO - 
[2025-11-19T11:43:43.847+0000] {subprocess.py:93} INFO -  ------len data_klines: 1000----------
[2025-11-19T11:43:43.847+0000] {subprocess.py:93} INFO - Fetched 1000 klines
[2025-11-19T11:43:43.848+0000] {subprocess.py:93} INFO - next_start = 1750453200000
[2025-11-19T11:43:43.848+0000] {subprocess.py:93} INFO - 
[2025-11-19T11:43:43.849+0000] {subprocess.py:93} INFO -  ------len data_klines: 1000----------
[2025-11-19T11:43:43.849+0000] {subprocess.py:93} INFO - Fetched 1000 klines
[2025-11-19T11:43:43.849+0000] {subprocess.py:93} INFO - next_start = 1754053200000
[2025-11-19T11:43:43.850+0000] {subprocess.py:93} INFO - 
[2025-11-19T11:43:43.850+0000] {subprocess.py:93} INFO -  ------len data_klines: 1000----------
[2025-11-19T11:43:43.850+0000] {subprocess.py:93} INFO - Fetched 1000 klines
[2025-11-19T11:43:43.850+0000] {subprocess.py:93} INFO - next_start = 1757653200000
[2025-11-19T11:43:43.851+0000] {subprocess.py:93} INFO - 
[2025-11-19T11:43:43.851+0000] {subprocess.py:93} INFO -  ------len data_klines: 1000----------
[2025-11-19T11:43:43.851+0000] {subprocess.py:93} INFO - Fetched 1000 klines
[2025-11-19T11:43:43.852+0000] {subprocess.py:93} INFO - next_start = 1761253200000
[2025-11-19T11:43:43.852+0000] {subprocess.py:93} INFO - 
[2025-11-19T11:43:43.853+0000] {subprocess.py:93} INFO -  ------len data_klines: 483----------
[2025-11-19T11:43:43.853+0000] {subprocess.py:93} INFO - Fetched 483 klines
[2025-11-19T11:43:43.853+0000] {subprocess.py:93} INFO - Last page reached → stop
[2025-11-19T11:43:43.854+0000] {subprocess.py:93} INFO - -----Saved 4483 klines in : output/raw_rates/POLUSDT.jsonl
[2025-11-19T11:43:43.854+0000] {subprocess.py:93} INFO - pair SUSDT
[2025-11-19T11:43:43.855+0000] {subprocess.py:93} INFO - ---------8/23 is processing... ----------
[2025-11-19T11:43:43.855+0000] {subprocess.py:93} INFO - 
[2025-11-19T11:43:43.856+0000] {subprocess.py:93} INFO -  ------len data_klines: 1000----------
[2025-11-19T11:43:43.856+0000] {subprocess.py:93} INFO - Fetched 1000 klines
[2025-11-19T11:43:43.857+0000] {subprocess.py:93} INFO - next_start = 1750453200000
[2025-11-19T11:43:43.858+0000] {subprocess.py:93} INFO - 
[2025-11-19T11:43:43.858+0000] {subprocess.py:93} INFO -  ------len data_klines: 1000----------
[2025-11-19T11:43:43.858+0000] {subprocess.py:93} INFO - Fetched 1000 klines
[2025-11-19T11:43:43.859+0000] {subprocess.py:93} INFO - next_start = 1754053200000
[2025-11-19T11:43:43.859+0000] {subprocess.py:93} INFO - 
[2025-11-19T11:43:43.860+0000] {subprocess.py:93} INFO -  ------len data_klines: 1000----------
[2025-11-19T11:43:43.861+0000] {subprocess.py:93} INFO - Fetched 1000 klines
[2025-11-19T11:43:43.861+0000] {subprocess.py:93} INFO - next_start = 1757653200000
[2025-11-19T11:43:43.862+0000] {subprocess.py:93} INFO - 
[2025-11-19T11:43:43.862+0000] {subprocess.py:93} INFO -  ------len data_klines: 1000----------
[2025-11-19T11:43:43.863+0000] {subprocess.py:93} INFO - Fetched 1000 klines
[2025-11-19T11:43:43.864+0000] {subprocess.py:93} INFO - next_start = 1761253200000
[2025-11-19T11:43:43.864+0000] {subprocess.py:93} INFO - 
[2025-11-19T11:43:43.864+0000] {subprocess.py:93} INFO -  ------len data_klines: 483----------
[2025-11-19T11:43:43.865+0000] {subprocess.py:93} INFO - Fetched 483 klines
[2025-11-19T11:43:43.866+0000] {subprocess.py:93} INFO - Last page reached → stop
[2025-11-19T11:43:43.866+0000] {subprocess.py:93} INFO - -----Saved 4483 klines in : output/raw_rates/SUSDT.jsonl
[2025-11-19T11:43:43.866+0000] {subprocess.py:93} INFO - pair SHIBUSDT
[2025-11-19T11:44:03.198+0000] {subprocess.py:93} INFO - ---------9/23 is processing... ----------
[2025-11-19T11:44:03.198+0000] {subprocess.py:93} INFO - 
[2025-11-19T11:44:03.200+0000] {subprocess.py:93} INFO -  ------len data_klines: 1000----------
[2025-11-19T11:44:03.201+0000] {subprocess.py:93} INFO - Fetched 1000 klines
[2025-11-19T11:44:03.202+0000] {subprocess.py:93} INFO - next_start = 1750453200000
[2025-11-19T11:44:03.203+0000] {subprocess.py:93} INFO - 
[2025-11-19T11:44:03.204+0000] {subprocess.py:93} INFO -  ------len data_klines: 1000----------
[2025-11-19T11:44:03.206+0000] {subprocess.py:93} INFO - Fetched 1000 klines
[2025-11-19T11:44:03.206+0000] {subprocess.py:93} INFO - next_start = 1754053200000
[2025-11-19T11:44:03.207+0000] {subprocess.py:93} INFO - 
[2025-11-19T11:44:03.208+0000] {subprocess.py:93} INFO -  ------len data_klines: 1000----------
[2025-11-19T11:44:03.209+0000] {subprocess.py:93} INFO - Fetched 1000 klines
[2025-11-19T11:44:03.211+0000] {subprocess.py:93} INFO - next_start = 1757653200000
[2025-11-19T11:44:03.211+0000] {subprocess.py:93} INFO - 
[2025-11-19T11:44:03.212+0000] {subprocess.py:93} INFO -  ------len data_klines: 1000----------
[2025-11-19T11:44:03.213+0000] {subprocess.py:93} INFO - Fetched 1000 klines
[2025-11-19T11:44:03.214+0000] {subprocess.py:93} INFO - next_start = 1761253200000
[2025-11-19T11:44:03.215+0000] {subprocess.py:93} INFO - 
[2025-11-19T11:44:03.216+0000] {subprocess.py:93} INFO -  ------len data_klines: 483----------
[2025-11-19T11:44:03.217+0000] {subprocess.py:93} INFO - Fetched 483 klines
[2025-11-19T11:44:03.218+0000] {subprocess.py:93} INFO - Last page reached → stop
[2025-11-19T11:44:03.220+0000] {subprocess.py:93} INFO - -----Saved 4483 klines in : output/raw_rates/SHIBUSDT.jsonl
[2025-11-19T11:44:03.222+0000] {subprocess.py:93} INFO - pair SOLUSDT
[2025-11-19T11:44:03.223+0000] {subprocess.py:93} INFO - ---------10/23 is processing... ----------
[2025-11-19T11:44:03.223+0000] {subprocess.py:93} INFO - 
[2025-11-19T11:44:03.224+0000] {subprocess.py:93} INFO -  ------len data_klines: 1000----------
[2025-11-19T11:44:03.225+0000] {subprocess.py:93} INFO - Fetched 1000 klines
[2025-11-19T11:44:03.226+0000] {subprocess.py:93} INFO - next_start = 1750453200000
[2025-11-19T11:44:03.226+0000] {subprocess.py:93} INFO - 
[2025-11-19T11:44:03.227+0000] {subprocess.py:93} INFO -  ------len data_klines: 1000----------
[2025-11-19T11:44:03.228+0000] {subprocess.py:93} INFO - Fetched 1000 klines
[2025-11-19T11:44:03.229+0000] {subprocess.py:93} INFO - next_start = 1754053200000
[2025-11-19T11:44:03.229+0000] {subprocess.py:93} INFO - 
[2025-11-19T11:44:03.230+0000] {subprocess.py:93} INFO -  ------len data_klines: 1000----------
[2025-11-19T11:44:03.230+0000] {subprocess.py:93} INFO - Fetched 1000 klines
[2025-11-19T11:44:03.231+0000] {subprocess.py:93} INFO - next_start = 1757653200000
[2025-11-19T11:44:03.232+0000] {subprocess.py:93} INFO - 
[2025-11-19T11:44:03.233+0000] {subprocess.py:93} INFO -  ------len data_klines: 1000----------
[2025-11-19T11:44:03.234+0000] {subprocess.py:93} INFO - Fetched 1000 klines
[2025-11-19T11:44:03.235+0000] {subprocess.py:93} INFO - next_start = 1761253200000
[2025-11-19T11:44:03.235+0000] {subprocess.py:93} INFO - 
[2025-11-19T11:44:03.236+0000] {subprocess.py:93} INFO -  ------len data_klines: 483----------
[2025-11-19T11:44:03.237+0000] {subprocess.py:93} INFO - Fetched 483 klines
[2025-11-19T11:44:03.238+0000] {subprocess.py:93} INFO - Last page reached → stop
[2025-11-19T11:44:03.239+0000] {subprocess.py:93} INFO - -----Saved 4483 klines in : output/raw_rates/SOLUSDT.jsonl
[2025-11-19T11:44:03.240+0000] {subprocess.py:93} INFO - pair TRXUSDT
[2025-11-19T11:44:03.241+0000] {subprocess.py:93} INFO - ---------11/23 is processing... ----------
[2025-11-19T11:44:03.242+0000] {subprocess.py:93} INFO - 
[2025-11-19T11:44:03.243+0000] {subprocess.py:93} INFO -  ------len data_klines: 1000----------
[2025-11-19T11:44:03.246+0000] {subprocess.py:93} INFO - Fetched 1000 klines
[2025-11-19T11:44:03.247+0000] {subprocess.py:93} INFO - next_start = 1750453200000
[2025-11-19T11:44:03.249+0000] {subprocess.py:93} INFO - 
[2025-11-19T11:44:03.250+0000] {subprocess.py:93} INFO -  ------len data_klines: 1000----------
[2025-11-19T11:44:03.251+0000] {subprocess.py:93} INFO - Fetched 1000 klines
[2025-11-19T11:44:03.252+0000] {subprocess.py:93} INFO - next_start = 1754053200000
[2025-11-19T11:44:03.253+0000] {subprocess.py:93} INFO - 
[2025-11-19T11:44:03.254+0000] {subprocess.py:93} INFO -  ------len data_klines: 1000----------
[2025-11-19T11:44:03.255+0000] {subprocess.py:93} INFO - Fetched 1000 klines
[2025-11-19T11:44:03.255+0000] {subprocess.py:93} INFO - next_start = 1757653200000
[2025-11-19T11:44:03.256+0000] {subprocess.py:93} INFO - 
[2025-11-19T11:44:03.257+0000] {subprocess.py:93} INFO -  ------len data_klines: 1000----------
[2025-11-19T11:44:03.257+0000] {subprocess.py:93} INFO - Fetched 1000 klines
[2025-11-19T11:44:03.258+0000] {subprocess.py:93} INFO - next_start = 1761253200000
[2025-11-19T11:44:03.259+0000] {subprocess.py:93} INFO - 
[2025-11-19T11:44:03.260+0000] {subprocess.py:93} INFO -  ------len data_klines: 483----------
[2025-11-19T11:44:03.260+0000] {subprocess.py:93} INFO - Fetched 483 klines
[2025-11-19T11:44:03.262+0000] {subprocess.py:93} INFO - Last page reached → stop
[2025-11-19T11:44:03.263+0000] {subprocess.py:93} INFO - -----Saved 4483 klines in : output/raw_rates/TRXUSDT.jsonl
[2025-11-19T11:44:03.264+0000] {subprocess.py:93} INFO - pair XLMUSDT
[2025-11-19T11:44:03.265+0000] {subprocess.py:93} INFO - ---------12/23 is processing... ----------
[2025-11-19T11:44:03.266+0000] {subprocess.py:93} INFO - 
[2025-11-19T11:44:03.266+0000] {subprocess.py:93} INFO -  ------len data_klines: 1000----------
[2025-11-19T11:44:03.267+0000] {subprocess.py:93} INFO - Fetched 1000 klines
[2025-11-19T11:44:03.268+0000] {subprocess.py:93} INFO - next_start = 1750453200000
[2025-11-19T11:44:03.269+0000] {subprocess.py:93} INFO - 
[2025-11-19T11:44:03.270+0000] {subprocess.py:93} INFO -  ------len data_klines: 1000----------
[2025-11-19T11:44:03.271+0000] {subprocess.py:93} INFO - Fetched 1000 klines
[2025-11-19T11:44:03.271+0000] {subprocess.py:93} INFO - next_start = 1754053200000
[2025-11-19T11:44:03.272+0000] {subprocess.py:93} INFO - 
[2025-11-19T11:44:03.273+0000] {subprocess.py:93} INFO -  ------len data_klines: 1000----------
[2025-11-19T11:44:03.273+0000] {subprocess.py:93} INFO - Fetched 1000 klines
[2025-11-19T11:44:03.274+0000] {subprocess.py:93} INFO - next_start = 1757653200000
[2025-11-19T11:44:03.275+0000] {subprocess.py:93} INFO - 
[2025-11-19T11:44:03.275+0000] {subprocess.py:93} INFO -  ------len data_klines: 1000----------
[2025-11-19T11:44:03.276+0000] {subprocess.py:93} INFO - Fetched 1000 klines
[2025-11-19T11:44:03.277+0000] {subprocess.py:93} INFO - next_start = 1761253200000
[2025-11-19T11:44:03.278+0000] {subprocess.py:93} INFO - 
[2025-11-19T11:44:03.278+0000] {subprocess.py:93} INFO -  ------len data_klines: 483----------
[2025-11-19T11:44:03.279+0000] {subprocess.py:93} INFO - Fetched 483 klines
[2025-11-19T11:44:03.279+0000] {subprocess.py:93} INFO - Last page reached → stop
[2025-11-19T11:44:03.280+0000] {subprocess.py:93} INFO - -----Saved 4483 klines in : output/raw_rates/XLMUSDT.jsonl
[2025-11-19T11:44:03.281+0000] {subprocess.py:93} INFO - pair XRPUSDT
[2025-11-19T11:44:03.282+0000] {subprocess.py:93} INFO - ---------13/23 is processing... ----------
[2025-11-19T11:44:03.283+0000] {subprocess.py:93} INFO - 
[2025-11-19T11:44:03.283+0000] {subprocess.py:93} INFO -  ------len data_klines: 1000----------
[2025-11-19T11:44:03.284+0000] {subprocess.py:93} INFO - Fetched 1000 klines
[2025-11-19T11:44:03.285+0000] {subprocess.py:93} INFO - next_start = 1750453200000
[2025-11-19T11:44:03.285+0000] {subprocess.py:93} INFO - 
[2025-11-19T11:44:03.286+0000] {subprocess.py:93} INFO -  ------len data_klines: 1000----------
[2025-11-19T11:44:03.287+0000] {subprocess.py:93} INFO - Fetched 1000 klines
[2025-11-19T11:44:03.288+0000] {subprocess.py:93} INFO - next_start = 1754053200000
[2025-11-19T11:44:03.288+0000] {subprocess.py:93} INFO - 
[2025-11-19T11:44:03.289+0000] {subprocess.py:93} INFO -  ------len data_klines: 1000----------
[2025-11-19T11:44:03.290+0000] {subprocess.py:93} INFO - Fetched 1000 klines
[2025-11-19T11:44:03.291+0000] {subprocess.py:93} INFO - next_start = 1757653200000
[2025-11-19T11:44:03.292+0000] {subprocess.py:93} INFO - 
[2025-11-19T11:44:03.293+0000] {subprocess.py:93} INFO -  ------len data_klines: 1000----------
[2025-11-19T11:44:03.293+0000] {subprocess.py:93} INFO - Fetched 1000 klines
[2025-11-19T11:44:03.294+0000] {subprocess.py:93} INFO - next_start = 1761253200000
[2025-11-19T11:44:03.295+0000] {subprocess.py:93} INFO - 
[2025-11-19T11:44:03.296+0000] {subprocess.py:93} INFO -  ------len data_klines: 483----------
[2025-11-19T11:44:03.297+0000] {subprocess.py:93} INFO - Fetched 483 klines
[2025-11-19T11:44:03.298+0000] {subprocess.py:93} INFO - Last page reached → stop
[2025-11-19T11:44:03.298+0000] {subprocess.py:93} INFO - -----Saved 4483 klines in : output/raw_rates/XRPUSDT.jsonl
[2025-11-19T11:44:03.299+0000] {subprocess.py:93} INFO - pair AXSUSDT
[2025-11-19T11:44:03.300+0000] {subprocess.py:93} INFO - ---------14/23 is processing... ----------
[2025-11-19T11:44:03.301+0000] {subprocess.py:93} INFO - 
[2025-11-19T11:44:03.302+0000] {subprocess.py:93} INFO -  ------len data_klines: 1000----------
[2025-11-19T11:44:03.304+0000] {subprocess.py:93} INFO - Fetched 1000 klines
[2025-11-19T11:44:03.305+0000] {subprocess.py:93} INFO - next_start = 1750453200000
[2025-11-19T11:44:03.305+0000] {subprocess.py:93} INFO - 
[2025-11-19T11:44:03.306+0000] {subprocess.py:93} INFO -  ------len data_klines: 1000----------
[2025-11-19T11:44:03.307+0000] {subprocess.py:93} INFO - Fetched 1000 klines
[2025-11-19T11:44:03.307+0000] {subprocess.py:93} INFO - next_start = 1754053200000
[2025-11-19T11:44:03.308+0000] {subprocess.py:93} INFO - 
[2025-11-19T11:44:03.309+0000] {subprocess.py:93} INFO -  ------len data_klines: 1000----------
[2025-11-19T11:44:03.309+0000] {subprocess.py:93} INFO - Fetched 1000 klines
[2025-11-19T11:44:03.311+0000] {subprocess.py:93} INFO - next_start = 1757653200000
[2025-11-19T11:44:03.311+0000] {subprocess.py:93} INFO - 
[2025-11-19T11:44:03.314+0000] {subprocess.py:93} INFO -  ------len data_klines: 1000----------
[2025-11-19T11:44:03.314+0000] {subprocess.py:93} INFO - Fetched 1000 klines
[2025-11-19T11:44:03.315+0000] {subprocess.py:93} INFO - next_start = 1761253200000
[2025-11-19T11:44:03.316+0000] {subprocess.py:93} INFO - 
[2025-11-19T11:44:03.317+0000] {subprocess.py:93} INFO -  ------len data_klines: 483----------
[2025-11-19T11:44:03.318+0000] {subprocess.py:93} INFO - Fetched 483 klines
[2025-11-19T11:44:03.319+0000] {subprocess.py:93} INFO - Last page reached → stop
[2025-11-19T11:44:03.320+0000] {subprocess.py:93} INFO - -----Saved 4483 klines in : output/raw_rates/AXSUSDT.jsonl
[2025-11-19T11:44:03.321+0000] {subprocess.py:93} INFO - pair UNIUSDT
[2025-11-19T11:44:03.321+0000] {subprocess.py:93} INFO - ---------15/23 is processing... ----------
[2025-11-19T11:44:03.322+0000] {subprocess.py:93} INFO - 
[2025-11-19T11:44:03.322+0000] {subprocess.py:93} INFO -  ------len data_klines: 1000----------
[2025-11-19T11:44:03.323+0000] {subprocess.py:93} INFO - Fetched 1000 klines
[2025-11-19T11:44:03.323+0000] {subprocess.py:93} INFO - next_start = 1750453200000
[2025-11-19T11:44:03.324+0000] {subprocess.py:93} INFO - 
[2025-11-19T11:44:03.324+0000] {subprocess.py:93} INFO -  ------len data_klines: 1000----------
[2025-11-19T11:44:03.325+0000] {subprocess.py:93} INFO - Fetched 1000 klines
[2025-11-19T11:44:03.325+0000] {subprocess.py:93} INFO - next_start = 1754053200000
[2025-11-19T11:44:03.326+0000] {subprocess.py:93} INFO - 
[2025-11-19T11:44:03.326+0000] {subprocess.py:93} INFO -  ------len data_klines: 1000----------
[2025-11-19T11:44:03.327+0000] {subprocess.py:93} INFO - Fetched 1000 klines
[2025-11-19T11:44:03.328+0000] {subprocess.py:93} INFO - next_start = 1757653200000
[2025-11-19T11:44:03.329+0000] {subprocess.py:93} INFO - 
[2025-11-19T11:44:03.329+0000] {subprocess.py:93} INFO -  ------len data_klines: 1000----------
[2025-11-19T11:44:03.330+0000] {subprocess.py:93} INFO - Fetched 1000 klines
[2025-11-19T11:44:03.331+0000] {subprocess.py:93} INFO - next_start = 1761253200000
[2025-11-19T11:44:03.332+0000] {subprocess.py:93} INFO - 
[2025-11-19T11:44:03.332+0000] {subprocess.py:93} INFO -  ------len data_klines: 483----------
[2025-11-19T11:44:03.333+0000] {subprocess.py:93} INFO - Fetched 483 klines
[2025-11-19T11:44:03.334+0000] {subprocess.py:93} INFO - Last page reached → stop
[2025-11-19T11:44:03.334+0000] {subprocess.py:93} INFO - -----Saved 4483 klines in : output/raw_rates/UNIUSDT.jsonl
[2025-11-19T11:44:03.335+0000] {subprocess.py:93} INFO - pair USDCUSDT
[2025-11-19T11:44:03.336+0000] {subprocess.py:93} INFO - ---------16/23 is processing... ----------
[2025-11-19T11:44:03.336+0000] {subprocess.py:93} INFO - 
[2025-11-19T11:44:03.337+0000] {subprocess.py:93} INFO -  ------len data_klines: 1000----------
[2025-11-19T11:44:03.338+0000] {subprocess.py:93} INFO - Fetched 1000 klines
[2025-11-19T11:44:03.338+0000] {subprocess.py:93} INFO - next_start = 1750453200000
[2025-11-19T11:44:03.339+0000] {subprocess.py:93} INFO - 
[2025-11-19T11:44:03.340+0000] {subprocess.py:93} INFO -  ------len data_klines: 1000----------
[2025-11-19T11:44:03.340+0000] {subprocess.py:93} INFO - Fetched 1000 klines
[2025-11-19T11:44:03.341+0000] {subprocess.py:93} INFO - next_start = 1754053200000
[2025-11-19T11:44:03.341+0000] {subprocess.py:93} INFO - 
[2025-11-19T11:44:03.343+0000] {subprocess.py:93} INFO -  ------len data_klines: 1000----------
[2025-11-19T11:44:03.343+0000] {subprocess.py:93} INFO - Fetched 1000 klines
[2025-11-19T11:44:03.344+0000] {subprocess.py:93} INFO - next_start = 1757653200000
[2025-11-19T11:44:03.345+0000] {subprocess.py:93} INFO - 
[2025-11-19T11:44:03.346+0000] {subprocess.py:93} INFO -  ------len data_klines: 1000----------
[2025-11-19T11:44:03.347+0000] {subprocess.py:93} INFO - Fetched 1000 klines
[2025-11-19T11:44:03.348+0000] {subprocess.py:93} INFO - next_start = 1761253200000
[2025-11-19T11:44:03.349+0000] {subprocess.py:93} INFO - 
[2025-11-19T11:44:03.350+0000] {subprocess.py:93} INFO -  ------len data_klines: 483----------
[2025-11-19T11:44:03.351+0000] {subprocess.py:93} INFO - Fetched 483 klines
[2025-11-19T11:44:03.352+0000] {subprocess.py:93} INFO - Last page reached → stop
[2025-11-19T11:44:03.353+0000] {subprocess.py:93} INFO - -----Saved 4483 klines in : output/raw_rates/USDCUSDT.jsonl
[2025-11-19T11:44:03.353+0000] {subprocess.py:93} INFO - pair XTZUSDT
[2025-11-19T11:44:03.354+0000] {subprocess.py:93} INFO - ---------17/23 is processing... ----------
[2025-11-19T11:44:03.354+0000] {subprocess.py:93} INFO - 
[2025-11-19T11:44:03.355+0000] {subprocess.py:93} INFO -  ------len data_klines: 1000----------
[2025-11-19T11:44:03.355+0000] {subprocess.py:93} INFO - Fetched 1000 klines
[2025-11-19T11:44:03.356+0000] {subprocess.py:93} INFO - next_start = 1750453200000
[2025-11-19T11:44:03.356+0000] {subprocess.py:93} INFO - 
[2025-11-19T11:44:03.357+0000] {subprocess.py:93} INFO -  ------len data_klines: 1000----------
[2025-11-19T11:44:03.358+0000] {subprocess.py:93} INFO - Fetched 1000 klines
[2025-11-19T11:44:03.362+0000] {subprocess.py:93} INFO - next_start = 1754053200000
[2025-11-19T11:44:03.363+0000] {subprocess.py:93} INFO - 
[2025-11-19T11:44:03.363+0000] {subprocess.py:93} INFO -  ------len data_klines: 1000----------
[2025-11-19T11:44:03.364+0000] {subprocess.py:93} INFO - Fetched 1000 klines
[2025-11-19T11:44:03.364+0000] {subprocess.py:93} INFO - next_start = 1757653200000
[2025-11-19T11:44:03.365+0000] {subprocess.py:93} INFO - 
[2025-11-19T11:44:03.366+0000] {subprocess.py:93} INFO -  ------len data_klines: 1000----------
[2025-11-19T11:44:03.367+0000] {subprocess.py:93} INFO - Fetched 1000 klines
[2025-11-19T11:44:03.368+0000] {subprocess.py:93} INFO - next_start = 1761253200000
[2025-11-19T11:44:03.368+0000] {subprocess.py:93} INFO - 
[2025-11-19T11:44:03.369+0000] {subprocess.py:93} INFO -  ------len data_klines: 483----------
[2025-11-19T11:44:03.370+0000] {subprocess.py:93} INFO - Fetched 483 klines
[2025-11-19T11:44:03.370+0000] {subprocess.py:93} INFO - Last page reached → stop
[2025-11-19T11:44:03.371+0000] {subprocess.py:93} INFO - -----Saved 4483 klines in : output/raw_rates/XTZUSDT.jsonl
[2025-11-19T11:44:03.371+0000] {subprocess.py:93} INFO - pair AVAXUSDT
[2025-11-19T11:44:03.372+0000] {subprocess.py:93} INFO - ---------18/23 is processing... ----------
[2025-11-19T11:44:03.372+0000] {subprocess.py:93} INFO - 
[2025-11-19T11:44:03.373+0000] {subprocess.py:93} INFO -  ------len data_klines: 1000----------
[2025-11-19T11:44:03.373+0000] {subprocess.py:93} INFO - Fetched 1000 klines
[2025-11-19T11:44:03.373+0000] {subprocess.py:93} INFO - next_start = 1750453200000
[2025-11-19T11:44:03.374+0000] {subprocess.py:93} INFO - 
[2025-11-19T11:44:03.374+0000] {subprocess.py:93} INFO -  ------len data_klines: 1000----------
[2025-11-19T11:44:03.375+0000] {subprocess.py:93} INFO - Fetched 1000 klines
[2025-11-19T11:44:03.376+0000] {subprocess.py:93} INFO - next_start = 1754053200000
[2025-11-19T11:44:03.376+0000] {subprocess.py:93} INFO - 
[2025-11-19T11:44:03.377+0000] {subprocess.py:93} INFO -  ------len data_klines: 1000----------
[2025-11-19T11:44:03.378+0000] {subprocess.py:93} INFO - Fetched 1000 klines
[2025-11-19T11:44:03.379+0000] {subprocess.py:93} INFO - next_start = 1757653200000
[2025-11-19T11:44:03.379+0000] {subprocess.py:93} INFO - 
[2025-11-19T11:44:03.380+0000] {subprocess.py:93} INFO -  ------len data_klines: 1000----------
[2025-11-19T11:44:03.381+0000] {subprocess.py:93} INFO - Fetched 1000 klines
[2025-11-19T11:44:03.381+0000] {subprocess.py:93} INFO - next_start = 1761253200000
[2025-11-19T11:44:03.382+0000] {subprocess.py:93} INFO - 
[2025-11-19T11:44:03.383+0000] {subprocess.py:93} INFO -  ------len data_klines: 483----------
[2025-11-19T11:44:03.383+0000] {subprocess.py:93} INFO - Fetched 483 klines
[2025-11-19T11:44:03.384+0000] {subprocess.py:93} INFO - Last page reached → stop
[2025-11-19T11:44:03.385+0000] {subprocess.py:93} INFO - -----Saved 4483 klines in : output/raw_rates/AVAXUSDT.jsonl
[2025-11-19T11:44:03.386+0000] {subprocess.py:93} INFO - pair BCHUSDT
[2025-11-19T11:44:03.386+0000] {subprocess.py:93} INFO - ---------19/23 is processing... ----------
[2025-11-19T11:44:03.387+0000] {subprocess.py:93} INFO - 
[2025-11-19T11:44:03.387+0000] {subprocess.py:93} INFO -  ------len data_klines: 1000----------
[2025-11-19T11:44:03.388+0000] {subprocess.py:93} INFO - Fetched 1000 klines
[2025-11-19T11:44:03.388+0000] {subprocess.py:93} INFO - next_start = 1750453200000
[2025-11-19T11:44:03.389+0000] {subprocess.py:93} INFO - 
[2025-11-19T11:44:03.390+0000] {subprocess.py:93} INFO -  ------len data_klines: 1000----------
[2025-11-19T11:44:03.390+0000] {subprocess.py:93} INFO - Fetched 1000 klines
[2025-11-19T11:44:03.391+0000] {subprocess.py:93} INFO - next_start = 1754053200000
[2025-11-19T11:44:03.391+0000] {subprocess.py:93} INFO - 
[2025-11-19T11:44:03.392+0000] {subprocess.py:93} INFO -  ------len data_klines: 1000----------
[2025-11-19T11:44:03.393+0000] {subprocess.py:93} INFO - Fetched 1000 klines
[2025-11-19T11:44:03.395+0000] {subprocess.py:93} INFO - next_start = 1757653200000
[2025-11-19T11:44:03.396+0000] {subprocess.py:93} INFO - 
[2025-11-19T11:44:03.397+0000] {subprocess.py:93} INFO -  ------len data_klines: 1000----------
[2025-11-19T11:44:03.399+0000] {subprocess.py:93} INFO - Fetched 1000 klines
[2025-11-19T11:44:03.401+0000] {subprocess.py:93} INFO - next_start = 1761253200000
[2025-11-19T11:44:03.403+0000] {subprocess.py:93} INFO - 
[2025-11-19T11:44:03.404+0000] {subprocess.py:93} INFO -  ------len data_klines: 483----------
[2025-11-19T11:44:03.404+0000] {subprocess.py:93} INFO - Fetched 483 klines
[2025-11-19T11:44:03.405+0000] {subprocess.py:93} INFO - Last page reached → stop
[2025-11-19T11:44:03.406+0000] {subprocess.py:93} INFO - -----Saved 4483 klines in : output/raw_rates/BCHUSDT.jsonl
[2025-11-19T11:44:03.406+0000] {subprocess.py:93} INFO - pair NEARUSDT
[2025-11-19T11:44:03.407+0000] {subprocess.py:93} INFO - ---------20/23 is processing... ----------
[2025-11-19T11:44:03.407+0000] {subprocess.py:93} INFO - 
[2025-11-19T11:44:03.408+0000] {subprocess.py:93} INFO -  ------len data_klines: 1000----------
[2025-11-19T11:44:03.409+0000] {subprocess.py:93} INFO - Fetched 1000 klines
[2025-11-19T11:44:03.409+0000] {subprocess.py:93} INFO - next_start = 1750453200000
[2025-11-19T11:44:03.410+0000] {subprocess.py:93} INFO - 
[2025-11-19T11:44:03.410+0000] {subprocess.py:93} INFO -  ------len data_klines: 1000----------
[2025-11-19T11:44:03.411+0000] {subprocess.py:93} INFO - Fetched 1000 klines
[2025-11-19T11:44:03.411+0000] {subprocess.py:93} INFO - next_start = 1754053200000
[2025-11-19T11:44:03.412+0000] {subprocess.py:93} INFO - 
[2025-11-19T11:44:03.412+0000] {subprocess.py:93} INFO -  ------len data_klines: 1000----------
[2025-11-19T11:44:03.413+0000] {subprocess.py:93} INFO - Fetched 1000 klines
[2025-11-19T11:44:03.413+0000] {subprocess.py:93} INFO - next_start = 1757653200000
[2025-11-19T11:44:03.413+0000] {subprocess.py:93} INFO - 
[2025-11-19T11:44:03.414+0000] {subprocess.py:93} INFO -  ------len data_klines: 1000----------
[2025-11-19T11:44:03.414+0000] {subprocess.py:93} INFO - Fetched 1000 klines
[2025-11-19T11:44:03.414+0000] {subprocess.py:93} INFO - next_start = 1761253200000
[2025-11-19T11:44:03.415+0000] {subprocess.py:93} INFO - 
[2025-11-19T11:44:03.415+0000] {subprocess.py:93} INFO -  ------len data_klines: 483----------
[2025-11-19T11:44:03.415+0000] {subprocess.py:93} INFO - Fetched 483 klines
[2025-11-19T11:44:03.416+0000] {subprocess.py:93} INFO - Last page reached → stop
[2025-11-19T11:44:03.416+0000] {subprocess.py:93} INFO - -----Saved 4483 klines in : output/raw_rates/NEARUSDT.jsonl
[2025-11-19T11:44:03.416+0000] {subprocess.py:93} INFO - pair ETCUSDT
[2025-11-19T11:44:03.417+0000] {subprocess.py:93} INFO - ---------21/23 is processing... ----------
[2025-11-19T11:44:03.417+0000] {subprocess.py:93} INFO - 
[2025-11-19T11:44:03.417+0000] {subprocess.py:93} INFO -  ------len data_klines: 1000----------
[2025-11-19T11:44:03.418+0000] {subprocess.py:93} INFO - Fetched 1000 klines
[2025-11-19T11:44:03.419+0000] {subprocess.py:93} INFO - next_start = 1750453200000
[2025-11-19T11:44:03.419+0000] {subprocess.py:93} INFO - 
[2025-11-19T11:44:03.419+0000] {subprocess.py:93} INFO -  ------len data_klines: 1000----------
[2025-11-19T11:44:03.419+0000] {subprocess.py:93} INFO - Fetched 1000 klines
[2025-11-19T11:44:03.420+0000] {subprocess.py:93} INFO - next_start = 1754053200000
[2025-11-19T11:44:03.420+0000] {subprocess.py:93} INFO - 
[2025-11-19T11:44:03.420+0000] {subprocess.py:93} INFO -  ------len data_klines: 1000----------
[2025-11-19T11:44:03.421+0000] {subprocess.py:93} INFO - Fetched 1000 klines
[2025-11-19T11:44:03.421+0000] {subprocess.py:93} INFO - next_start = 1757653200000
[2025-11-19T11:44:03.422+0000] {subprocess.py:93} INFO - 
[2025-11-19T11:44:03.422+0000] {subprocess.py:93} INFO -  ------len data_klines: 1000----------
[2025-11-19T11:44:03.422+0000] {subprocess.py:93} INFO - Fetched 1000 klines
[2025-11-19T11:44:03.422+0000] {subprocess.py:93} INFO - next_start = 1761253200000
[2025-11-19T11:44:03.423+0000] {subprocess.py:93} INFO - 
[2025-11-19T11:44:03.423+0000] {subprocess.py:93} INFO -  ------len data_klines: 483----------
[2025-11-19T11:44:03.423+0000] {subprocess.py:93} INFO - Fetched 483 klines
[2025-11-19T11:44:03.424+0000] {subprocess.py:93} INFO - Last page reached → stop
[2025-11-19T11:44:03.424+0000] {subprocess.py:93} INFO - -----Saved 4483 klines in : output/raw_rates/ETCUSDT.jsonl
[2025-11-19T11:44:03.424+0000] {subprocess.py:93} INFO - pair LINKUSDT
[2025-11-19T11:44:03.425+0000] {subprocess.py:93} INFO - ---------22/23 is processing... ----------
[2025-11-19T11:44:03.425+0000] {subprocess.py:93} INFO - 
[2025-11-19T11:44:03.425+0000] {subprocess.py:93} INFO -  ------len data_klines: 1000----------
[2025-11-19T11:44:03.426+0000] {subprocess.py:93} INFO - Fetched 1000 klines
[2025-11-19T11:44:03.426+0000] {subprocess.py:93} INFO - next_start = 1750453200000
[2025-11-19T11:44:03.426+0000] {subprocess.py:93} INFO - 
[2025-11-19T11:44:03.426+0000] {subprocess.py:93} INFO -  ------len data_klines: 1000----------
[2025-11-19T11:44:03.427+0000] {subprocess.py:93} INFO - Fetched 1000 klines
[2025-11-19T11:44:03.427+0000] {subprocess.py:93} INFO - next_start = 1754053200000
[2025-11-19T11:44:03.428+0000] {subprocess.py:93} INFO - 
[2025-11-19T11:44:03.428+0000] {subprocess.py:93} INFO -  ------len data_klines: 1000----------
[2025-11-19T11:44:03.428+0000] {subprocess.py:93} INFO - Fetched 1000 klines
[2025-11-19T11:44:03.428+0000] {subprocess.py:93} INFO - next_start = 1757653200000
[2025-11-19T11:44:03.429+0000] {subprocess.py:93} INFO - 
[2025-11-19T11:44:03.429+0000] {subprocess.py:93} INFO -  ------len data_klines: 1000----------
[2025-11-19T11:44:03.429+0000] {subprocess.py:93} INFO - Fetched 1000 klines
[2025-11-19T11:44:03.430+0000] {subprocess.py:93} INFO - next_start = 1761253200000
[2025-11-19T11:44:03.430+0000] {subprocess.py:93} INFO - 
[2025-11-19T11:44:03.430+0000] {subprocess.py:93} INFO -  ------len data_klines: 483----------
[2025-11-19T11:44:03.430+0000] {subprocess.py:93} INFO - Fetched 483 klines
[2025-11-19T11:44:03.431+0000] {subprocess.py:93} INFO - Last page reached → stop
[2025-11-19T11:44:03.431+0000] {subprocess.py:93} INFO - -----Saved 4483 klines in : output/raw_rates/LINKUSDT.jsonl
[2025-11-19T11:44:03.431+0000] {subprocess.py:93} INFO - pair DOTUSDT
[2025-11-19T11:44:03.431+0000] {subprocess.py:93} INFO - ---------23/23 is processing... ----------
[2025-11-19T11:44:03.432+0000] {subprocess.py:93} INFO - 
[2025-11-19T11:44:03.432+0000] {subprocess.py:93} INFO -  ------len data_klines: 1000----------
[2025-11-19T11:44:03.432+0000] {subprocess.py:93} INFO - Fetched 1000 klines
[2025-11-19T11:44:03.433+0000] {subprocess.py:93} INFO - next_start = 1750453200000
[2025-11-19T11:44:03.433+0000] {subprocess.py:93} INFO - 
[2025-11-19T11:44:03.434+0000] {subprocess.py:93} INFO -  ------len data_klines: 1000----------
[2025-11-19T11:44:03.434+0000] {subprocess.py:93} INFO - Fetched 1000 klines
[2025-11-19T11:44:03.435+0000] {subprocess.py:93} INFO - next_start = 1754053200000
[2025-11-19T11:44:03.435+0000] {subprocess.py:93} INFO - 
[2025-11-19T11:44:03.435+0000] {subprocess.py:93} INFO -  ------len data_klines: 1000----------
[2025-11-19T11:44:03.436+0000] {subprocess.py:93} INFO - Fetched 1000 klines
[2025-11-19T11:44:03.436+0000] {subprocess.py:93} INFO - next_start = 1757653200000
[2025-11-19T11:44:03.436+0000] {subprocess.py:93} INFO - 
[2025-11-19T11:44:03.437+0000] {subprocess.py:93} INFO -  ------len data_klines: 1000----------
[2025-11-19T11:44:03.437+0000] {subprocess.py:93} INFO - Fetched 1000 klines
[2025-11-19T11:44:03.437+0000] {subprocess.py:93} INFO - next_start = 1761253200000
[2025-11-19T11:44:03.438+0000] {subprocess.py:93} INFO - 
[2025-11-19T11:44:03.438+0000] {subprocess.py:93} INFO -  ------len data_klines: 483----------
[2025-11-19T11:44:03.438+0000] {subprocess.py:93} INFO - Fetched 483 klines
[2025-11-19T11:44:03.438+0000] {subprocess.py:93} INFO - Last page reached → stop
[2025-11-19T11:44:03.439+0000] {subprocess.py:93} INFO - -----Saved 4483 klines in : output/raw_rates/DOTUSDT.jsonl
[2025-11-19T11:44:03.439+0000] {subprocess.py:93} INFO - --------Sucessfully fetch data in folder: output/raw_rates/
[2025-11-19T11:44:03.439+0000] {subprocess.py:93} INFO - -----Total JSONL files in 'output/raw_rates': 23 -----
[2025-11-19T11:44:03.439+0000] {subprocess.py:97} INFO - Command exited with return code 0
[2025-11-19T11:44:03.440+0000] {taskinstance.py:441} INFO - ::group::Post task execution logs
[2025-11-19T11:44:03.467+0000] {taskinstance.py:1206} INFO - Marking task as SUCCESS. dag_id=data_ingestion, task_id=fetch_rates_from_binance, run_id=scheduled__2025-11-18T00:00:00+00:00, execution_date=20251118T000000, start_date=20251119T114330, end_date=20251119T114403
[2025-11-19T11:44:03.494+0000] {local_task_job_runner.py:243} INFO - Task exited with return code 0
[2025-11-19T11:44:03.521+0000] {taskinstance.py:3503} INFO - 1 downstream tasks scheduled from follow-on schedule check
[2025-11-19T11:44:03.523+0000] {local_task_job_runner.py:222} INFO - ::endgroup::
