[2025-11-19T12:00:50.325+0000] {local_task_job_runner.py:120} INFO - ::group::Pre task execution logs
[2025-11-19T12:00:50.524+0000] {taskinstance.py:2076} INFO - Dependencies all met for dep_context=non-requeueable deps ti=<TaskInstance: dbt_finance.wait_for_data_ingestion manual__2025-11-19T12:00:48.991689+00:00 [queued]>
[2025-11-19T12:00:50.551+0000] {taskinstance.py:2076} INFO - Dependencies all met for dep_context=requeueable deps ti=<TaskInstance: dbt_finance.wait_for_data_ingestion manual__2025-11-19T12:00:48.991689+00:00 [queued]>
[2025-11-19T12:00:50.552+0000] {taskinstance.py:2306} INFO - Starting attempt 1 of 2
[2025-11-19T12:00:50.581+0000] {taskinstance.py:2330} INFO - Executing <Task(ExternalTaskSensor): wait_for_data_ingestion> on 2025-11-19 12:00:48.991689+00:00
[2025-11-19T12:00:50.593+0000] {logging_mixin.py:188} WARNING - /home/***/.local/lib/python3.12/site-packages/***/task/task_runner/standard_task_runner.py:62 DeprecationWarning: This process (pid=421) is multi-threaded, use of fork() may lead to deadlocks in the child.
[2025-11-19T12:00:50.593+0000] {standard_task_runner.py:90} INFO - Running: ['***', 'tasks', 'run', 'dbt_finance', 'wait_for_data_ingestion', 'manual__2025-11-19T12:00:48.991689+00:00', '--job-id', '22', '--raw', '--subdir', 'DAGS_FOLDER/dbt_finance.py', '--cfg-path', '/tmp/tmpjyevylhu']
[2025-11-19T12:00:50.597+0000] {standard_task_runner.py:91} INFO - Job 22: Subtask wait_for_data_ingestion
[2025-11-19T12:00:50.596+0000] {standard_task_runner.py:64} INFO - Started process 425 to run task
[2025-11-19T12:00:50.687+0000] {task_command.py:426} INFO - Running <TaskInstance: dbt_finance.wait_for_data_ingestion manual__2025-11-19T12:00:48.991689+00:00 [running]> on host f8ef3c16e368
[2025-11-19T12:00:50.853+0000] {taskinstance.py:2648} INFO - Exporting env vars: AIRFLOW_CTX_DAG_OWNER='tam.dang' AIRFLOW_CTX_DAG_ID='dbt_finance' AIRFLOW_CTX_TASK_ID='wait_for_data_ingestion' AIRFLOW_CTX_EXECUTION_DATE='2025-11-19T12:00:48.991689+00:00' AIRFLOW_CTX_TRY_NUMBER='1' AIRFLOW_CTX_DAG_RUN_ID='manual__2025-11-19T12:00:48.991689+00:00'
[2025-11-19T12:00:50.854+0000] {taskinstance.py:430} INFO - ::endgroup::
[2025-11-19T12:00:50.888+0000] {baseoperator.py:400} WARNING - ExternalTaskSensor.execute cannot be called outside TaskInstance!
[2025-11-19T12:00:50.964+0000] {external_task.py:258} INFO - Poking for tasks ['load_raw_data_to_bigquery'] in dag data_ingestion on 2025-11-19T12:00:48.991689+00:00 ... 
[2025-11-19T12:00:50.971+0000] {logging_mixin.py:188} WARNING - /home/***/.local/lib/python3.12/site-packages/***/utils/session.py:79 DeprecationWarning: This method is deprecated and will be removed in future.
[2025-11-19T12:00:51.002+0000] {taskinstance.py:441} INFO - ::group::Post task execution logs
[2025-11-19T12:00:51.052+0000] {taskinstance.py:2865} INFO - Rescheduling task, marking task as UP_FOR_RESCHEDULE
[2025-11-19T12:00:51.092+0000] {local_task_job_runner.py:243} INFO - Task exited with return code 0
[2025-11-19T12:00:51.148+0000] {taskinstance.py:3503} INFO - 0 downstream tasks scheduled from follow-on schedule check
[2025-11-19T12:00:51.152+0000] {local_task_job_runner.py:222} INFO - ::endgroup::
[2025-11-19T12:05:42.666+0000] {local_task_job_runner.py:120} INFO - ::group::Pre task execution logs
[2025-11-19T12:05:42.708+0000] {taskinstance.py:2076} INFO - Dependencies all met for dep_context=non-requeueable deps ti=<TaskInstance: dbt_finance.wait_for_data_ingestion manual__2025-11-19T12:00:48.991689+00:00 [queued]>
[2025-11-19T12:05:42.718+0000] {taskinstance.py:2076} INFO - Dependencies all met for dep_context=requeueable deps ti=<TaskInstance: dbt_finance.wait_for_data_ingestion manual__2025-11-19T12:00:48.991689+00:00 [queued]>
[2025-11-19T12:05:42.718+0000] {taskinstance.py:2306} INFO - Starting attempt 1 of 2
[2025-11-19T12:05:42.736+0000] {taskinstance.py:2330} INFO - Executing <Task(ExternalTaskSensor): wait_for_data_ingestion> on 2025-11-19 12:00:48.991689+00:00
[2025-11-19T12:05:42.743+0000] {logging_mixin.py:188} WARNING - /home/***/.local/lib/python3.12/site-packages/***/task/task_runner/standard_task_runner.py:62 DeprecationWarning: This process (pid=226) is multi-threaded, use of fork() may lead to deadlocks in the child.
[2025-11-19T12:05:42.745+0000] {standard_task_runner.py:64} INFO - Started process 227 to run task
[2025-11-19T12:05:42.744+0000] {standard_task_runner.py:90} INFO - Running: ['***', 'tasks', 'run', 'dbt_finance', 'wait_for_data_ingestion', 'manual__2025-11-19T12:00:48.991689+00:00', '--job-id', '24', '--raw', '--subdir', 'DAGS_FOLDER/dbt_finance.py', '--cfg-path', '/tmp/tmp2vzsrw2z']
[2025-11-19T12:05:42.746+0000] {standard_task_runner.py:91} INFO - Job 24: Subtask wait_for_data_ingestion
[2025-11-19T12:05:42.804+0000] {task_command.py:426} INFO - Running <TaskInstance: dbt_finance.wait_for_data_ingestion manual__2025-11-19T12:00:48.991689+00:00 [running]> on host f8ef3c16e368
[2025-11-19T12:05:42.905+0000] {taskinstance.py:2648} INFO - Exporting env vars: AIRFLOW_CTX_DAG_OWNER='tam.dang' AIRFLOW_CTX_DAG_ID='dbt_finance' AIRFLOW_CTX_TASK_ID='wait_for_data_ingestion' AIRFLOW_CTX_EXECUTION_DATE='2025-11-19T12:00:48.991689+00:00' AIRFLOW_CTX_TRY_NUMBER='1' AIRFLOW_CTX_DAG_RUN_ID='manual__2025-11-19T12:00:48.991689+00:00'
[2025-11-19T12:05:42.908+0000] {taskinstance.py:430} INFO - ::endgroup::
[2025-11-19T12:05:42.930+0000] {baseoperator.py:400} WARNING - ExternalTaskSensor.execute cannot be called outside TaskInstance!
[2025-11-19T12:05:42.941+0000] {external_task.py:258} INFO - Poking for tasks ['load_raw_data_to_bigquery'] in dag data_ingestion on 2025-11-19T12:00:48.991689+00:00 ... 
[2025-11-19T12:05:42.944+0000] {logging_mixin.py:188} WARNING - /home/***/.local/lib/python3.12/site-packages/***/utils/session.py:79 DeprecationWarning: This method is deprecated and will be removed in future.
[2025-11-19T12:05:42.955+0000] {taskinstance.py:441} INFO - ::group::Post task execution logs
[2025-11-19T12:05:42.981+0000] {taskinstance.py:2865} INFO - Rescheduling task, marking task as UP_FOR_RESCHEDULE
[2025-11-19T12:05:43.010+0000] {local_task_job_runner.py:243} INFO - Task exited with return code 0
[2025-11-19T12:05:43.044+0000] {taskinstance.py:3503} INFO - 0 downstream tasks scheduled from follow-on schedule check
[2025-11-19T12:05:43.047+0000] {local_task_job_runner.py:222} INFO - ::endgroup::
[2025-11-19T12:06:23.432+0000] {local_task_job_runner.py:120} INFO - ::group::Pre task execution logs
[2025-11-19T12:06:23.519+0000] {taskinstance.py:2076} INFO - Dependencies all met for dep_context=non-requeueable deps ti=<TaskInstance: dbt_finance.wait_for_data_ingestion manual__2025-11-19T12:00:48.991689+00:00 [queued]>
[2025-11-19T12:06:23.546+0000] {taskinstance.py:2076} INFO - Dependencies all met for dep_context=requeueable deps ti=<TaskInstance: dbt_finance.wait_for_data_ingestion manual__2025-11-19T12:00:48.991689+00:00 [queued]>
[2025-11-19T12:06:23.548+0000] {taskinstance.py:2306} INFO - Starting attempt 1 of 2
[2025-11-19T12:06:23.572+0000] {taskinstance.py:2330} INFO - Executing <Task(ExternalTaskSensor): wait_for_data_ingestion> on 2025-11-19 12:00:48.991689+00:00
[2025-11-19T12:06:23.587+0000] {logging_mixin.py:188} WARNING - /home/***/.local/lib/python3.12/site-packages/***/task/task_runner/standard_task_runner.py:62 DeprecationWarning: This process (pid=243) is multi-threaded, use of fork() may lead to deadlocks in the child.
[2025-11-19T12:06:23.589+0000] {standard_task_runner.py:64} INFO - Started process 244 to run task
[2025-11-19T12:06:23.587+0000] {standard_task_runner.py:90} INFO - Running: ['***', 'tasks', 'run', 'dbt_finance', 'wait_for_data_ingestion', 'manual__2025-11-19T12:00:48.991689+00:00', '--job-id', '25', '--raw', '--subdir', 'DAGS_FOLDER/dbt_finance.py', '--cfg-path', '/tmp/tmp54rplx86']
[2025-11-19T12:06:23.590+0000] {standard_task_runner.py:91} INFO - Job 25: Subtask wait_for_data_ingestion
[2025-11-19T12:06:23.650+0000] {task_command.py:426} INFO - Running <TaskInstance: dbt_finance.wait_for_data_ingestion manual__2025-11-19T12:00:48.991689+00:00 [running]> on host f8ef3c16e368
[2025-11-19T12:06:23.761+0000] {taskinstance.py:2648} INFO - Exporting env vars: AIRFLOW_CTX_DAG_OWNER='tam.dang' AIRFLOW_CTX_DAG_ID='dbt_finance' AIRFLOW_CTX_TASK_ID='wait_for_data_ingestion' AIRFLOW_CTX_EXECUTION_DATE='2025-11-19T12:00:48.991689+00:00' AIRFLOW_CTX_TRY_NUMBER='1' AIRFLOW_CTX_DAG_RUN_ID='manual__2025-11-19T12:00:48.991689+00:00'
[2025-11-19T12:06:23.763+0000] {taskinstance.py:430} INFO - ::endgroup::
[2025-11-19T12:06:23.786+0000] {baseoperator.py:400} WARNING - ExternalTaskSensor.execute cannot be called outside TaskInstance!
[2025-11-19T12:06:23.798+0000] {external_task.py:258} INFO - Poking for tasks ['load_raw_data_to_bigquery'] in dag data_ingestion on 2025-11-19T12:00:48.991689+00:00 ... 
[2025-11-19T12:06:23.800+0000] {logging_mixin.py:188} WARNING - /home/***/.local/lib/python3.12/site-packages/***/utils/session.py:79 DeprecationWarning: This method is deprecated and will be removed in future.
[2025-11-19T12:06:23.814+0000] {taskinstance.py:441} INFO - ::group::Post task execution logs
[2025-11-19T12:06:23.844+0000] {taskinstance.py:2865} INFO - Rescheduling task, marking task as UP_FOR_RESCHEDULE
[2025-11-19T12:06:23.855+0000] {local_task_job_runner.py:243} INFO - Task exited with return code 0
[2025-11-19T12:06:23.899+0000] {taskinstance.py:3503} INFO - 0 downstream tasks scheduled from follow-on schedule check
[2025-11-19T12:06:23.902+0000] {local_task_job_runner.py:222} INFO - ::endgroup::
