[2025-11-19T11:30:18.987+0000] {manager.py:470} INFO - Processing files using up to 2 processes at a time 
[2025-11-19T11:30:18.988+0000] {manager.py:471} INFO - Process each file at most once every 30 seconds
[2025-11-19T11:30:18.989+0000] {manager.py:472} INFO - Checking for new files in /opt/airflow/dags every 300 seconds
[2025-11-19T11:30:18.990+0000] {manager.py:737} INFO - Searching for files in /opt/airflow/dags
[2025-11-19T11:30:19.009+0000] {manager.py:740} INFO - There are 3 files in /opt/airflow/dags
[2025-11-19T11:30:19.265+0000] {manager.py:878} INFO - 
================================================================================
DAG File Processing Stats

File Path                              PID  Runtime      # DAGs    # Errors  Last Runtime    Last Run
-----------------------------------  -----  ---------  --------  ----------  --------------  -------------------
/opt/airflow/dags/dbt_finance.py                              0           1  0.14s           2025-11-19T11:30:19
/opt/airflow/dags/data_ingestion.py    229  0.11s             0           0
/opt/airflow/dags/utils/__init__.py                           0           0
================================================================================
[2025-11-19T11:30:49.596+0000] {manager.py:878} INFO - 
================================================================================
DAG File Processing Stats

File Path                              PID  Runtime      # DAGs    # Errors  Last Runtime    Last Run
-----------------------------------  -----  ---------  --------  ----------  --------------  -------------------
/opt/airflow/dags/dbt_finance.py       241  0.04s             0           1  0.14s           2025-11-19T11:30:19
/opt/airflow/dags/data_ingestion.py    244  0.01s             0           1  0.13s           2025-11-19T11:30:19
/opt/airflow/dags/utils/__init__.py                           0           0  0.06s           2025-11-19T11:30:19
================================================================================
[2025-11-19T11:31:20.455+0000] {manager.py:878} INFO - 
================================================================================
DAG File Processing Stats

File Path                              PID  Runtime      # DAGs    # Errors  Last Runtime    Last Run
-----------------------------------  -----  ---------  --------  ----------  --------------  -------------------
/opt/airflow/dags/dbt_finance.py       256  0.03s             0           1  0.16s           2025-11-19T11:30:49
/opt/airflow/dags/data_ingestion.py    258  0.01s             0           1  0.16s           2025-11-19T11:30:49
/opt/airflow/dags/utils/__init__.py                           0           0  0.09s           2025-11-19T11:30:49
================================================================================
[2025-11-19T11:31:50.987+0000] {manager.py:878} INFO - 
================================================================================
DAG File Processing Stats

File Path                              PID  Runtime      # DAGs    # Errors  Last Runtime    Last Run
-----------------------------------  -----  ---------  --------  ----------  --------------  -------------------
/opt/airflow/dags/dbt_finance.py       271  0.03s             0           1  0.15s           2025-11-19T11:31:20
/opt/airflow/dags/data_ingestion.py    272  0.00s             0           1  0.14s           2025-11-19T11:31:20
/opt/airflow/dags/utils/__init__.py                           0           0  0.06s           2025-11-19T11:31:20
================================================================================
[2025-11-19T11:32:21.530+0000] {manager.py:878} INFO - 
================================================================================
DAG File Processing Stats

File Path                              PID  Runtime      # DAGs    # Errors  Last Runtime    Last Run
-----------------------------------  -----  ---------  --------  ----------  --------------  -------------------
/opt/airflow/dags/dbt_finance.py       286  0.02s             0           1  0.14s           2025-11-19T11:31:51
/opt/airflow/dags/data_ingestion.py    289  0.01s             0           1  0.12s           2025-11-19T11:31:51
/opt/airflow/dags/utils/__init__.py                           0           0  0.07s           2025-11-19T11:31:51
================================================================================
[2025-11-19T11:32:51.826+0000] {manager.py:878} INFO - 
================================================================================
DAG File Processing Stats

File Path                              PID  Runtime      # DAGs    # Errors  Last Runtime    Last Run
-----------------------------------  -----  ---------  --------  ----------  --------------  -------------------
/opt/airflow/dags/dbt_finance.py                              1           0  0.98s           2025-11-19T11:32:41
/opt/airflow/dags/data_ingestion.py                           1           0  0.76s           2025-11-19T11:32:50
/opt/airflow/dags/utils/__init__.py    311  0.00s             0           0  0.05s           2025-11-19T11:32:21
================================================================================
[2025-11-19T11:33:22.366+0000] {manager.py:878} INFO - 
================================================================================
DAG File Processing Stats

File Path                              PID  Runtime      # DAGs    # Errors  Last Runtime    Last Run
-----------------------------------  -----  ---------  --------  ----------  --------------  -------------------
/opt/airflow/dags/dbt_finance.py                              1           0  0.24s           2025-11-19T11:33:01
/opt/airflow/dags/data_ingestion.py                           1           0  0.21s           2025-11-19T11:33:01
/opt/airflow/dags/utils/__init__.py    337  0.00s             0           0  0.07s           2025-11-19T11:32:51
================================================================================
[2025-11-19T11:33:52.839+0000] {manager.py:878} INFO - 
================================================================================
DAG File Processing Stats

File Path                              PID  Runtime      # DAGs    # Errors  Last Runtime    Last Run
-----------------------------------  -----  ---------  --------  ----------  --------------  -------------------
/opt/airflow/dags/dbt_finance.py                              1           0  0.20s           2025-11-19T11:33:31
/opt/airflow/dags/data_ingestion.py                           1           0  0.20s           2025-11-19T11:33:31
/opt/airflow/dags/utils/__init__.py    352  0.01s             0           0  0.09s           2025-11-19T11:33:22
================================================================================
[2025-11-19T11:34:23.189+0000] {manager.py:878} INFO - 
================================================================================
DAG File Processing Stats

File Path                              PID  Runtime      # DAGs    # Errors  Last Runtime    Last Run
-----------------------------------  -----  ---------  --------  ----------  --------------  -------------------
/opt/airflow/dags/data_ingestion.py                           1           0  0.24s           2025-11-19T11:34:02
/opt/airflow/dags/dbt_finance.py                              1           0  0.23s           2025-11-19T11:34:02
/opt/airflow/dags/utils/__init__.py    367  0.01s             0           0  0.07s           2025-11-19T11:33:52
================================================================================
[2025-11-19T11:34:53.672+0000] {manager.py:878} INFO - 
================================================================================
DAG File Processing Stats

File Path                              PID  Runtime      # DAGs    # Errors  Last Runtime    Last Run
-----------------------------------  -----  ---------  --------  ----------  --------------  -------------------
/opt/airflow/dags/data_ingestion.py                           1           0  0.20s           2025-11-19T11:34:32
/opt/airflow/dags/dbt_finance.py                              1           0  0.19s           2025-11-19T11:34:32
/opt/airflow/dags/utils/__init__.py    382  0.01s             0           0  0.07s           2025-11-19T11:34:23
================================================================================
[2025-11-19T11:34:56.292+0000] {manager.py:452} INFO - Exiting gracefully upon receiving signal 15
[2025-11-19T11:35:56.440+0000] {manager.py:470} INFO - Processing files using up to 2 processes at a time 
[2025-11-19T11:35:56.441+0000] {manager.py:471} INFO - Process each file at most once every 30 seconds
[2025-11-19T11:35:56.442+0000] {manager.py:472} INFO - Checking for new files in /opt/airflow/dags every 300 seconds
[2025-11-19T11:35:56.442+0000] {manager.py:737} INFO - Searching for files in /opt/airflow/dags
[2025-11-19T11:35:56.458+0000] {manager.py:740} INFO - There are 3 files in /opt/airflow/dags
[2025-11-19T11:35:56.620+0000] {manager.py:878} INFO - 
================================================================================
DAG File Processing Stats

File Path                              PID  Runtime      # DAGs    # Errors  Last Runtime    Last Run
-----------------------------------  -----  ---------  --------  ----------  --------------  ----------
/opt/airflow/dags/data_ingestion.py    180  0.10s             0           0
/opt/airflow/dags/dbt_finance.py       183  0.07s             0           0
/opt/airflow/dags/utils/__init__.py                           0           0
================================================================================
[2025-11-19T11:36:10.162+0000] {manager.py:452} INFO - Exiting gracefully upon receiving signal 15
[2025-11-19T11:37:29.636+0000] {manager.py:470} INFO - Processing files using up to 2 processes at a time 
[2025-11-19T11:37:29.637+0000] {manager.py:471} INFO - Process each file at most once every 30 seconds
[2025-11-19T11:37:29.638+0000] {manager.py:472} INFO - Checking for new files in /opt/airflow/dags every 300 seconds
[2025-11-19T11:37:29.639+0000] {manager.py:737} INFO - Searching for files in /opt/airflow/dags
[2025-11-19T11:37:29.664+0000] {manager.py:740} INFO - There are 3 files in /opt/airflow/dags
[2025-11-19T11:37:29.819+0000] {manager.py:878} INFO - 
================================================================================
DAG File Processing Stats

File Path                              PID  Runtime      # DAGs    # Errors  Last Runtime    Last Run
-----------------------------------  -----  ---------  --------  ----------  --------------  ----------
/opt/airflow/dags/data_ingestion.py    225  0.08s             0           0
/opt/airflow/dags/dbt_finance.py       228  0.05s             0           0
/opt/airflow/dags/utils/__init__.py                           0           0
================================================================================
[2025-11-19T11:38:00.670+0000] {manager.py:878} INFO - 
================================================================================
DAG File Processing Stats

File Path                              PID  Runtime      # DAGs    # Errors  Last Runtime    Last Run
-----------------------------------  -----  ---------  --------  ----------  --------------  -------------------
/opt/airflow/dags/data_ingestion.py    240  0.04s             1           0  0.48s           2025-11-19T11:37:30
/opt/airflow/dags/dbt_finance.py       242  0.01s             1           0  0.43s           2025-11-19T11:37:30
/opt/airflow/dags/utils/__init__.py                           0           0  0.05s           2025-11-19T11:37:30
================================================================================
[2025-11-19T11:38:31.252+0000] {manager.py:878} INFO - 
================================================================================
DAG File Processing Stats

File Path                              PID  Runtime      # DAGs    # Errors  Last Runtime    Last Run
-----------------------------------  -----  ---------  --------  ----------  --------------  -------------------
/opt/airflow/dags/data_ingestion.py    266  0.02s             1           0  0.27s           2025-11-19T11:38:00
/opt/airflow/dags/dbt_finance.py       269  0.01s             1           0  0.25s           2025-11-19T11:38:00
/opt/airflow/dags/utils/__init__.py                           0           0  0.20s           2025-11-19T11:38:01
================================================================================
[2025-11-19T11:39:01.987+0000] {manager.py:878} INFO - 
================================================================================
DAG File Processing Stats

File Path                              PID  Runtime      # DAGs    # Errors  Last Runtime    Last Run
-----------------------------------  -----  ---------  --------  ----------  --------------  -------------------
/opt/airflow/dags/dbt_finance.py       283  0.01s             1           0  0.26s           2025-11-19T11:38:31
/opt/airflow/dags/data_ingestion.py    281  0.04s             1           0  0.26s           2025-11-19T11:38:31
/opt/airflow/dags/utils/__init__.py                           0           0  0.06s           2025-11-19T11:38:31
================================================================================
[2025-11-19T11:39:32.012+0000] {manager.py:878} INFO - 
================================================================================
DAG File Processing Stats

File Path                            PID    Runtime      # DAGs    # Errors  Last Runtime    Last Run
-----------------------------------  -----  ---------  --------  ----------  --------------  -------------------
/opt/airflow/dags/data_ingestion.py                           1           0  0.51s           2025-11-19T11:39:02
/opt/airflow/dags/dbt_finance.py                              1           0  0.43s           2025-11-19T11:39:02
/opt/airflow/dags/utils/__init__.py                           0           0  0.28s           2025-11-19T11:39:02
================================================================================
[2025-11-19T11:40:02.176+0000] {manager.py:878} INFO - 
================================================================================
DAG File Processing Stats

File Path                            PID    Runtime      # DAGs    # Errors  Last Runtime    Last Run
-----------------------------------  -----  ---------  --------  ----------  --------------  -------------------
/opt/airflow/dags/dbt_finance.py                              1           0  0.16s           2025-11-19T11:39:32
/opt/airflow/dags/data_ingestion.py                           1           0  0.16s           2025-11-19T11:39:32
/opt/airflow/dags/utils/__init__.py                           0           0  0.12s           2025-11-19T11:39:33
================================================================================
[2025-11-19T11:40:32.680+0000] {manager.py:878} INFO - 
================================================================================
DAG File Processing Stats

File Path                            PID    Runtime      # DAGs    # Errors  Last Runtime    Last Run
-----------------------------------  -----  ---------  --------  ----------  --------------  -------------------
/opt/airflow/dags/dbt_finance.py                              1           0  0.63s           2025-11-19T11:40:03
/opt/airflow/dags/data_ingestion.py                           1           0  0.63s           2025-11-19T11:40:03
/opt/airflow/dags/utils/__init__.py                           0           0  0.08s           2025-11-19T11:40:03
================================================================================
[2025-11-19T11:41:02.854+0000] {manager.py:878} INFO - 
================================================================================
DAG File Processing Stats

File Path                            PID    Runtime      # DAGs    # Errors  Last Runtime    Last Run
-----------------------------------  -----  ---------  --------  ----------  --------------  -------------------
/opt/airflow/dags/data_ingestion.py                           1           0  0.28s           2025-11-19T11:41:02
/opt/airflow/dags/dbt_finance.py                              1           0  0.20s           2025-11-19T11:40:34
/opt/airflow/dags/utils/__init__.py                           0           0  0.06s           2025-11-19T11:40:34
================================================================================
[2025-11-19T11:41:33.012+0000] {manager.py:878} INFO - 
================================================================================
DAG File Processing Stats

File Path                              PID  Runtime      # DAGs    # Errors  Last Runtime    Last Run
-----------------------------------  -----  ---------  --------  ----------  --------------  -------------------
/opt/airflow/dags/data_ingestion.py    361  0.01s             1           0  0.28s           2025-11-19T11:41:02
/opt/airflow/dags/dbt_finance.py                              1           0  0.23s           2025-11-19T11:41:04
/opt/airflow/dags/utils/__init__.py                           0           0  0.10s           2025-11-19T11:41:04
================================================================================
[2025-11-19T11:42:03.149+0000] {manager.py:878} INFO - 
================================================================================
DAG File Processing Stats

File Path                            PID    Runtime      # DAGs    # Errors  Last Runtime    Last Run
-----------------------------------  -----  ---------  --------  ----------  --------------  -------------------
/opt/airflow/dags/data_ingestion.py                           1           0  0.16s           2025-11-19T11:41:33
/opt/airflow/dags/dbt_finance.py                              1           0  0.15s           2025-11-19T11:41:35
/opt/airflow/dags/utils/__init__.py                           0           0  0.08s           2025-11-19T11:41:35
================================================================================
[2025-11-19T11:42:20.133+0000] {manager.py:452} INFO - Exiting gracefully upon receiving signal 15
[2025-11-19T11:43:01.774+0000] {manager.py:470} INFO - Processing files using up to 2 processes at a time 
[2025-11-19T11:43:01.776+0000] {manager.py:471} INFO - Process each file at most once every 30 seconds
[2025-11-19T11:43:01.778+0000] {manager.py:472} INFO - Checking for new files in /opt/airflow/dags every 300 seconds
[2025-11-19T11:43:01.782+0000] {manager.py:737} INFO - Searching for files in /opt/airflow/dags
[2025-11-19T11:43:01.813+0000] {manager.py:740} INFO - There are 3 files in /opt/airflow/dags
[2025-11-19T11:43:01.965+0000] {manager.py:878} INFO - 
================================================================================
DAG File Processing Stats

File Path                              PID  Runtime      # DAGs    # Errors  Last Runtime    Last Run
-----------------------------------  -----  ---------  --------  ----------  --------------  ----------
/opt/airflow/dags/data_ingestion.py    181  0.09s             0           0
/opt/airflow/dags/dbt_finance.py       184  0.05s             0           0
/opt/airflow/dags/utils/__init__.py                           0           0
================================================================================
[2025-11-19T11:43:32.370+0000] {manager.py:878} INFO - 
================================================================================
DAG File Processing Stats

File Path                              PID  Runtime      # DAGs    # Errors  Last Runtime    Last Run
-----------------------------------  -----  ---------  --------  ----------  --------------  -------------------
/opt/airflow/dags/data_ingestion.py    207  0.02s             1           0  0.18s           2025-11-19T11:43:02
/opt/airflow/dags/dbt_finance.py       210  0.01s             1           0  0.17s           2025-11-19T11:43:02
/opt/airflow/dags/utils/__init__.py                           0           0  0.05s           2025-11-19T11:43:02
================================================================================
[2025-11-19T11:44:03.082+0000] {manager.py:878} INFO - 
================================================================================
DAG File Processing Stats

File Path                              PID  Runtime      # DAGs    # Errors  Last Runtime    Last Run
-----------------------------------  -----  ---------  --------  ----------  --------------  -------------------
/opt/airflow/dags/dbt_finance.py       225  0.00s             1           0  0.39s           2025-11-19T11:43:32
/opt/airflow/dags/data_ingestion.py    222  0.01s             1           0  0.38s           2025-11-19T11:43:32
/opt/airflow/dags/utils/__init__.py                           0           0  0.06s           2025-11-19T11:43:32
================================================================================
[2025-11-19T11:44:33.844+0000] {manager.py:878} INFO - 
================================================================================
DAG File Processing Stats

File Path                              PID  Runtime      # DAGs    # Errors  Last Runtime    Last Run
-----------------------------------  -----  ---------  --------  ----------  --------------  -------------------
/opt/airflow/dags/dbt_finance.py       251  0.05s             1           0  0.18s           2025-11-19T11:44:03
/opt/airflow/dags/data_ingestion.py    248  0.11s             1           0  0.16s           2025-11-19T11:44:03
/opt/airflow/dags/utils/__init__.py                           0           0  0.08s           2025-11-19T11:44:03
================================================================================
[2025-11-19T11:45:04.278+0000] {manager.py:878} INFO - 
================================================================================
DAG File Processing Stats

File Path                            PID    Runtime      # DAGs    # Errors  Last Runtime    Last Run
-----------------------------------  -----  ---------  --------  ----------  --------------  -------------------
/opt/airflow/dags/data_ingestion.py                           1           0  0.75s           2025-11-19T11:44:34
/opt/airflow/dags/dbt_finance.py                              1           0  0.66s           2025-11-19T11:44:34
/opt/airflow/dags/utils/__init__.py                           0           0  0.09s           2025-11-19T11:44:34
================================================================================
[2025-11-19T11:45:34.795+0000] {manager.py:878} INFO - 
================================================================================
DAG File Processing Stats

File Path                            PID    Runtime      # DAGs    # Errors  Last Runtime    Last Run
-----------------------------------  -----  ---------  --------  ----------  --------------  -------------------
/opt/airflow/dags/data_ingestion.py                           1           0  0.21s           2025-11-19T11:45:05
/opt/airflow/dags/dbt_finance.py                              1           0  0.20s           2025-11-19T11:45:05
/opt/airflow/dags/utils/__init__.py                           0           0  0.05s           2025-11-19T11:45:05
================================================================================
[2025-11-19T11:46:05.374+0000] {manager.py:878} INFO - 
================================================================================
DAG File Processing Stats

File Path                            PID    Runtime      # DAGs    # Errors  Last Runtime    Last Run
-----------------------------------  -----  ---------  --------  ----------  --------------  -------------------
/opt/airflow/dags/dbt_finance.py                              1           0  0.23s           2025-11-19T11:45:36
/opt/airflow/dags/data_ingestion.py                           1           0  0.22s           2025-11-19T11:45:36
/opt/airflow/dags/utils/__init__.py                           0           0  0.08s           2025-11-19T11:45:36
================================================================================
[2025-11-19T11:46:35.839+0000] {manager.py:878} INFO - 
================================================================================
DAG File Processing Stats

File Path                            PID    Runtime      # DAGs    # Errors  Last Runtime    Last Run
-----------------------------------  -----  ---------  --------  ----------  --------------  -------------------
/opt/airflow/dags/data_ingestion.py                           1           0  0.20s           2025-11-19T11:46:06
/opt/airflow/dags/dbt_finance.py                              1           0  0.19s           2025-11-19T11:46:06
/opt/airflow/dags/utils/__init__.py                           0           0  0.05s           2025-11-19T11:46:06
================================================================================
[2025-11-19T11:47:06.436+0000] {manager.py:878} INFO - 
================================================================================
DAG File Processing Stats

File Path                            PID    Runtime      # DAGs    # Errors  Last Runtime    Last Run
-----------------------------------  -----  ---------  --------  ----------  --------------  -------------------
/opt/airflow/dags/dbt_finance.py                              1           0  0.20s           2025-11-19T11:46:37
/opt/airflow/dags/data_ingestion.py                           1           0  0.19s           2025-11-19T11:46:37
/opt/airflow/dags/utils/__init__.py                           0           0  0.06s           2025-11-19T11:46:37
================================================================================
[2025-11-19T11:47:37.000+0000] {manager.py:878} INFO - 
================================================================================
DAG File Processing Stats

File Path                            PID    Runtime      # DAGs    # Errors  Last Runtime    Last Run
-----------------------------------  -----  ---------  --------  ----------  --------------  -------------------
/opt/airflow/dags/data_ingestion.py                           1           0  0.18s           2025-11-19T11:47:07
/opt/airflow/dags/dbt_finance.py                              1           0  0.18s           2025-11-19T11:47:07
/opt/airflow/dags/utils/__init__.py                           0           0  0.05s           2025-11-19T11:47:07
================================================================================
