[2025-11-19T12:20:42.951+0000] {local_task_job_runner.py:120} INFO - ::group::Pre task execution logs
[2025-11-19T12:20:42.993+0000] {taskinstance.py:2076} INFO - Dependencies all met for dep_context=non-requeueable deps ti=<TaskInstance: dbt_finance.dbt_run_finance_marts manual__2025-11-19T12:08:21.354688+00:00 [queued]>
[2025-11-19T12:20:43.006+0000] {taskinstance.py:2076} INFO - Dependencies all met for dep_context=requeueable deps ti=<TaskInstance: dbt_finance.dbt_run_finance_marts manual__2025-11-19T12:08:21.354688+00:00 [queued]>
[2025-11-19T12:20:43.007+0000] {taskinstance.py:2306} INFO - Starting attempt 1 of 2
[2025-11-19T12:20:43.023+0000] {taskinstance.py:2330} INFO - Executing <Task(BashOperator): dbt_run_finance_marts> on 2025-11-19 12:08:21.354688+00:00
[2025-11-19T12:20:43.031+0000] {logging_mixin.py:188} WARNING - /home/***/.local/lib/python3.12/site-packages/***/task/task_runner/standard_task_runner.py:62 DeprecationWarning: This process (pid=351) is multi-threaded, use of fork() may lead to deadlocks in the child.
[2025-11-19T12:20:43.034+0000] {standard_task_runner.py:64} INFO - Started process 352 to run task
[2025-11-19T12:20:43.031+0000] {standard_task_runner.py:90} INFO - Running: ['***', 'tasks', 'run', 'dbt_finance', 'dbt_run_finance_marts', 'manual__2025-11-19T12:08:21.354688+00:00', '--job-id', '36', '--raw', '--subdir', 'DAGS_FOLDER/dbt_finance.py', '--cfg-path', '/tmp/tmpyqw2ec_f']
[2025-11-19T12:20:43.035+0000] {standard_task_runner.py:91} INFO - Job 36: Subtask dbt_run_finance_marts
[2025-11-19T12:20:43.100+0000] {task_command.py:426} INFO - Running <TaskInstance: dbt_finance.dbt_run_finance_marts manual__2025-11-19T12:08:21.354688+00:00 [running]> on host 51d2cd8bcdaf
[2025-11-19T12:20:43.203+0000] {taskinstance.py:2648} INFO - Exporting env vars: AIRFLOW_CTX_DAG_OWNER='tam.dang' AIRFLOW_CTX_DAG_ID='dbt_finance' AIRFLOW_CTX_TASK_ID='dbt_run_finance_marts' AIRFLOW_CTX_EXECUTION_DATE='2025-11-19T12:08:21.354688+00:00' AIRFLOW_CTX_TRY_NUMBER='1' AIRFLOW_CTX_DAG_RUN_ID='manual__2025-11-19T12:08:21.354688+00:00'
[2025-11-19T12:20:43.203+0000] {taskinstance.py:430} INFO - ::endgroup::
[2025-11-19T12:20:43.220+0000] {subprocess.py:63} INFO - Tmp dir root location: /tmp
[2025-11-19T12:20:43.221+0000] {subprocess.py:75} INFO - Running command: ['/usr/bin/bash', '-c', 'cd /opt/*** && dbt run --select finance.marts --target prod']
[2025-11-19T12:20:43.229+0000] {subprocess.py:86} INFO - Output:
[2025-11-19T12:20:46.565+0000] {subprocess.py:93} INFO - [0m12:20:46  Running with dbt=1.7.19
[2025-11-19T12:20:47.813+0000] {subprocess.py:93} INFO - [0m12:20:47  Registered adapter: bigquery=1.7.0
[2025-11-19T12:20:47.921+0000] {subprocess.py:93} INFO - [0m12:20:47  Found 12 models, 18 tests, 3 sources, 0 exposures, 0 metrics, 561 macros, 0 groups, 0 semantic models
[2025-11-19T12:20:47.926+0000] {subprocess.py:93} INFO - [0m12:20:47
[2025-11-19T12:20:54.189+0000] {subprocess.py:93} INFO - [0m12:20:54  Concurrency: 1 threads (target='prod')
[2025-11-19T12:20:54.191+0000] {subprocess.py:93} INFO - [0m12:20:54
[2025-11-19T12:20:54.209+0000] {subprocess.py:93} INFO - [0m12:20:54  1 of 6 START sql table model dwh_prod_mart.dim_currencies ...................... [RUN]
[2025-11-19T12:20:57.638+0000] {subprocess.py:93} INFO - [0m12:20:57  1 of 6 OK created sql table model dwh_prod_mart.dim_currencies ................. [[32mCREATE TABLE (29.0 rows, 10.7 KiB processed)[0m in 3.43s]
[2025-11-19T12:20:57.642+0000] {subprocess.py:93} INFO - [0m12:20:57  2 of 6 START sql table model dwh_prod_mart.dim_date ............................ [RUN]
[2025-11-19T12:21:00.711+0000] {subprocess.py:93} INFO - [0m12:21:00  2 of 6 OK created sql table model dwh_prod_mart.dim_date ....................... [[32mCREATE TABLE (187.0 rows, 7.8 KiB processed)[0m in 3.06s]
[2025-11-19T12:21:00.718+0000] {subprocess.py:93} INFO - [0m12:21:00  3 of 6 START sql table model dwh_prod_mart.dim_users ........................... [RUN]
[2025-11-19T12:21:03.344+0000] {subprocess.py:93} INFO - [0m12:21:03  3 of 6 OK created sql table model dwh_prod_mart.dim_users ...................... [[32mCREATE TABLE (272.0 rows, 22.0 KiB processed)[0m in 2.62s]
[2025-11-19T12:21:03.349+0000] {subprocess.py:93} INFO - [0m12:21:03  4 of 6 START sql table model dwh_prod_mart.fct_transactions .................... [RUN]
[2025-11-19T12:21:06.705+0000] {subprocess.py:93} INFO - [0m12:21:06  4 of 6 OK created sql table model dwh_prod_mart.fct_transactions ............... [[32mCREATE TABLE (93.0 rows, 24.5 KiB processed)[0m in 3.35s]
[2025-11-19T12:21:06.712+0000] {subprocess.py:93} INFO - [0m12:21:06  5 of 6 START sql table model dwh_prod_mart.tb_transactions_by_kyc .............. [RUN]
[2025-11-19T12:21:09.590+0000] {subprocess.py:93} INFO - [0m12:21:09  5 of 6 OK created sql table model dwh_prod_mart.tb_transactions_by_kyc ......... [[32mCREATE TABLE (4.0 rows, 3.9 KiB processed)[0m in 2.87s]
[2025-11-19T12:21:09.595+0000] {subprocess.py:93} INFO - [0m12:21:09  6 of 6 START sql table model dwh_prod_mart.tb_transactions_tracking ............ [RUN]
[2025-11-19T12:21:12.719+0000] {subprocess.py:93} INFO - [0m12:21:12  6 of 6 OK created sql table model dwh_prod_mart.tb_transactions_tracking ....... [[32mCREATE TABLE (58.0 rows, 3.9 KiB processed)[0m in 3.12s]
[2025-11-19T12:21:12.731+0000] {subprocess.py:93} INFO - [0m12:21:12
[2025-11-19T12:21:12.733+0000] {subprocess.py:93} INFO - [0m12:21:12  Finished running 6 table models in 0 hours 0 minutes and 24.80 seconds (24.80s).
[2025-11-19T12:21:12.750+0000] {subprocess.py:93} INFO - [0m12:21:12
[2025-11-19T12:21:12.752+0000] {subprocess.py:93} INFO - [0m12:21:12  [32mCompleted successfully[0m
[2025-11-19T12:21:12.753+0000] {subprocess.py:93} INFO - [0m12:21:12
[2025-11-19T12:21:12.754+0000] {subprocess.py:93} INFO - [0m12:21:12  Done. PASS=6 WARN=0 ERROR=0 SKIP=0 TOTAL=6
[2025-11-19T12:21:14.788+0000] {subprocess.py:97} INFO - Command exited with return code 0
[2025-11-19T12:21:14.790+0000] {taskinstance.py:441} INFO - ::group::Post task execution logs
[2025-11-19T12:21:14.823+0000] {taskinstance.py:1206} INFO - Marking task as SUCCESS. dag_id=dbt_finance, task_id=dbt_run_finance_marts, run_id=manual__2025-11-19T12:08:21.354688+00:00, execution_date=20251119T120821, start_date=20251119T122042, end_date=20251119T122114
[2025-11-19T12:21:14.881+0000] {local_task_job_runner.py:243} INFO - Task exited with return code 0
[2025-11-19T12:21:14.918+0000] {taskinstance.py:3503} INFO - 1 downstream tasks scheduled from follow-on schedule check
[2025-11-19T12:21:14.920+0000] {local_task_job_runner.py:222} INFO - ::endgroup::
